
Log written at : 1/9/2016 3:12:47 PM
Error occured on page : http://localhost:22169/HRMSNet_V2/login.aspx?ReturnUrl=/HRMSNet_V2/default.aspx?

Here is the actual error :
System.Threading.ThreadAbortException: Thread was being aborted.
   at System.Threading.Thread.AbortInternal()
   at System.Threading.Thread.Abort(Object stateInfo)
   at System.Web.HttpResponse.AbortCurrentThread()
   at System.Web.HttpResponse.End()
   at System.Web.HttpResponse.Redirect(String url, Boolean endResponse, Boolean permanent)
   at System.Web.HttpResponse.Redirect(String url)
   at SchoolNet.Login.MemberLogin(Object sender, EventArgs e) in c:\Kesavan\Projects\ARK HRMS\HRMSNet_V2\Login.aspx.cs:line 268
==========================================

Log written at : 1/9/2016 7:28:30 PM
Error occured on page : http://localhost:22169/HRMSNet_V2/login.aspx?ReturnUrl=/HRMSNet_V2/Admin/ManageEmpTA.aspx

Here is the actual error :
System.Threading.ThreadAbortException: Thread was being aborted.
   at System.Threading.Thread.AbortInternal()
   at System.Threading.Thread.Abort(Object stateInfo)
   at System.Web.HttpResponse.AbortCurrentThread()
   at System.Web.HttpResponse.End()
   at System.Web.HttpResponse.Redirect(String url, Boolean endResponse, Boolean permanent)
   at System.Web.HttpResponse.Redirect(String url)
   at SchoolNet.Login.MemberLogin(Object sender, EventArgs e) in c:\Kesavan\Projects\ARK HRMS\HRMSNet_V2\Login.aspx.cs:line 268
==========================================

Log written at : 1/9/2016 7:49:28 PM
Error occured on page : http://localhost:22169/HRMSNet_V2/login.aspx

Here is the actual error :
System.Threading.ThreadAbortException: Thread was being aborted.
   at System.Threading.Thread.AbortInternal()
   at System.Threading.Thread.Abort(Object stateInfo)
   at System.Web.HttpResponse.AbortCurrentThread()
   at System.Web.HttpResponse.End()
   at System.Web.HttpResponse.Redirect(String url, Boolean endResponse, Boolean permanent)
   at System.Web.HttpResponse.Redirect(String url)
   at SchoolNet.Login.MemberLogin(Object sender, EventArgs e) in c:\Kesavan\Projects\ARK HRMS\HRMSNet_V2\Login.aspx.cs:line 268
==========================================
