
Log written at : 1/13/2016 10:40:15 AM
Error occured on page : http://localhost:10683/HRMSNet_V2/login.aspx?ReturnUrl=/HRMSNet_V2/default.aspx?

Here is the actual error :
System.Threading.ThreadAbortException: Thread was being aborted.
   at System.Threading.Thread.AbortInternal()
   at System.Threading.Thread.Abort(Object stateInfo)
   at System.Web.HttpResponse.AbortCurrentThread()
   at System.Web.HttpResponse.End()
   at System.Web.HttpResponse.Redirect(String url, Boolean endResponse, Boolean permanent)
   at System.Web.HttpResponse.Redirect(String url)
   at SchoolNet.Login.MemberLogin(Object sender, EventArgs e) in c:\Kesavan\Projects\ARK HRMS\HRMSNet_V2\Login.aspx.cs:line 268
==========================================

Log written at : 1/13/2016 11:50:25 AM
Error occured on page : http://localhost:10683/HRMSNet_V2/login.aspx?ReturnUrl=/HRMSNet_V2/default.aspx?

Here is the actual error :
System.Threading.ThreadAbortException: Thread was being aborted.
   at System.Threading.Thread.AbortInternal()
   at System.Threading.Thread.Abort(Object stateInfo)
   at System.Web.HttpResponse.AbortCurrentThread()
   at System.Web.HttpResponse.End()
   at System.Web.HttpResponse.Redirect(String url, Boolean endResponse, Boolean permanent)
   at System.Web.HttpResponse.Redirect(String url)
   at SchoolNet.Login.MemberLogin(Object sender, EventArgs e) in c:\Kesavan\Projects\ARK HRMS\HRMSNet_V2\Login.aspx.cs:line 268
==========================================

Log written at : 1/13/2016 12:53:01 PM
Error occured on page : http://localhost:10683/HRMSNet_V2/admin/ManageEmployee.aspx

Here is the actual error :
System.IndexOutOfRangeException: There is no row at position 0.
   at System.Data.RBTree`1.GetNodeByIndex(Int32 userIndex)
   at System.Data.DataRowCollection.get_Item(Int32 index)
   at SchoolNet.ManageEmployee.LoadEmployeeInformation(Int32 EmpId) in c:\Kesavan\Projects\ARK HRMS\HRMSNet_V2\Admin\ManageEmployee.aspx.cs:line 1469
==========================================

Log written at : 1/13/2016 12:56:24 PM
Error occured on page : http://localhost:10683/HRMSNet_V2/admin/ManageEmployee.aspx

Here is the actual error :
System.IndexOutOfRangeException: There is no row at position 0.
   at System.Data.RBTree`1.GetNodeByIndex(Int32 userIndex)
   at System.Data.DataRowCollection.get_Item(Int32 index)
   at SchoolNet.ManageEmployee.LoadEmployeeInformation(Int32 EmpId) in c:\Kesavan\Projects\ARK HRMS\HRMSNet_V2\Admin\ManageEmployee.aspx.cs:line 1469
==========================================

Log written at : 1/13/2016 12:56:55 PM
Error occured on page : http://localhost:10683/HRMSNet_V2/admin/ManageEmployee.aspx

Here is the actual error :
System.IndexOutOfRangeException: There is no row at position 0.
   at System.Data.RBTree`1.GetNodeByIndex(Int32 userIndex)
   at System.Data.DataRowCollection.get_Item(Int32 index)
   at SchoolNet.ManageEmployee.LoadEmployeeInformation(Int32 EmpId) in c:\Kesavan\Projects\ARK HRMS\HRMSNet_V2\Admin\ManageEmployee.aspx.cs:line 1469
==========================================

Log written at : 1/13/2016 12:57:39 PM
Error occured on page : http://localhost:10683/HRMSNet_V2/admin/ManageEmployee.aspx

Here is the actual error :
System.Web.HttpException (0x80004005): DataBinding: 'System.Data.DataRowView' does not contain a property with the name 'EContactID'.
   at System.Web.UI.DataBinder.GetPropertyValue(Object container, String propName)
   at System.Web.UI.WebControls.DataGrid.CreateControlHierarchy(Boolean useDataSource)
   at System.Web.UI.WebControls.BaseDataList.OnDataBinding(EventArgs e)
   at System.Web.UI.WebControls.BaseDataList.DataBind()
   at SchoolNet.ManageEmployee.LoadEmployeeInformation(Int32 EmpId) in c:\Kesavan\Projects\ARK HRMS\HRMSNet_V2\Admin\ManageEmployee.aspx.cs:line 1500
==========================================

Log written at : 1/13/2016 1:27:32 PM
Error occured on page : http://localhost:10683/HRMSNet_V2/admin/ManageEmployee.aspx

Here is the actual error :
System.Web.HttpException (0x80004005): DataBinding: 'System.Data.DataRowView' does not contain a property with the name 'EContactID'.
   at System.Web.UI.DataBinder.GetPropertyValue(Object container, String propName)
   at System.Web.UI.WebControls.DataGrid.CreateControlHierarchy(Boolean useDataSource)
   at System.Web.UI.WebControls.BaseDataList.OnDataBinding(EventArgs e)
   at System.Web.UI.WebControls.BaseDataList.DataBind()
   at SchoolNet.ManageEmployee.LoadEmployeeInformation(Int32 EmpId) in c:\Kesavan\Projects\ARK HRMS\HRMSNet_V2\Admin\ManageEmployee.aspx.cs:line 1500
==========================================

Log written at : 1/13/2016 3:53:36 PM
Error occured on page : http://localhost:10683/HRMSNet_V2/login.aspx?ReturnUrl=/HRMSNet_V2/admin/ManageLeaveEntitlement.aspx

Here is the actual error :
System.Threading.ThreadAbortException: Thread was being aborted.
   at System.Threading.Thread.AbortInternal()
   at System.Threading.Thread.Abort(Object stateInfo)
   at System.Web.HttpResponse.AbortCurrentThread()
   at System.Web.HttpResponse.End()
   at System.Web.HttpResponse.Redirect(String url, Boolean endResponse, Boolean permanent)
   at System.Web.HttpResponse.Redirect(String url)
   at SchoolNet.Login.MemberLogin(Object sender, EventArgs e) in c:\Kesavan\Projects\ARK HRMS\HRMSNet_V2\Login.aspx.cs:line 268
==========================================

Log written at : 1/13/2016 4:02:41 PM
Error occured on page : http://localhost:10683/HRMSNet_V2/login.aspx

Here is the actual error :
System.Threading.ThreadAbortException: Thread was being aborted.
   at System.Threading.Thread.AbortInternal()
   at System.Threading.Thread.Abort(Object stateInfo)
   at System.Web.HttpResponse.AbortCurrentThread()
   at System.Web.HttpResponse.End()
   at System.Web.HttpResponse.Redirect(String url, Boolean endResponse, Boolean permanent)
   at System.Web.HttpResponse.Redirect(String url)
   at SchoolNet.Login.MemberLogin(Object sender, EventArgs e) in c:\Kesavan\Projects\ARK HRMS\HRMSNet_V2\Login.aspx.cs:line 268
==========================================

Log written at : 1/13/2016 4:04:12 PM
Error occured on page : http://localhost:10683/HRMSNet_V2/login.aspx

Here is the actual error :
System.Threading.ThreadAbortException: Thread was being aborted.
   at System.Threading.Thread.AbortInternal()
   at System.Threading.Thread.Abort(Object stateInfo)
   at System.Web.HttpResponse.AbortCurrentThread()
   at System.Web.HttpResponse.End()
   at System.Web.HttpResponse.Redirect(String url, Boolean endResponse, Boolean permanent)
   at System.Web.HttpResponse.Redirect(String url)
   at SchoolNet.Login.MemberLogin(Object sender, EventArgs e) in c:\Kesavan\Projects\ARK HRMS\HRMSNet_V2\Login.aspx.cs:line 268
==========================================

Log written at : 1/13/2016 4:08:08 PM
Error occured on page : http://localhost:10683/HRMSNet_V2/Common/ManageRequests.aspx

Here is the actual error :
System.Net.Mail.SmtpException: Failure sending mail. ---> System.Net.WebException: The remote name could not be resolved: 'smtpout21.emea.aon.bz'
   at System.Net.ServicePoint.GetConnection(PooledStream PooledStream, Object owner, Boolean async, IPAddress& address, Socket& abortSocket, Socket& abortSocket6)
   at System.Net.PooledStream.Activate(Object owningObject, Boolean async, GeneralAsyncDelegate asyncCallback)
   at System.Net.PooledStream.Activate(Object owningObject, GeneralAsyncDelegate asyncCallback)
   at System.Net.ConnectionPool.GetConnection(Object owningObject, GeneralAsyncDelegate asyncCallback, Int32 creationTimeout)
   at System.Net.Mail.SmtpConnection.GetConnection(ServicePoint servicePoint)
   at System.Net.Mail.SmtpTransport.GetConnection(ServicePoint servicePoint)
   at System.Net.Mail.SmtpClient.GetConnection()
   at System.Net.Mail.SmtpClient.Send(MailMessage message)
   --- End of inner exception stack trace ---
   at System.Net.Mail.SmtpClient.Send(MailMessage message)
   at SchoolNet.ManageRequests.EmailNotification_Requests(String HRAdminName, String HRAdminEmail, String LineManagerName, String LineManagerEmail, String FinanceHeadName, String FinanceHeadEmail, String DeptHeadName, String DeptHeadEmail, String ITHeadName, String ITHeadEmail, String EmpName, String EmpEmail, String RequestTypeName, String NewHireName, String NewHireDate, String NewHireDivision, String NewHireDept, String NewHireLocation, String Note, String StatusName) in c:\Kesavan\Projects\ARK HRMS\HRMSNet_V2\Common\ManageRequests.aspx.cs:line 277
==========================================

Log written at : 1/13/2016 4:08:39 PM
Error occured on page : http://localhost:10683/HRMSNet_V2/Common/ManageRequests.aspx

Here is the actual error :
System.Net.Mail.SmtpException: Failure sending mail. ---> System.Net.WebException: The remote name could not be resolved: 'smtpout21.emea.aon.bz'
   at System.Net.ServicePoint.GetConnection(PooledStream PooledStream, Object owner, Boolean async, IPAddress& address, Socket& abortSocket, Socket& abortSocket6)
   at System.Net.PooledStream.Activate(Object owningObject, Boolean async, GeneralAsyncDelegate asyncCallback)
   at System.Net.PooledStream.Activate(Object owningObject, GeneralAsyncDelegate asyncCallback)
   at System.Net.ConnectionPool.GetConnection(Object owningObject, GeneralAsyncDelegate asyncCallback, Int32 creationTimeout)
   at System.Net.Mail.SmtpConnection.GetConnection(ServicePoint servicePoint)
   at System.Net.Mail.SmtpTransport.GetConnection(ServicePoint servicePoint)
   at System.Net.Mail.SmtpClient.GetConnection()
   at System.Net.Mail.SmtpClient.Send(MailMessage message)
   --- End of inner exception stack trace ---
   at System.Net.Mail.SmtpClient.Send(MailMessage message)
   at SchoolNet.ManageRequests.EmailNotification_Requests(String HRAdminName, String HRAdminEmail, String LineManagerName, String LineManagerEmail, String FinanceHeadName, String FinanceHeadEmail, String DeptHeadName, String DeptHeadEmail, String ITHeadName, String ITHeadEmail, String EmpName, String EmpEmail, String RequestTypeName, String NewHireName, String NewHireDate, String NewHireDivision, String NewHireDept, String NewHireLocation, String Note, String StatusName) in c:\Kesavan\Projects\ARK HRMS\HRMSNet_V2\Common\ManageRequests.aspx.cs:line 277
==========================================

Log written at : 1/13/2016 4:10:21 PM
Error occured on page : http://localhost:10683/HRMSNet_V2/Admin/MissingBenefitData.aspx

Here is the actual error :
System.Threading.ThreadAbortException: Thread was being aborted.
   at System.Threading.Thread.AbortInternal()
   at System.Threading.Thread.Abort(Object stateInfo)
   at System.Web.HttpResponse.AbortCurrentThread()
   at System.Web.HttpResponse.End()
   at SchoolNet.MissingBenefitData.ExportToExcel(DataTable dt) in c:\Kesavan\Projects\ARK HRMS\HRMSNet_V2\Admin\MissingBenefitData.aspx.cs:line 160
   at SchoolNet.MissingBenefitData.GetMissingDataType() in c:\Kesavan\Projects\ARK HRMS\HRMSNet_V2\Admin\MissingBenefitData.aspx.cs:line 76
==========================================

Log written at : 1/13/2016 4:11:11 PM
Error occured on page : http://localhost:10683/HRMSNet_V2/admin/EmployeeDataExport.aspx

Here is the actual error :
System.Threading.ThreadAbortException: Thread was being aborted.
   at System.Threading.Thread.AbortInternal()
   at System.Threading.Thread.Abort(Object stateInfo)
   at System.Web.HttpResponse.AbortCurrentThread()
   at System.Web.HttpResponse.End()
   at SchoolNet.EmployeeDataExport.ExportToExcel(DataTable dt)
   at SchoolNet.EmployeeDataExport.GetEmployeeMainData(Int32 DivisionID, Int32 DivisionLocationID, String OfficeBranch, Int32 RequestingEmpId)
==========================================

Log written at : 1/13/2016 4:22:30 PM
Error occured on page : http://localhost:10683/HRMSNet_V2/admin/EmployeeDataExport.aspx

Here is the actual error :
System.Threading.ThreadAbortException: Thread was being aborted.
   at System.Threading.Thread.AbortInternal()
   at System.Threading.Thread.Abort(Object stateInfo)
   at System.Web.HttpResponse.AbortCurrentThread()
   at System.Web.HttpResponse.End()
   at SchoolNet.EmployeeDataExport.ExportToExcel(DataTable dt)
   at SchoolNet.EmployeeDataExport.GetEmployeeMainData(Int32 DivisionID, Int32 DivisionLocationID, String OfficeBranch, Int32 RequestingEmpId)
==========================================

Log written at : 1/13/2016 4:30:08 PM
Error occured on page : http://localhost:10683/HRMSNet_V2/login.aspx

Here is the actual error :
System.Threading.ThreadAbortException: Thread was being aborted.
   at System.Threading.Thread.AbortInternal()
   at System.Threading.Thread.Abort(Object stateInfo)
   at System.Web.HttpResponse.AbortCurrentThread()
   at System.Web.HttpResponse.End()
   at System.Web.HttpResponse.Redirect(String url, Boolean endResponse, Boolean permanent)
   at System.Web.HttpResponse.Redirect(String url)
   at SchoolNet.Login.MemberLogin(Object sender, EventArgs e) in c:\Kesavan\Projects\ARK HRMS\HRMSNet_V2\Login.aspx.cs:line 268
==========================================

Log written at : 1/13/2016 4:32:14 PM
Error occured on page : http://localhost:10683/HRMSNet_V2/Common/LeaveRequest.aspx

Here is the actual error :
System.Net.Mail.SmtpException: Failure sending mail. ---> System.Net.WebException: The remote name could not be resolved: 'smtpout21.emea.aon.bz'
   at System.Net.ServicePoint.GetConnection(PooledStream PooledStream, Object owner, Boolean async, IPAddress& address, Socket& abortSocket, Socket& abortSocket6)
   at System.Net.PooledStream.Activate(Object owningObject, Boolean async, GeneralAsyncDelegate asyncCallback)
   at System.Net.PooledStream.Activate(Object owningObject, GeneralAsyncDelegate asyncCallback)
   at System.Net.ConnectionPool.GetConnection(Object owningObject, GeneralAsyncDelegate asyncCallback, Int32 creationTimeout)
   at System.Net.Mail.SmtpConnection.GetConnection(ServicePoint servicePoint)
   at System.Net.Mail.SmtpTransport.GetConnection(ServicePoint servicePoint)
   at System.Net.Mail.SmtpClient.GetConnection()
   at System.Net.Mail.SmtpClient.Send(MailMessage message)
   --- End of inner exception stack trace ---
   at System.Net.Mail.SmtpClient.Send(MailMessage message)
   at SchoolNet.LeaveRequest.NotifyApproversViaEmail(String EmpName, String EmpEmail, String LeaveStartDate, String LeaveEndDate, String LeaveType, String LineManagerName, String LineManagerEmail, String DeptHeadName, String DeptHeadEmail, String HRAdminName, String HRAdminEmail) in c:\Kesavan\Projects\ARK HRMS\HRMSNet_V2\Common\LeaveRequest.aspx.cs:line 204
==========================================

Log written at : 1/13/2016 4:36:18 PM
Error occured on page : http://localhost:10683/HRMSNet_V2/Common/ManageRequests.aspx

Here is the actual error :
System.Net.Mail.SmtpException: Failure sending mail. ---> System.Net.WebException: The remote name could not be resolved: 'smtpout21.emea.aon.bz'
   at System.Net.ServicePoint.GetConnection(PooledStream PooledStream, Object owner, Boolean async, IPAddress& address, Socket& abortSocket, Socket& abortSocket6)
   at System.Net.PooledStream.Activate(Object owningObject, Boolean async, GeneralAsyncDelegate asyncCallback)
   at System.Net.PooledStream.Activate(Object owningObject, GeneralAsyncDelegate asyncCallback)
   at System.Net.ConnectionPool.GetConnection(Object owningObject, GeneralAsyncDelegate asyncCallback, Int32 creationTimeout)
   at System.Net.Mail.SmtpConnection.GetConnection(ServicePoint servicePoint)
   at System.Net.Mail.SmtpTransport.GetConnection(ServicePoint servicePoint)
   at System.Net.Mail.SmtpClient.GetConnection()
   at System.Net.Mail.SmtpClient.Send(MailMessage message)
   --- End of inner exception stack trace ---
   at System.Net.Mail.SmtpClient.Send(MailMessage message)
   at SchoolNet.ManageRequests.EmailNotification_Requests(String HRAdminName, String HRAdminEmail, String LineManagerName, String LineManagerEmail, String FinanceHeadName, String FinanceHeadEmail, String DeptHeadName, String DeptHeadEmail, String ITHeadName, String ITHeadEmail, String EmpName, String EmpEmail, String RequestTypeName, String NewHireName, String NewHireDate, String NewHireDivision, String NewHireDept, String NewHireLocation, String Note, String StatusName) in c:\Kesavan\Projects\ARK HRMS\HRMSNet_V2\Common\ManageRequests.aspx.cs:line 277
==========================================

Log written at : 1/13/2016 4:50:14 PM
Error occured on page : http://localhost:10683/HRMSNet_V2/login.aspx

Here is the actual error :
System.Threading.ThreadAbortException: Thread was being aborted.
   at System.Threading.Thread.AbortInternal()
   at System.Threading.Thread.Abort(Object stateInfo)
   at System.Web.HttpResponse.AbortCurrentThread()
   at System.Web.HttpResponse.End()
   at System.Web.HttpResponse.Redirect(String url, Boolean endResponse, Boolean permanent)
   at System.Web.HttpResponse.Redirect(String url)
   at SchoolNet.Login.MemberLogin(Object sender, EventArgs e) in c:\Kesavan\Projects\ARK HRMS\HRMSNet_V2\Login.aspx.cs:line 268
==========================================

Log written at : 1/13/2016 4:52:50 PM
Error occured on page : http://localhost:10683/HRMSNet_V2/Supervisor/PendingLeaveRequests.aspx

Here is the actual error :
System.Net.Mail.SmtpException: Failure sending mail. ---> System.Net.WebException: The remote name could not be resolved: 'smtpout21.emea.aon.bz'
   at System.Net.ServicePoint.GetConnection(PooledStream PooledStream, Object owner, Boolean async, IPAddress& address, Socket& abortSocket, Socket& abortSocket6)
   at System.Net.PooledStream.Activate(Object owningObject, Boolean async, GeneralAsyncDelegate asyncCallback)
   at System.Net.PooledStream.Activate(Object owningObject, GeneralAsyncDelegate asyncCallback)
   at System.Net.ConnectionPool.GetConnection(Object owningObject, GeneralAsyncDelegate asyncCallback, Int32 creationTimeout)
   at System.Net.Mail.SmtpConnection.GetConnection(ServicePoint servicePoint)
   at System.Net.Mail.SmtpTransport.GetConnection(ServicePoint servicePoint)
   at System.Net.Mail.SmtpClient.GetConnection()
   at System.Net.Mail.SmtpClient.Send(MailMessage message)
   --- End of inner exception stack trace ---
   at System.Net.Mail.SmtpClient.Send(MailMessage message)
   at SchoolNet.PendingLeaveRequests.LeaveRequestApproval_Notification(String EmpName, String EmpEmail, String LeaveStartDate, String LeaveEndDate, String LeaveType, String StatusName, String LineManagerName, String LineManagerEmail) in c:\Kesavan\Projects\ARK HRMS\HRMSNet_V2\Supervisor\PendingLeaveRequests.aspx.cs:line 187
==========================================

Log written at : 1/13/2016 4:57:36 PM
Error occured on page : http://localhost:10683/HRMSNet_V2/login.aspx

Here is the actual error :
System.Threading.ThreadAbortException: Thread was being aborted.
   at System.Threading.Thread.AbortInternal()
   at System.Threading.Thread.Abort(Object stateInfo)
   at System.Web.HttpResponse.AbortCurrentThread()
   at System.Web.HttpResponse.End()
   at System.Web.HttpResponse.Redirect(String url, Boolean endResponse, Boolean permanent)
   at System.Web.HttpResponse.Redirect(String url)
   at SchoolNet.Login.MemberLogin(Object sender, EventArgs e) in c:\Kesavan\Projects\ARK HRMS\HRMSNet_V2\Login.aspx.cs:line 268
==========================================
