
Log written at : 7/16/2015 11:32:54 AM
Error occured on page : http://localhost:56141/HRMSNet_Dev/login.aspx?ReturnUrl=/HRMSNet_Dev/default.aspx?

Here is the actual error :
System.Threading.ThreadAbortException: Thread was being aborted.
   at System.Threading.Thread.AbortInternal()
   at System.Threading.Thread.Abort(Object stateInfo)
   at System.Web.HttpResponse.AbortCurrentThread()
   at System.Web.HttpResponse.End()
   at System.Web.HttpResponse.Redirect(String url, Boolean endResponse, Boolean permanent)
   at System.Web.HttpResponse.Redirect(String url)
   at SchoolNet.Login.MemberLogin(Object sender, EventArgs e) in c:\Kesavan\Projects\ARK HRMS\HRMSNet_Dev\Login.aspx.cs:line 268
==========================================

Log written at : 7/16/2015 12:05:36 PM
Error occured on page : http://localhost:56141/HRMSNet_Dev/login.aspx

Here is the actual error :
System.Threading.ThreadAbortException: Thread was being aborted.
   at System.Threading.Thread.AbortInternal()
   at System.Threading.Thread.Abort(Object stateInfo)
   at System.Web.HttpResponse.AbortCurrentThread()
   at System.Web.HttpResponse.End()
   at System.Web.HttpResponse.Redirect(String url, Boolean endResponse, Boolean permanent)
   at System.Web.HttpResponse.Redirect(String url)
   at SchoolNet.Login.MemberLogin(Object sender, EventArgs e) in c:\Kesavan\Projects\ARK HRMS\HRMSNet_Dev\Login.aspx.cs:line 268
==========================================

Log written at : 7/16/2015 12:06:45 PM
Error occured on page : http://localhost:56141/HRMSNet_Dev/Common/LeaveRequest.aspx

Here is the actual error :
System.Net.Mail.SmtpException: Failure sending mail. ---> System.Net.WebException: The remote name could not be resolved: 'smtpout21.emea.aon.bz'
   at System.Net.ServicePoint.GetConnection(PooledStream PooledStream, Object owner, Boolean async, IPAddress& address, Socket& abortSocket, Socket& abortSocket6)
   at System.Net.PooledStream.Activate(Object owningObject, Boolean async, GeneralAsyncDelegate asyncCallback)
   at System.Net.PooledStream.Activate(Object owningObject, GeneralAsyncDelegate asyncCallback)
   at System.Net.ConnectionPool.GetConnection(Object owningObject, GeneralAsyncDelegate asyncCallback, Int32 creationTimeout)
   at System.Net.Mail.SmtpConnection.GetConnection(ServicePoint servicePoint)
   at System.Net.Mail.SmtpTransport.GetConnection(ServicePoint servicePoint)
   at System.Net.Mail.SmtpClient.GetConnection()
   at System.Net.Mail.SmtpClient.Send(MailMessage message)
   --- End of inner exception stack trace ---
   at System.Net.Mail.SmtpClient.Send(MailMessage message)
   at SchoolNet.LeaveRequest.NotifyApproversViaEmail(String EmpName, String EmpEmail, String LeaveStartDate, String LeaveEndDate, String LeaveType, String LineManagerName, String LineManagerEmail, String DeptHeadName, String DeptHeadEmail, String HRAdminName, String HRAdminEmail) in c:\Kesavan\Projects\ARK HRMS\HRMSNet_Dev\Common\LeaveRequest.aspx.cs:line 204
==========================================

Log written at : 7/16/2015 12:08:12 PM
Error occured on page : http://localhost:56141/HRMSNet_Dev/login.aspx

Here is the actual error :
System.Threading.ThreadAbortException: Thread was being aborted.
   at System.Threading.Thread.AbortInternal()
   at System.Threading.Thread.Abort(Object stateInfo)
   at System.Web.HttpResponse.AbortCurrentThread()
   at System.Web.HttpResponse.End()
   at System.Web.HttpResponse.Redirect(String url, Boolean endResponse, Boolean permanent)
   at System.Web.HttpResponse.Redirect(String url)
   at SchoolNet.Login.MemberLogin(Object sender, EventArgs e) in c:\Kesavan\Projects\ARK HRMS\HRMSNet_Dev\Login.aspx.cs:line 268
==========================================

Log written at : 7/16/2015 12:09:31 PM
Error occured on page : http://localhost:56141/HRMSNet_Dev/login.aspx

Here is the actual error :
System.Threading.ThreadAbortException: Thread was being aborted.
   at System.Threading.Thread.AbortInternal()
   at System.Threading.Thread.Abort(Object stateInfo)
   at System.Web.HttpResponse.AbortCurrentThread()
   at System.Web.HttpResponse.End()
   at System.Web.HttpResponse.Redirect(String url, Boolean endResponse, Boolean permanent)
   at System.Web.HttpResponse.Redirect(String url)
   at SchoolNet.Login.MemberLogin(Object sender, EventArgs e) in c:\Kesavan\Projects\ARK HRMS\HRMSNet_Dev\Login.aspx.cs:line 268
==========================================

Log written at : 7/16/2015 12:09:46 PM
Error occured on page : http://localhost:56141/HRMSNet_Dev/login.aspx

Here is the actual error :
System.Threading.ThreadAbortException: Thread was being aborted.
   at System.Threading.Thread.AbortInternal()
   at System.Threading.Thread.Abort(Object stateInfo)
   at System.Web.HttpResponse.AbortCurrentThread()
   at System.Web.HttpResponse.End()
   at System.Web.HttpResponse.Redirect(String url, Boolean endResponse, Boolean permanent)
   at System.Web.HttpResponse.Redirect(String url)
   at SchoolNet.Login.MemberLogin(Object sender, EventArgs e) in c:\Kesavan\Projects\ARK HRMS\HRMSNet_Dev\Login.aspx.cs:line 268
==========================================

Log written at : 7/16/2015 12:11:47 PM
Error occured on page : http://localhost:56141/HRMSNet_Dev/login.aspx

Here is the actual error :
System.Threading.ThreadAbortException: Thread was being aborted.
   at System.Threading.Thread.AbortInternal()
   at System.Threading.Thread.Abort(Object stateInfo)
   at System.Web.HttpResponse.AbortCurrentThread()
   at System.Web.HttpResponse.End()
   at System.Web.HttpResponse.Redirect(String url, Boolean endResponse, Boolean permanent)
   at System.Web.HttpResponse.Redirect(String url)
   at SchoolNet.Login.MemberLogin(Object sender, EventArgs e) in c:\Kesavan\Projects\ARK HRMS\HRMSNet_Dev\Login.aspx.cs:line 268
==========================================

Log written at : 7/16/2015 12:16:18 PM
Error occured on page : http://localhost:56141/HRMSNet_Dev/login.aspx

Here is the actual error :
System.Threading.ThreadAbortException: Thread was being aborted.
   at System.Threading.Thread.AbortInternal()
   at System.Threading.Thread.Abort(Object stateInfo)
   at System.Web.HttpResponse.AbortCurrentThread()
   at System.Web.HttpResponse.End()
   at System.Web.HttpResponse.Redirect(String url, Boolean endResponse, Boolean permanent)
   at System.Web.HttpResponse.Redirect(String url)
   at SchoolNet.Login.MemberLogin(Object sender, EventArgs e) in c:\Kesavan\Projects\ARK HRMS\HRMSNet_Dev\Login.aspx.cs:line 268
==========================================

Log written at : 7/16/2015 12:17:01 PM
Error occured on page : http://localhost:56141/HRMSNet_Dev/Common/LeaveRequest.aspx

Here is the actual error :
System.Net.Mail.SmtpException: Failure sending mail. ---> System.Net.WebException: The remote name could not be resolved: 'smtpout21.emea.aon.bz'
   at System.Net.ServicePoint.GetConnection(PooledStream PooledStream, Object owner, Boolean async, IPAddress& address, Socket& abortSocket, Socket& abortSocket6)
   at System.Net.PooledStream.Activate(Object owningObject, Boolean async, GeneralAsyncDelegate asyncCallback)
   at System.Net.PooledStream.Activate(Object owningObject, GeneralAsyncDelegate asyncCallback)
   at System.Net.ConnectionPool.GetConnection(Object owningObject, GeneralAsyncDelegate asyncCallback, Int32 creationTimeout)
   at System.Net.Mail.SmtpConnection.GetConnection(ServicePoint servicePoint)
   at System.Net.Mail.SmtpTransport.GetConnection(ServicePoint servicePoint)
   at System.Net.Mail.SmtpClient.GetConnection()
   at System.Net.Mail.SmtpClient.Send(MailMessage message)
   --- End of inner exception stack trace ---
   at System.Net.Mail.SmtpClient.Send(MailMessage message)
   at SchoolNet.LeaveRequest.NotifyApproversViaEmail(String EmpName, String EmpEmail, String LeaveStartDate, String LeaveEndDate, String LeaveType, String LineManagerName, String LineManagerEmail, String DeptHeadName, String DeptHeadEmail, String HRAdminName, String HRAdminEmail) in c:\Kesavan\Projects\ARK HRMS\HRMSNet_Dev\Common\LeaveRequest.aspx.cs:line 204
==========================================

Log written at : 7/16/2015 12:17:17 PM
Error occured on page : http://localhost:56141/HRMSNet_Dev/login.aspx

Here is the actual error :
System.Threading.ThreadAbortException: Thread was being aborted.
   at System.Threading.Thread.AbortInternal()
   at System.Threading.Thread.Abort(Object stateInfo)
   at System.Web.HttpResponse.AbortCurrentThread()
   at System.Web.HttpResponse.End()
   at System.Web.HttpResponse.Redirect(String url, Boolean endResponse, Boolean permanent)
   at System.Web.HttpResponse.Redirect(String url)
   at SchoolNet.Login.MemberLogin(Object sender, EventArgs e) in c:\Kesavan\Projects\ARK HRMS\HRMSNet_Dev\Login.aspx.cs:line 268
==========================================

Log written at : 7/16/2015 1:50:23 PM
Error occured on page : http://localhost:56141/HRMSNet_Dev/Supervisor/PendingLeaveRequests.aspx

Here is the actual error :
System.Net.Mail.SmtpException: Failure sending mail. ---> System.Net.WebException: The remote name could not be resolved: 'smtpout21.emea.aon.bz'
   at System.Net.ServicePoint.GetConnection(PooledStream PooledStream, Object owner, Boolean async, IPAddress& address, Socket& abortSocket, Socket& abortSocket6)
   at System.Net.PooledStream.Activate(Object owningObject, Boolean async, GeneralAsyncDelegate asyncCallback)
   at System.Net.PooledStream.Activate(Object owningObject, GeneralAsyncDelegate asyncCallback)
   at System.Net.ConnectionPool.GetConnection(Object owningObject, GeneralAsyncDelegate asyncCallback, Int32 creationTimeout)
   at System.Net.Mail.SmtpConnection.GetConnection(ServicePoint servicePoint)
   at System.Net.Mail.SmtpTransport.GetConnection(ServicePoint servicePoint)
   at System.Net.Mail.SmtpClient.GetConnection()
   at System.Net.Mail.SmtpClient.Send(MailMessage message)
   --- End of inner exception stack trace ---
   at System.Net.Mail.SmtpClient.Send(MailMessage message)
   at SchoolNet.PendingLeaveRequests.LeaveRequestApproval_Notification(String EmpName, String EmpEmail, String LeaveStartDate, String LeaveEndDate, String LeaveType, String StatusName, String LineManagerName, String LineManagerEmail) in c:\Kesavan\Projects\ARK HRMS\HRMSNet_Dev\Supervisor\PendingLeaveRequests.aspx.cs:line 187
==========================================
