
Log written at : 7/20/2015 11:12:25 AM
Error occured on page : http://localhost:56141/HRMSNet_Dev/login.aspx?ReturnUrl=/HRMSNet_Dev/default.aspx?

Here is the actual error :
System.Threading.ThreadAbortException: Thread was being aborted.
   at System.Threading.Thread.AbortInternal()
   at System.Threading.Thread.Abort(Object stateInfo)
   at System.Web.HttpResponse.AbortCurrentThread()
   at System.Web.HttpResponse.End()
   at System.Web.HttpResponse.Redirect(String url, Boolean endResponse, Boolean permanent)
   at System.Web.HttpResponse.Redirect(String url)
   at SchoolNet.Login.MemberLogin(Object sender, EventArgs e) in c:\Kesavan\Projects\ARK HRMS\HRMSNet_Dev\Login.aspx.cs:line 268
==========================================

Log written at : 7/20/2015 11:34:55 AM
Error occured on page : http://localhost:56141/HRMSNet_Dev/login.aspx?ReturnUrl=/HRMSNet_Dev/Payroll/ProcessMonthlyPayroll.aspx

Here is the actual error :
System.Threading.ThreadAbortException: Thread was being aborted.
   at System.Threading.Thread.AbortInternal()
   at System.Threading.Thread.Abort(Object stateInfo)
   at System.Web.HttpResponse.AbortCurrentThread()
   at System.Web.HttpResponse.End()
   at System.Web.HttpResponse.Redirect(String url, Boolean endResponse, Boolean permanent)
   at System.Web.HttpResponse.Redirect(String url)
   at SchoolNet.Login.MemberLogin(Object sender, EventArgs e) in c:\Kesavan\Projects\ARK HRMS\HRMSNet_Dev\Login.aspx.cs:line 268
==========================================

Log written at : 7/20/2015 11:35:40 AM
Error occured on page : http://localhost:56141/HRMSNet_Dev/login.aspx

Here is the actual error :
System.Threading.ThreadAbortException: Thread was being aborted.
   at System.Threading.Thread.AbortInternal()
   at System.Threading.Thread.Abort(Object stateInfo)
   at System.Web.HttpResponse.AbortCurrentThread()
   at System.Web.HttpResponse.End()
   at System.Web.HttpResponse.Redirect(String url, Boolean endResponse, Boolean permanent)
   at System.Web.HttpResponse.Redirect(String url)
   at SchoolNet.Login.RedirectBasedonRole() in c:\Kesavan\Projects\ARK HRMS\HRMSNet_Dev\Login.aspx.cs:line 322
==========================================

Log written at : 7/20/2015 11:44:27 AM
Error occured on page : http://localhost:56141/HRMSNet_Dev/login.aspx

Here is the actual error :
System.Threading.ThreadAbortException: Thread was being aborted.
   at System.Threading.Thread.AbortInternal()
   at System.Threading.Thread.Abort(Object stateInfo)
   at System.Web.HttpResponse.AbortCurrentThread()
   at System.Web.HttpResponse.End()
   at System.Web.HttpResponse.Redirect(String url, Boolean endResponse, Boolean permanent)
   at System.Web.HttpResponse.Redirect(String url)
   at SchoolNet.Login.MemberLogin(Object sender, EventArgs e) in c:\Kesavan\Projects\ARK HRMS\HRMSNet_Dev\Login.aspx.cs:line 268
==========================================

Log written at : 7/20/2015 12:01:35 PM
Error occured on page : http://localhost:56141/HRMSNet_Dev/Payroll/ProcessMonthlyPayroll.aspx

Here is the actual error :
System.Threading.ThreadAbortException: Thread was being aborted.
   at System.Threading.Thread.AbortInternal()
   at System.Threading.Thread.Abort(Object stateInfo)
   at System.Web.HttpResponse.AbortCurrentThread()
   at System.Web.HttpResponse.End()
   at SchoolNet.ProcessMonthlyPayroll.ExportToExcel(DataTable dt) in c:\Kesavan\Projects\ARK HRMS\HRMSNet_Dev\Payroll\ProcessMonthlyPayroll.aspx.cs:line 175
   at SchoolNet.ProcessMonthlyPayroll.RunEmployeeMonthlyPayroll(String Pay_MonthYear, Int32 DivisionID, Int32 DivisionLocationID, Int32 RequestingEmpId) in c:\Kesavan\Projects\ARK HRMS\HRMSNet_Dev\Payroll\ProcessMonthlyPayroll.aspx.cs:line 82
==========================================

Log written at : 7/20/2015 12:51:59 PM
Error occured on page : http://localhost:56141/HRMSNet_Dev/Payroll/payrollDashboard.aspx

Here is the actual error :
System.Web.HttpException (0x80004005): A field or property with the name 'DivisionName' was not found on the selected data source.
   at System.Web.UI.WebControls.BoundColumn.OnDataBindColumn(Object sender, EventArgs e)
   at System.Web.UI.Control.OnDataBinding(EventArgs e)
   at System.Web.UI.Control.DataBind(Boolean raiseOnDataBinding)
   at System.Web.UI.Control.DataBind()
   at System.Web.UI.Control.DataBindChildren()
   at System.Web.UI.Control.DataBind(Boolean raiseOnDataBinding)
   at System.Web.UI.Control.DataBind()
   at System.Web.UI.WebControls.DataGrid.CreateItem(Int32 itemIndex, Int32 dataSourceIndex, ListItemType itemType, Boolean dataBind, Object dataItem, DataGridColumn[] columns, TableRowCollection rows, PagedDataSource pagedDataSource)
   at System.Web.UI.WebControls.DataGrid.CreateControlHierarchy(Boolean useDataSource)
   at System.Web.UI.WebControls.BaseDataList.OnDataBinding(EventArgs e)
   at System.Web.UI.WebControls.BaseDataList.DataBind()
   at SchoolNet.PayrollDashBoard.LoadDataList() in c:\Kesavan\Projects\ARK HRMS\HRMSNet_Dev\Payroll\PayrollDashBoard.aspx.cs:line 112
==========================================

Log written at : 7/20/2015 12:53:41 PM
Error occured on page : http://localhost:56141/HRMSNet_Dev/Payroll/payrollDashboard.aspx

Here is the actual error :
System.Web.HttpException (0x80004005): A field or property with the name 'DivisionName' was not found on the selected data source.
   at System.Web.UI.WebControls.BoundColumn.OnDataBindColumn(Object sender, EventArgs e)
   at System.Web.UI.Control.OnDataBinding(EventArgs e)
   at System.Web.UI.Control.DataBind(Boolean raiseOnDataBinding)
   at System.Web.UI.Control.DataBind()
   at System.Web.UI.Control.DataBindChildren()
   at System.Web.UI.Control.DataBind(Boolean raiseOnDataBinding)
   at System.Web.UI.Control.DataBind()
   at System.Web.UI.WebControls.DataGrid.CreateItem(Int32 itemIndex, Int32 dataSourceIndex, ListItemType itemType, Boolean dataBind, Object dataItem, DataGridColumn[] columns, TableRowCollection rows, PagedDataSource pagedDataSource)
   at System.Web.UI.WebControls.DataGrid.CreateControlHierarchy(Boolean useDataSource)
   at System.Web.UI.WebControls.BaseDataList.OnDataBinding(EventArgs e)
   at System.Web.UI.WebControls.BaseDataList.DataBind()
   at SchoolNet.PayrollDashBoard.LoadDataList() in c:\Kesavan\Projects\ARK HRMS\HRMSNet_Dev\Payroll\PayrollDashBoard.aspx.cs:line 112
==========================================

Log written at : 7/20/2015 12:53:44 PM
Error occured on page : http://localhost:56141/HRMSNet_Dev/Payroll/payrollDashboard.aspx

Here is the actual error :
System.Web.HttpException (0x80004005): A field or property with the name 'DivisionName' was not found on the selected data source.
   at System.Web.UI.WebControls.BoundColumn.OnDataBindColumn(Object sender, EventArgs e)
   at System.Web.UI.Control.OnDataBinding(EventArgs e)
   at System.Web.UI.Control.DataBind(Boolean raiseOnDataBinding)
   at System.Web.UI.Control.DataBind()
   at System.Web.UI.Control.DataBindChildren()
   at System.Web.UI.Control.DataBind(Boolean raiseOnDataBinding)
   at System.Web.UI.Control.DataBind()
   at System.Web.UI.WebControls.DataGrid.CreateItem(Int32 itemIndex, Int32 dataSourceIndex, ListItemType itemType, Boolean dataBind, Object dataItem, DataGridColumn[] columns, TableRowCollection rows, PagedDataSource pagedDataSource)
   at System.Web.UI.WebControls.DataGrid.CreateControlHierarchy(Boolean useDataSource)
   at System.Web.UI.WebControls.BaseDataList.OnDataBinding(EventArgs e)
   at System.Web.UI.WebControls.BaseDataList.DataBind()
   at SchoolNet.PayrollDashBoard.LoadDataList() in c:\Kesavan\Projects\ARK HRMS\HRMSNet_Dev\Payroll\PayrollDashBoard.aspx.cs:line 112
==========================================

Log written at : 7/20/2015 1:40:28 PM
Error occured on page : http://localhost:56141/HRMSNet_Dev/Payroll/payrollDashboard.aspx

Here is the actual error :
System.IndexOutOfRangeException: Cannot find column 2.
   at System.Data.DataColumnCollection.get_Item(Int32 index)
   at System.Data.DataRow.get_Item(Int32 columnIndex)
   at SchoolNet.PayrollDashBoard.CreatePieGraph1(DataTable dt, String strCaption, String strSubCaption, String xAxis, String yAxis) in c:\Kesavan\Projects\ARK HRMS\HRMSNet_Dev\Payroll\PayrollDashBoard.aspx.cs:line 280
   at SchoolNet.PayrollDashBoard.LoadDataList() in c:\Kesavan\Projects\ARK HRMS\HRMSNet_Dev\Payroll\PayrollDashBoard.aspx.cs:line 90
==========================================

Log written at : 7/20/2015 1:40:32 PM
Error occured on page : http://localhost:56141/HRMSNet_Dev/Payroll/payrollDashboard.aspx

Here is the actual error :
System.IndexOutOfRangeException: Cannot find column 2.
   at System.Data.DataColumnCollection.get_Item(Int32 index)
   at System.Data.DataRow.get_Item(Int32 columnIndex)
   at SchoolNet.PayrollDashBoard.CreatePieGraph1(DataTable dt, String strCaption, String strSubCaption, String xAxis, String yAxis) in c:\Kesavan\Projects\ARK HRMS\HRMSNet_Dev\Payroll\PayrollDashBoard.aspx.cs:line 280
   at SchoolNet.PayrollDashBoard.LoadDataList() in c:\Kesavan\Projects\ARK HRMS\HRMSNet_Dev\Payroll\PayrollDashBoard.aspx.cs:line 90
==========================================

Log written at : 7/20/2015 1:46:04 PM
Error occured on page : http://localhost:56141/HRMSNet_Dev/Payroll/payrollDashboard.aspx

Here is the actual error :
System.IndexOutOfRangeException: Index was outside the bounds of the array.
   at SchoolNet.PayrollDashBoard.CreatePieGraph1(DataTable dt, String strCaption, String strSubCaption, String xAxis, String yAxis) in c:\Kesavan\Projects\ARK HRMS\HRMSNet_Dev\Payroll\PayrollDashBoard.aspx.cs:line 280
   at SchoolNet.PayrollDashBoard.LoadDataList() in c:\Kesavan\Projects\ARK HRMS\HRMSNet_Dev\Payroll\PayrollDashBoard.aspx.cs:line 90
==========================================

Log written at : 7/20/2015 1:46:10 PM
Error occured on page : http://localhost:56141/HRMSNet_Dev/Payroll/payrollDashboard.aspx

Here is the actual error :
System.IndexOutOfRangeException: Index was outside the bounds of the array.
   at SchoolNet.PayrollDashBoard.CreatePieGraph1(DataTable dt, String strCaption, String strSubCaption, String xAxis, String yAxis) in c:\Kesavan\Projects\ARK HRMS\HRMSNet_Dev\Payroll\PayrollDashBoard.aspx.cs:line 280
   at SchoolNet.PayrollDashBoard.LoadDataList() in c:\Kesavan\Projects\ARK HRMS\HRMSNet_Dev\Payroll\PayrollDashBoard.aspx.cs:line 90
==========================================

Log written at : 7/20/2015 1:56:59 PM
Error occured on page : http://localhost:56141/HRMSNet_Dev/Payroll/payrollDashboard.aspx

Here is the actual error :
System.IndexOutOfRangeException: Index was outside the bounds of the array.
   at SchoolNet.PayrollDashBoard.CreatePieGraph1(DataTable dt, String strCaption, String strSubCaption, String xAxis, String yAxis) in c:\Kesavan\Projects\ARK HRMS\HRMSNet_Dev\Payroll\PayrollDashBoard.aspx.cs:line 280
   at SchoolNet.PayrollDashBoard.LoadDataList() in c:\Kesavan\Projects\ARK HRMS\HRMSNet_Dev\Payroll\PayrollDashBoard.aspx.cs:line 90
==========================================

Log written at : 7/20/2015 1:57:09 PM
Error occured on page : http://localhost:56141/HRMSNet_Dev/Payroll/payrollDashboard.aspx

Here is the actual error :
System.IndexOutOfRangeException: Index was outside the bounds of the array.
   at SchoolNet.PayrollDashBoard.CreatePieGraph1(DataTable dt, String strCaption, String strSubCaption, String xAxis, String yAxis) in c:\Kesavan\Projects\ARK HRMS\HRMSNet_Dev\Payroll\PayrollDashBoard.aspx.cs:line 280
   at SchoolNet.PayrollDashBoard.LoadDataList() in c:\Kesavan\Projects\ARK HRMS\HRMSNet_Dev\Payroll\PayrollDashBoard.aspx.cs:line 90
==========================================

Log written at : 7/20/2015 1:58:05 PM
Error occured on page : http://localhost:56141/HRMSNet_Dev/Payroll/payrollDashboard.aspx

Here is the actual error :
System.IndexOutOfRangeException: Index was outside the bounds of the array.
   at SchoolNet.PayrollDashBoard.CreatePieGraph1(DataTable dt, String strCaption, String strSubCaption, String xAxis, String yAxis) in c:\Kesavan\Projects\ARK HRMS\HRMSNet_Dev\Payroll\PayrollDashBoard.aspx.cs:line 280
   at SchoolNet.PayrollDashBoard.LoadDataList() in c:\Kesavan\Projects\ARK HRMS\HRMSNet_Dev\Payroll\PayrollDashBoard.aspx.cs:line 90
==========================================

Log written at : 7/20/2015 1:58:17 PM
Error occured on page : http://localhost:56141/HRMSNet_Dev/Payroll/payrollDashboard.aspx

Here is the actual error :
System.IndexOutOfRangeException: Index was outside the bounds of the array.
   at SchoolNet.PayrollDashBoard.CreatePieGraph1(DataTable dt, String strCaption, String strSubCaption, String xAxis, String yAxis) in c:\Kesavan\Projects\ARK HRMS\HRMSNet_Dev\Payroll\PayrollDashBoard.aspx.cs:line 280
   at SchoolNet.PayrollDashBoard.LoadDataList() in c:\Kesavan\Projects\ARK HRMS\HRMSNet_Dev\Payroll\PayrollDashBoard.aspx.cs:line 90
==========================================

Log written at : 7/20/2015 1:58:20 PM
Error occured on page : http://localhost:56141/HRMSNet_Dev/Payroll/payrollDashboard.aspx

Here is the actual error :
System.IndexOutOfRangeException: Index was outside the bounds of the array.
   at SchoolNet.PayrollDashBoard.CreatePieGraph1(DataTable dt, String strCaption, String strSubCaption, String xAxis, String yAxis) in c:\Kesavan\Projects\ARK HRMS\HRMSNet_Dev\Payroll\PayrollDashBoard.aspx.cs:line 280
   at SchoolNet.PayrollDashBoard.LoadDataList() in c:\Kesavan\Projects\ARK HRMS\HRMSNet_Dev\Payroll\PayrollDashBoard.aspx.cs:line 90
==========================================

Log written at : 7/20/2015 1:58:36 PM
Error occured on page : http://localhost:56141/HRMSNet_Dev/Payroll/payrollDashboard.aspx

Here is the actual error :
System.IndexOutOfRangeException: Index was outside the bounds of the array.
   at SchoolNet.PayrollDashBoard.CreatePieGraph1(DataTable dt, String strCaption, String strSubCaption, String xAxis, String yAxis) in c:\Kesavan\Projects\ARK HRMS\HRMSNet_Dev\Payroll\PayrollDashBoard.aspx.cs:line 280
   at SchoolNet.PayrollDashBoard.LoadDataList() in c:\Kesavan\Projects\ARK HRMS\HRMSNet_Dev\Payroll\PayrollDashBoard.aspx.cs:line 90
==========================================

Log written at : 7/20/2015 2:10:02 PM
Error occured on page : http://localhost:56141/HRMSNet_Dev/login.aspx

Here is the actual error :
System.Threading.ThreadAbortException: Thread was being aborted.
   at System.Threading.Thread.AbortInternal()
   at System.Threading.Thread.Abort(Object stateInfo)
   at System.Web.HttpResponse.AbortCurrentThread()
   at System.Web.HttpResponse.End()
   at System.Web.HttpResponse.Redirect(String url, Boolean endResponse, Boolean permanent)
   at System.Web.HttpResponse.Redirect(String url)
   at SchoolNet.Login.MemberLogin(Object sender, EventArgs e) in c:\Kesavan\Projects\ARK HRMS\HRMSNet_Dev\Login.aspx.cs:line 268
==========================================

Log written at : 7/20/2015 2:13:08 PM
Error occured on page : http://localhost:56141/HRMSNet_Dev/login.aspx?ReturnUrl=/HRMSNet_Dev/admin/dashboard.aspx

Here is the actual error :
System.Threading.ThreadAbortException: Thread was being aborted.
   at System.Threading.Thread.AbortInternal()
   at System.Threading.Thread.Abort(Object stateInfo)
   at System.Web.HttpResponse.AbortCurrentThread()
   at System.Web.HttpResponse.End()
   at System.Web.HttpResponse.Redirect(String url, Boolean endResponse, Boolean permanent)
   at System.Web.HttpResponse.Redirect(String url)
   at SchoolNet.Login.MemberLogin(Object sender, EventArgs e) in c:\Kesavan\Projects\ARK HRMS\HRMSNet_Dev\Login.aspx.cs:line 268
==========================================

Log written at : 7/20/2015 2:14:06 PM
Error occured on page : http://localhost:56141/HRMSNet_Dev/login.aspx

Here is the actual error :
System.Threading.ThreadAbortException: Thread was being aborted.
   at System.Threading.Thread.AbortInternal()
   at System.Threading.Thread.Abort(Object stateInfo)
   at System.Web.HttpResponse.AbortCurrentThread()
   at System.Web.HttpResponse.End()
   at System.Web.HttpResponse.Redirect(String url, Boolean endResponse, Boolean permanent)
   at System.Web.HttpResponse.Redirect(String url)
   at SchoolNet.Login.MemberLogin(Object sender, EventArgs e) in c:\Kesavan\Projects\ARK HRMS\HRMSNet_Dev\Login.aspx.cs:line 268
==========================================

Log written at : 7/20/2015 2:21:13 PM
Error occured on page : http://localhost:56141/HRMSNet_Dev/login.aspx

Here is the actual error :
System.Threading.ThreadAbortException: Thread was being aborted.
   at System.Threading.Thread.AbortInternal()
   at System.Threading.Thread.Abort(Object stateInfo)
   at System.Web.HttpResponse.AbortCurrentThread()
   at System.Web.HttpResponse.End()
   at System.Web.HttpResponse.Redirect(String url, Boolean endResponse, Boolean permanent)
   at System.Web.HttpResponse.Redirect(String url)
   at SchoolNet.Login.MemberLogin(Object sender, EventArgs e) in c:\Kesavan\Projects\ARK HRMS\HRMSNet_Dev\Login.aspx.cs:line 268
==========================================

Log written at : 7/20/2015 4:35:41 PM
Error occured on page : http://localhost:56141/HRMSNet_Dev/login.aspx?ReturnUrl=/HRMSNet_Dev/admin/dashboard.aspx

Here is the actual error :
System.Threading.ThreadAbortException: Thread was being aborted.
   at System.Threading.Thread.AbortInternal()
   at System.Threading.Thread.Abort(Object stateInfo)
   at System.Web.HttpResponse.AbortCurrentThread()
   at System.Web.HttpResponse.End()
   at System.Web.HttpResponse.Redirect(String url, Boolean endResponse, Boolean permanent)
   at System.Web.HttpResponse.Redirect(String url)
   at SchoolNet.Login.MemberLogin(Object sender, EventArgs e) in c:\Kesavan\Projects\ARK HRMS\HRMSNet_Dev\Login.aspx.cs:line 268
==========================================

Log written at : 7/20/2015 5:33:16 PM
Error occured on page : http://localhost:56141/HRMSNet_Dev/login.aspx?ReturnUrl=/HRMSNet_Dev/Payroll/ProcessMonthlyPayroll.aspx

Here is the actual error :
System.Threading.ThreadAbortException: Thread was being aborted.
   at System.Threading.Thread.AbortInternal()
   at System.Threading.Thread.Abort(Object stateInfo)
   at System.Web.HttpResponse.AbortCurrentThread()
   at System.Web.HttpResponse.End()
   at System.Web.HttpResponse.Redirect(String url, Boolean endResponse, Boolean permanent)
   at System.Web.HttpResponse.Redirect(String url)
   at SchoolNet.Login.MemberLogin(Object sender, EventArgs e) in c:\Kesavan\Projects\ARK HRMS\HRMSNet_Dev\Login.aspx.cs:line 268
==========================================

Log written at : 7/20/2015 6:13:32 PM
Error occured on page : http://localhost:56141/HRMSNet_Dev/admin/dashboard.aspx

Here is the actual error :
System.IndexOutOfRangeException: Index was outside the bounds of the array.
   at SchoolNet.Dashboard.CreatePieGraph1(DataTable dt, String strCaption, String strSubCaption, String xAxis, String yAxis) in c:\Kesavan\Projects\ARK HRMS\HRMSNet_Dev\Admin\Dashboard.aspx.cs:line 500
   at SchoolNet.Dashboard.LoadDataList() in c:\Kesavan\Projects\ARK HRMS\HRMSNet_Dev\Admin\Dashboard.aspx.cs:line 100
==========================================

Log written at : 7/20/2015 6:13:36 PM
Error occured on page : http://localhost:56141/HRMSNet_Dev/admin/dashboard.aspx

Here is the actual error :
System.IndexOutOfRangeException: Index was outside the bounds of the array.
   at SchoolNet.Dashboard.CreatePieGraph1(DataTable dt, String strCaption, String strSubCaption, String xAxis, String yAxis) in c:\Kesavan\Projects\ARK HRMS\HRMSNet_Dev\Admin\Dashboard.aspx.cs:line 500
   at SchoolNet.Dashboard.LoadDataList() in c:\Kesavan\Projects\ARK HRMS\HRMSNet_Dev\Admin\Dashboard.aspx.cs:line 100
==========================================

Log written at : 7/20/2015 6:21:55 PM
Error occured on page : http://localhost:56141/HRMSNet_Dev/Payroll/PayrollDashboard.aspx

Here is the actual error :
System.IndexOutOfRangeException: Index was outside the bounds of the array.
   at SchoolNet.PayrollDashBoard.CreatePieGraph1(DataTable dt, String strCaption, String strSubCaption, String xAxis, String yAxis) in c:\Kesavan\Projects\ARK HRMS\HRMSNet_Dev\Payroll\PayrollDashBoard.aspx.cs:line 280
   at SchoolNet.PayrollDashBoard.LoadDataList() in c:\Kesavan\Projects\ARK HRMS\HRMSNet_Dev\Payroll\PayrollDashBoard.aspx.cs:line 90
==========================================

Log written at : 7/20/2015 6:21:57 PM
Error occured on page : http://localhost:56141/HRMSNet_Dev/Payroll/PayrollDashboard.aspx

Here is the actual error :
System.IndexOutOfRangeException: Index was outside the bounds of the array.
   at SchoolNet.PayrollDashBoard.CreatePieGraph1(DataTable dt, String strCaption, String strSubCaption, String xAxis, String yAxis) in c:\Kesavan\Projects\ARK HRMS\HRMSNet_Dev\Payroll\PayrollDashBoard.aspx.cs:line 280
   at SchoolNet.PayrollDashBoard.LoadDataList() in c:\Kesavan\Projects\ARK HRMS\HRMSNet_Dev\Payroll\PayrollDashBoard.aspx.cs:line 90
==========================================

Log written at : 7/20/2015 6:28:49 PM
Error occured on page : http://localhost:56141/HRMSNet_Dev/admin/dashboard.aspx

Here is the actual error :
System.IndexOutOfRangeException: Index was outside the bounds of the array.
   at SchoolNet.Dashboard.CreatePieGraph1(DataTable dt, String strCaption, String strSubCaption, String xAxis, String yAxis) in c:\Kesavan\Projects\ARK HRMS\HRMSNet_Dev\Admin\Dashboard.aspx.cs:line 500
   at SchoolNet.Dashboard.LoadDataList() in c:\Kesavan\Projects\ARK HRMS\HRMSNet_Dev\Admin\Dashboard.aspx.cs:line 100
==========================================

Log written at : 7/20/2015 6:28:51 PM
Error occured on page : http://localhost:56141/HRMSNet_Dev/admin/dashboard.aspx

Here is the actual error :
System.IndexOutOfRangeException: Index was outside the bounds of the array.
   at SchoolNet.Dashboard.CreatePieGraph1(DataTable dt, String strCaption, String strSubCaption, String xAxis, String yAxis) in c:\Kesavan\Projects\ARK HRMS\HRMSNet_Dev\Admin\Dashboard.aspx.cs:line 500
   at SchoolNet.Dashboard.LoadDataList() in c:\Kesavan\Projects\ARK HRMS\HRMSNet_Dev\Admin\Dashboard.aspx.cs:line 100
==========================================

Log written at : 7/20/2015 6:31:41 PM
Error occured on page : http://localhost:56141/HRMSNet_Dev/admin/dashboard.aspx

Here is the actual error :
System.IndexOutOfRangeException: Index was outside the bounds of the array.
   at SchoolNet.Dashboard.CreatePieGraph1(DataTable dt, String strCaption, String strSubCaption, String xAxis, String yAxis) in c:\Kesavan\Projects\ARK HRMS\HRMSNet_Dev\Admin\Dashboard.aspx.cs:line 500
   at SchoolNet.Dashboard.LoadDataList() in c:\Kesavan\Projects\ARK HRMS\HRMSNet_Dev\Admin\Dashboard.aspx.cs:line 100
==========================================

Log written at : 7/20/2015 6:42:54 PM
Error occured on page : http://localhost:56141/HRMSNet_Dev/admin/dashboard.aspx

Here is the actual error :
System.IndexOutOfRangeException: Index was outside the bounds of the array.
   at SchoolNet.Dashboard.CreatePieGraph1(DataTable dt, String strCaption, String strSubCaption, String xAxis, String yAxis) in c:\Kesavan\Projects\ARK HRMS\HRMSNet_Dev\Admin\Dashboard.aspx.cs:line 500
   at SchoolNet.Dashboard.LoadDataList() in c:\Kesavan\Projects\ARK HRMS\HRMSNet_Dev\Admin\Dashboard.aspx.cs:line 100
==========================================

Log written at : 7/20/2015 6:49:29 PM
Error occured on page : http://localhost:56141/HRMSNet_Dev/login.aspx

Here is the actual error :
System.Threading.ThreadAbortException: Thread was being aborted.
   at System.Threading.Thread.AbortInternal()
   at System.Threading.Thread.Abort(Object stateInfo)
   at System.Web.HttpResponse.AbortCurrentThread()
   at System.Web.HttpResponse.End()
   at System.Web.HttpResponse.Redirect(String url, Boolean endResponse, Boolean permanent)
   at System.Web.HttpResponse.Redirect(String url)
   at SchoolNet.Login.MemberLogin(Object sender, EventArgs e) in c:\Kesavan\Projects\ARK HRMS\HRMSNet_Dev\Login.aspx.cs:line 268
==========================================

Log written at : 7/20/2015 6:57:17 PM
Error occured on page : http://localhost:56141/HRMSNet_Dev/login.aspx

Here is the actual error :
System.Threading.ThreadAbortException: Thread was being aborted.
   at System.Threading.Thread.AbortInternal()
   at System.Threading.Thread.Abort(Object stateInfo)
   at System.Web.HttpResponse.AbortCurrentThread()
   at System.Web.HttpResponse.End()
   at System.Web.HttpResponse.Redirect(String url, Boolean endResponse, Boolean permanent)
   at System.Web.HttpResponse.Redirect(String url)
   at SchoolNet.Login.MemberLogin(Object sender, EventArgs e) in c:\Kesavan\Projects\ARK HRMS\HRMSNet_Dev\Login.aspx.cs:line 268
==========================================

Log written at : 7/20/2015 7:00:13 PM
Error occured on page : http://localhost:56141/HRMSNet_Dev/login.aspx

Here is the actual error :
System.Threading.ThreadAbortException: Thread was being aborted.
   at System.Threading.Thread.AbortInternal()
   at System.Threading.Thread.Abort(Object stateInfo)
   at System.Web.HttpResponse.AbortCurrentThread()
   at System.Web.HttpResponse.End()
   at System.Web.HttpResponse.Redirect(String url, Boolean endResponse, Boolean permanent)
   at System.Web.HttpResponse.Redirect(String url)
   at SchoolNet.Login.MemberLogin(Object sender, EventArgs e) in c:\Kesavan\Projects\ARK HRMS\HRMSNet_Dev\Login.aspx.cs:line 268
==========================================

Log written at : 7/20/2015 7:00:29 PM
Error occured on page : http://localhost:56141/HRMSNet_Dev/login.aspx?ReturnUrl=/HRMSNet_Dev/admin/Dashboard.aspx

Here is the actual error :
System.Threading.ThreadAbortException: Thread was being aborted.
   at System.Threading.Thread.AbortInternal()
   at System.Threading.Thread.Abort(Object stateInfo)
   at System.Web.HttpResponse.AbortCurrentThread()
   at System.Web.HttpResponse.End()
   at System.Web.HttpResponse.Redirect(String url, Boolean endResponse, Boolean permanent)
   at System.Web.HttpResponse.Redirect(String url)
   at SchoolNet.Login.RedirectBasedonRole() in c:\Kesavan\Projects\ARK HRMS\HRMSNet_Dev\Login.aspx.cs:line 322
==========================================

Log written at : 7/20/2015 7:01:43 PM
Error occured on page : http://localhost:56141/HRMSNet_Dev/login.aspx

Here is the actual error :
System.Threading.ThreadAbortException: Thread was being aborted.
   at System.Threading.Thread.AbortInternal()
   at System.Threading.Thread.Abort(Object stateInfo)
   at System.Web.HttpResponse.AbortCurrentThread()
   at System.Web.HttpResponse.End()
   at System.Web.HttpResponse.Redirect(String url, Boolean endResponse, Boolean permanent)
   at System.Web.HttpResponse.Redirect(String url)
   at SchoolNet.Login.MemberLogin(Object sender, EventArgs e) in c:\Kesavan\Projects\ARK HRMS\HRMSNet_Dev\Login.aspx.cs:line 268
==========================================

Log written at : 7/20/2015 7:53:00 PM
Error occured on page : http://localhost:56141/HRMSNet_Dev/login.aspx

Here is the actual error :
System.Threading.ThreadAbortException: Thread was being aborted.
   at System.Threading.Thread.AbortInternal()
   at System.Threading.Thread.Abort(Object stateInfo)
   at System.Web.HttpResponse.AbortCurrentThread()
   at System.Web.HttpResponse.End()
   at System.Web.HttpResponse.Redirect(String url, Boolean endResponse, Boolean permanent)
   at System.Web.HttpResponse.Redirect(String url)
   at SchoolNet.Login.MemberLogin(Object sender, EventArgs e) in c:\Kesavan\Projects\ARK HRMS\HRMSNet_Dev\Login.aspx.cs:line 268
==========================================
