
Log written at : 1/20/2016 10:32:21 AM
Error occured on page : http://localhost:12145/HRMSNet_V2/login.aspx?ReturnUrl=/HRMSNet_V2/Common/ManualAttendance.aspx

Here is the actual error :
System.Threading.ThreadAbortException: Thread was being aborted.
   at System.Threading.Thread.AbortInternal()
   at System.Threading.Thread.Abort(Object stateInfo)
   at System.Web.HttpResponse.AbortCurrentThread()
   at System.Web.HttpResponse.End()
   at System.Web.HttpResponse.Redirect(String url, Boolean endResponse, Boolean permanent)
   at System.Web.HttpResponse.Redirect(String url)
   at SchoolNet.Login.MemberLogin(Object sender, EventArgs e) in c:\Kesavan\Projects\ARK HRMS\HRMSNet_V2\Login.aspx.cs:line 268
==========================================

Log written at : 1/20/2016 4:39:37 PM
Error occured on page : http://localhost:12145/HRMSNet_V2/login.aspx?ReturnUrl=/HRMSNet_V2/Common/ViewEOSBenefit.aspx

Here is the actual error :
System.Threading.ThreadAbortException: Thread was being aborted.
   at System.Threading.Thread.AbortInternal()
   at System.Threading.Thread.Abort(Object stateInfo)
   at System.Web.HttpResponse.AbortCurrentThread()
   at System.Web.HttpResponse.End()
   at System.Web.HttpResponse.Redirect(String url, Boolean endResponse, Boolean permanent)
   at System.Web.HttpResponse.Redirect(String url)
   at SchoolNet.Login.MemberLogin(Object sender, EventArgs e) in c:\Kesavan\Projects\ARK HRMS\HRMSNet_V2\Login.aspx.cs:line 268
==========================================

Log written at : 1/20/2016 4:54:01 PM
Error occured on page : http://localhost:12145/HRMSNet_V2/Common/ViewAttendance.aspx

Here is the actual error :
System.Web.HttpException (0x80004005): DataBinding: 'System.Data.DataRowView' does not contain a property with the name 'HolidayID'.
   at System.Web.UI.DataBinder.GetPropertyValue(Object container, String propName)
   at System.Web.UI.WebControls.DataGrid.CreateControlHierarchy(Boolean useDataSource)
   at System.Web.UI.WebControls.BaseDataList.OnDataBinding(EventArgs e)
   at System.Web.UI.WebControls.BaseDataList.DataBind()
   at SchoolNet.ViewAttendance.LoadMonthlyAttendance(Int32 EmpId, String MonthYear) in c:\Kesavan\Projects\ARK HRMS\HRMSNet_V2\Common\ViewAttendance.aspx.cs:line 72
==========================================

Log written at : 1/20/2016 5:08:09 PM
Error occured on page : http://localhost:8210/HRMSNet_V2/Common/ViewAttendance.aspx

Here is the actual error :
System.Data.SqlClient.SqlException (0x80131904): Operand type clash: date is incompatible with int
   at System.Data.SqlClient.SqlConnection.OnError(SqlException exception, Boolean breakConnection, Action`1 wrapCloseInAction)
   at System.Data.SqlClient.SqlInternalConnection.OnError(SqlException exception, Boolean breakConnection, Action`1 wrapCloseInAction)
   at System.Data.SqlClient.TdsParser.ThrowExceptionAndWarning(TdsParserStateObject stateObj, Boolean callerHasConnectionLock, Boolean asyncClose)
   at System.Data.SqlClient.TdsParser.TryRun(RunBehavior runBehavior, SqlCommand cmdHandler, SqlDataReader dataStream, BulkCopySimpleResultSet bulkCopyHandler, TdsParserStateObject stateObj, Boolean& dataReady)
   at System.Data.SqlClient.SqlDataReader.TryConsumeMetaData()
   at System.Data.SqlClient.SqlDataReader.get_MetaData()
   at System.Data.SqlClient.SqlCommand.FinishExecuteReader(SqlDataReader ds, RunBehavior runBehavior, String resetOptionsString)
   at System.Data.SqlClient.SqlCommand.RunExecuteReaderTds(CommandBehavior cmdBehavior, RunBehavior runBehavior, Boolean returnStream, Boolean async, Int32 timeout, Task& task, Boolean asyncWrite, SqlDataReader ds)
   at System.Data.SqlClient.SqlCommand.RunExecuteReader(CommandBehavior cmdBehavior, RunBehavior runBehavior, Boolean returnStream, String method, TaskCompletionSource`1 completion, Int32 timeout, Task& task, Boolean asyncWrite)
   at System.Data.SqlClient.SqlCommand.RunExecuteReader(CommandBehavior cmdBehavior, RunBehavior runBehavior, Boolean returnStream, String method)
   at System.Data.SqlClient.SqlCommand.ExecuteReader(CommandBehavior behavior, String method)
   at System.Data.SqlClient.SqlCommand.ExecuteDbDataReader(CommandBehavior behavior)
   at System.Data.Common.DbCommand.System.Data.IDbCommand.ExecuteReader(CommandBehavior behavior)
   at System.Data.Common.DbDataAdapter.FillInternal(DataSet dataset, DataTable[] datatables, Int32 startRecord, Int32 maxRecords, String srcTable, IDbCommand command, CommandBehavior behavior)
   at System.Data.Common.DbDataAdapter.Fill(DataSet dataSet, Int32 startRecord, Int32 maxRecords, String srcTable, IDbCommand command, CommandBehavior behavior)
   at System.Data.Common.DbDataAdapter.Fill(DataSet dataSet)
   at DatabaseManager.Data.BaseDataAccessor.ExecuteDataSet(String sproc, SqlParameter[] parameters)
   at DatabaseManager.Data.DBAccessManager.RetrieveEmpMonthlyAttendance(Int32 EmpId, String MonthYear)
   at SchoolNet.ViewAttendance.LoadEmpMonthlyAttendance(Int32 EmpId, String MonthYear) in c:\Kesavan\Projects\ARK HRMS\HRMSNet_V2\Common\ViewAttendance.aspx.cs:line 68
ClientConnectionId:957a0486-5af0-4b12-9458-ef480e2464a2
Error Number:206,State:2,Class:16
==========================================

Log written at : 1/20/2016 5:08:12 PM
Error occured on page : http://localhost:8210/HRMSNet_V2/Common/ViewAttendance.aspx

Here is the actual error :
System.Data.SqlClient.SqlException (0x80131904): Operand type clash: date is incompatible with int
   at System.Data.SqlClient.SqlConnection.OnError(SqlException exception, Boolean breakConnection, Action`1 wrapCloseInAction)
   at System.Data.SqlClient.SqlInternalConnection.OnError(SqlException exception, Boolean breakConnection, Action`1 wrapCloseInAction)
   at System.Data.SqlClient.TdsParser.ThrowExceptionAndWarning(TdsParserStateObject stateObj, Boolean callerHasConnectionLock, Boolean asyncClose)
   at System.Data.SqlClient.TdsParser.TryRun(RunBehavior runBehavior, SqlCommand cmdHandler, SqlDataReader dataStream, BulkCopySimpleResultSet bulkCopyHandler, TdsParserStateObject stateObj, Boolean& dataReady)
   at System.Data.SqlClient.SqlDataReader.TryConsumeMetaData()
   at System.Data.SqlClient.SqlDataReader.get_MetaData()
   at System.Data.SqlClient.SqlCommand.FinishExecuteReader(SqlDataReader ds, RunBehavior runBehavior, String resetOptionsString)
   at System.Data.SqlClient.SqlCommand.RunExecuteReaderTds(CommandBehavior cmdBehavior, RunBehavior runBehavior, Boolean returnStream, Boolean async, Int32 timeout, Task& task, Boolean asyncWrite, SqlDataReader ds)
   at System.Data.SqlClient.SqlCommand.RunExecuteReader(CommandBehavior cmdBehavior, RunBehavior runBehavior, Boolean returnStream, String method, TaskCompletionSource`1 completion, Int32 timeout, Task& task, Boolean asyncWrite)
   at System.Data.SqlClient.SqlCommand.RunExecuteReader(CommandBehavior cmdBehavior, RunBehavior runBehavior, Boolean returnStream, String method)
   at System.Data.SqlClient.SqlCommand.ExecuteReader(CommandBehavior behavior, String method)
   at System.Data.SqlClient.SqlCommand.ExecuteDbDataReader(CommandBehavior behavior)
   at System.Data.Common.DbCommand.System.Data.IDbCommand.ExecuteReader(CommandBehavior behavior)
   at System.Data.Common.DbDataAdapter.FillInternal(DataSet dataset, DataTable[] datatables, Int32 startRecord, Int32 maxRecords, String srcTable, IDbCommand command, CommandBehavior behavior)
   at System.Data.Common.DbDataAdapter.Fill(DataSet dataSet, Int32 startRecord, Int32 maxRecords, String srcTable, IDbCommand command, CommandBehavior behavior)
   at System.Data.Common.DbDataAdapter.Fill(DataSet dataSet)
   at DatabaseManager.Data.BaseDataAccessor.ExecuteDataSet(String sproc, SqlParameter[] parameters)
   at DatabaseManager.Data.DBAccessManager.RetrieveEmpMonthlyAttendance(Int32 EmpId, String MonthYear)
   at SchoolNet.ViewAttendance.LoadEmpMonthlyAttendance(Int32 EmpId, String MonthYear) in c:\Kesavan\Projects\ARK HRMS\HRMSNet_V2\Common\ViewAttendance.aspx.cs:line 68
ClientConnectionId:957a0486-5af0-4b12-9458-ef480e2464a2
Error Number:206,State:2,Class:16
==========================================

Log written at : 1/20/2016 5:08:14 PM
Error occured on page : http://localhost:8210/HRMSNet_V2/Common/ViewAttendance.aspx

Here is the actual error :
System.Data.SqlClient.SqlException (0x80131904): Operand type clash: date is incompatible with int
   at System.Data.SqlClient.SqlConnection.OnError(SqlException exception, Boolean breakConnection, Action`1 wrapCloseInAction)
   at System.Data.SqlClient.SqlInternalConnection.OnError(SqlException exception, Boolean breakConnection, Action`1 wrapCloseInAction)
   at System.Data.SqlClient.TdsParser.ThrowExceptionAndWarning(TdsParserStateObject stateObj, Boolean callerHasConnectionLock, Boolean asyncClose)
   at System.Data.SqlClient.TdsParser.TryRun(RunBehavior runBehavior, SqlCommand cmdHandler, SqlDataReader dataStream, BulkCopySimpleResultSet bulkCopyHandler, TdsParserStateObject stateObj, Boolean& dataReady)
   at System.Data.SqlClient.SqlDataReader.TryConsumeMetaData()
   at System.Data.SqlClient.SqlDataReader.get_MetaData()
   at System.Data.SqlClient.SqlCommand.FinishExecuteReader(SqlDataReader ds, RunBehavior runBehavior, String resetOptionsString)
   at System.Data.SqlClient.SqlCommand.RunExecuteReaderTds(CommandBehavior cmdBehavior, RunBehavior runBehavior, Boolean returnStream, Boolean async, Int32 timeout, Task& task, Boolean asyncWrite, SqlDataReader ds)
   at System.Data.SqlClient.SqlCommand.RunExecuteReader(CommandBehavior cmdBehavior, RunBehavior runBehavior, Boolean returnStream, String method, TaskCompletionSource`1 completion, Int32 timeout, Task& task, Boolean asyncWrite)
   at System.Data.SqlClient.SqlCommand.RunExecuteReader(CommandBehavior cmdBehavior, RunBehavior runBehavior, Boolean returnStream, String method)
   at System.Data.SqlClient.SqlCommand.ExecuteReader(CommandBehavior behavior, String method)
   at System.Data.SqlClient.SqlCommand.ExecuteDbDataReader(CommandBehavior behavior)
   at System.Data.Common.DbCommand.System.Data.IDbCommand.ExecuteReader(CommandBehavior behavior)
   at System.Data.Common.DbDataAdapter.FillInternal(DataSet dataset, DataTable[] datatables, Int32 startRecord, Int32 maxRecords, String srcTable, IDbCommand command, CommandBehavior behavior)
   at System.Data.Common.DbDataAdapter.Fill(DataSet dataSet, Int32 startRecord, Int32 maxRecords, String srcTable, IDbCommand command, CommandBehavior behavior)
   at System.Data.Common.DbDataAdapter.Fill(DataSet dataSet)
   at DatabaseManager.Data.BaseDataAccessor.ExecuteDataSet(String sproc, SqlParameter[] parameters)
   at DatabaseManager.Data.DBAccessManager.RetrieveEmpMonthlyAttendance(Int32 EmpId, String MonthYear)
   at SchoolNet.ViewAttendance.LoadEmpMonthlyAttendance(Int32 EmpId, String MonthYear) in c:\Kesavan\Projects\ARK HRMS\HRMSNet_V2\Common\ViewAttendance.aspx.cs:line 68
ClientConnectionId:957a0486-5af0-4b12-9458-ef480e2464a2
Error Number:206,State:2,Class:16
==========================================

Log written at : 1/20/2016 5:08:15 PM
Error occured on page : http://localhost:8210/HRMSNet_V2/Common/ViewAttendance.aspx

Here is the actual error :
System.Data.SqlClient.SqlException (0x80131904): Operand type clash: date is incompatible with int
   at System.Data.SqlClient.SqlConnection.OnError(SqlException exception, Boolean breakConnection, Action`1 wrapCloseInAction)
   at System.Data.SqlClient.SqlInternalConnection.OnError(SqlException exception, Boolean breakConnection, Action`1 wrapCloseInAction)
   at System.Data.SqlClient.TdsParser.ThrowExceptionAndWarning(TdsParserStateObject stateObj, Boolean callerHasConnectionLock, Boolean asyncClose)
   at System.Data.SqlClient.TdsParser.TryRun(RunBehavior runBehavior, SqlCommand cmdHandler, SqlDataReader dataStream, BulkCopySimpleResultSet bulkCopyHandler, TdsParserStateObject stateObj, Boolean& dataReady)
   at System.Data.SqlClient.SqlDataReader.TryConsumeMetaData()
   at System.Data.SqlClient.SqlDataReader.get_MetaData()
   at System.Data.SqlClient.SqlCommand.FinishExecuteReader(SqlDataReader ds, RunBehavior runBehavior, String resetOptionsString)
   at System.Data.SqlClient.SqlCommand.RunExecuteReaderTds(CommandBehavior cmdBehavior, RunBehavior runBehavior, Boolean returnStream, Boolean async, Int32 timeout, Task& task, Boolean asyncWrite, SqlDataReader ds)
   at System.Data.SqlClient.SqlCommand.RunExecuteReader(CommandBehavior cmdBehavior, RunBehavior runBehavior, Boolean returnStream, String method, TaskCompletionSource`1 completion, Int32 timeout, Task& task, Boolean asyncWrite)
   at System.Data.SqlClient.SqlCommand.RunExecuteReader(CommandBehavior cmdBehavior, RunBehavior runBehavior, Boolean returnStream, String method)
   at System.Data.SqlClient.SqlCommand.ExecuteReader(CommandBehavior behavior, String method)
   at System.Data.SqlClient.SqlCommand.ExecuteDbDataReader(CommandBehavior behavior)
   at System.Data.Common.DbCommand.System.Data.IDbCommand.ExecuteReader(CommandBehavior behavior)
   at System.Data.Common.DbDataAdapter.FillInternal(DataSet dataset, DataTable[] datatables, Int32 startRecord, Int32 maxRecords, String srcTable, IDbCommand command, CommandBehavior behavior)
   at System.Data.Common.DbDataAdapter.Fill(DataSet dataSet, Int32 startRecord, Int32 maxRecords, String srcTable, IDbCommand command, CommandBehavior behavior)
   at System.Data.Common.DbDataAdapter.Fill(DataSet dataSet)
   at DatabaseManager.Data.BaseDataAccessor.ExecuteDataSet(String sproc, SqlParameter[] parameters)
   at DatabaseManager.Data.DBAccessManager.RetrieveEmpMonthlyAttendance(Int32 EmpId, String MonthYear)
   at SchoolNet.ViewAttendance.LoadEmpMonthlyAttendance(Int32 EmpId, String MonthYear) in c:\Kesavan\Projects\ARK HRMS\HRMSNet_V2\Common\ViewAttendance.aspx.cs:line 68
ClientConnectionId:957a0486-5af0-4b12-9458-ef480e2464a2
Error Number:206,State:2,Class:16
==========================================

Log written at : 1/20/2016 5:10:36 PM
Error occured on page : http://localhost:8210/HRMSNet_V2/Common/ViewAttendance.aspx

Here is the actual error :
System.Data.SqlClient.SqlException (0x80131904): Operand type clash: date is incompatible with int
   at System.Data.SqlClient.SqlConnection.OnError(SqlException exception, Boolean breakConnection, Action`1 wrapCloseInAction)
   at System.Data.SqlClient.SqlInternalConnection.OnError(SqlException exception, Boolean breakConnection, Action`1 wrapCloseInAction)
   at System.Data.SqlClient.TdsParser.ThrowExceptionAndWarning(TdsParserStateObject stateObj, Boolean callerHasConnectionLock, Boolean asyncClose)
   at System.Data.SqlClient.TdsParser.TryRun(RunBehavior runBehavior, SqlCommand cmdHandler, SqlDataReader dataStream, BulkCopySimpleResultSet bulkCopyHandler, TdsParserStateObject stateObj, Boolean& dataReady)
   at System.Data.SqlClient.SqlDataReader.TryConsumeMetaData()
   at System.Data.SqlClient.SqlDataReader.get_MetaData()
   at System.Data.SqlClient.SqlCommand.FinishExecuteReader(SqlDataReader ds, RunBehavior runBehavior, String resetOptionsString)
   at System.Data.SqlClient.SqlCommand.RunExecuteReaderTds(CommandBehavior cmdBehavior, RunBehavior runBehavior, Boolean returnStream, Boolean async, Int32 timeout, Task& task, Boolean asyncWrite, SqlDataReader ds)
   at System.Data.SqlClient.SqlCommand.RunExecuteReader(CommandBehavior cmdBehavior, RunBehavior runBehavior, Boolean returnStream, String method, TaskCompletionSource`1 completion, Int32 timeout, Task& task, Boolean asyncWrite)
   at System.Data.SqlClient.SqlCommand.RunExecuteReader(CommandBehavior cmdBehavior, RunBehavior runBehavior, Boolean returnStream, String method)
   at System.Data.SqlClient.SqlCommand.ExecuteReader(CommandBehavior behavior, String method)
   at System.Data.SqlClient.SqlCommand.ExecuteDbDataReader(CommandBehavior behavior)
   at System.Data.Common.DbCommand.System.Data.IDbCommand.ExecuteReader(CommandBehavior behavior)
   at System.Data.Common.DbDataAdapter.FillInternal(DataSet dataset, DataTable[] datatables, Int32 startRecord, Int32 maxRecords, String srcTable, IDbCommand command, CommandBehavior behavior)
   at System.Data.Common.DbDataAdapter.Fill(DataSet dataSet, Int32 startRecord, Int32 maxRecords, String srcTable, IDbCommand command, CommandBehavior behavior)
   at System.Data.Common.DbDataAdapter.Fill(DataSet dataSet)
   at DatabaseManager.Data.BaseDataAccessor.ExecuteDataSet(String sproc, SqlParameter[] parameters)
   at DatabaseManager.Data.DBAccessManager.RetrieveEmpMonthlyAttendance(Int32 EmpId, String MonthYear)
   at SchoolNet.ViewAttendance.LoadEmpMonthlyAttendance(Int32 EmpId, String MonthYear) in c:\Kesavan\Projects\ARK HRMS\HRMSNet_V2\Common\ViewAttendance.aspx.cs:line 68
ClientConnectionId:957a0486-5af0-4b12-9458-ef480e2464a2
Error Number:206,State:2,Class:16
==========================================

Log written at : 1/20/2016 5:10:52 PM
Error occured on page : http://localhost:8210/HRMSNet_V2/login.aspx

Here is the actual error :
System.Threading.ThreadAbortException: Thread was being aborted.
   at System.Threading.Thread.AbortInternal()
   at System.Threading.Thread.Abort(Object stateInfo)
   at System.Web.HttpResponse.AbortCurrentThread()
   at System.Web.HttpResponse.End()
   at System.Web.HttpResponse.Redirect(String url, Boolean endResponse, Boolean permanent)
   at System.Web.HttpResponse.Redirect(String url)
   at SchoolNet.Login.MemberLogin(Object sender, EventArgs e) in c:\Kesavan\Projects\ARK HRMS\HRMSNet_V2\Login.aspx.cs:line 268
==========================================

Log written at : 1/20/2016 5:11:00 PM
Error occured on page : http://localhost:8210/HRMSNet_V2/Common/ViewAttendance.aspx

Here is the actual error :
System.Data.SqlClient.SqlException (0x80131904): Operand type clash: date is incompatible with int
   at System.Data.SqlClient.SqlConnection.OnError(SqlException exception, Boolean breakConnection, Action`1 wrapCloseInAction)
   at System.Data.SqlClient.SqlInternalConnection.OnError(SqlException exception, Boolean breakConnection, Action`1 wrapCloseInAction)
   at System.Data.SqlClient.TdsParser.ThrowExceptionAndWarning(TdsParserStateObject stateObj, Boolean callerHasConnectionLock, Boolean asyncClose)
   at System.Data.SqlClient.TdsParser.TryRun(RunBehavior runBehavior, SqlCommand cmdHandler, SqlDataReader dataStream, BulkCopySimpleResultSet bulkCopyHandler, TdsParserStateObject stateObj, Boolean& dataReady)
   at System.Data.SqlClient.SqlDataReader.TryConsumeMetaData()
   at System.Data.SqlClient.SqlDataReader.get_MetaData()
   at System.Data.SqlClient.SqlCommand.FinishExecuteReader(SqlDataReader ds, RunBehavior runBehavior, String resetOptionsString)
   at System.Data.SqlClient.SqlCommand.RunExecuteReaderTds(CommandBehavior cmdBehavior, RunBehavior runBehavior, Boolean returnStream, Boolean async, Int32 timeout, Task& task, Boolean asyncWrite, SqlDataReader ds)
   at System.Data.SqlClient.SqlCommand.RunExecuteReader(CommandBehavior cmdBehavior, RunBehavior runBehavior, Boolean returnStream, String method, TaskCompletionSource`1 completion, Int32 timeout, Task& task, Boolean asyncWrite)
   at System.Data.SqlClient.SqlCommand.RunExecuteReader(CommandBehavior cmdBehavior, RunBehavior runBehavior, Boolean returnStream, String method)
   at System.Data.SqlClient.SqlCommand.ExecuteReader(CommandBehavior behavior, String method)
   at System.Data.SqlClient.SqlCommand.ExecuteDbDataReader(CommandBehavior behavior)
   at System.Data.Common.DbCommand.System.Data.IDbCommand.ExecuteReader(CommandBehavior behavior)
   at System.Data.Common.DbDataAdapter.FillInternal(DataSet dataset, DataTable[] datatables, Int32 startRecord, Int32 maxRecords, String srcTable, IDbCommand command, CommandBehavior behavior)
   at System.Data.Common.DbDataAdapter.Fill(DataSet dataSet, Int32 startRecord, Int32 maxRecords, String srcTable, IDbCommand command, CommandBehavior behavior)
   at System.Data.Common.DbDataAdapter.Fill(DataSet dataSet)
   at DatabaseManager.Data.BaseDataAccessor.ExecuteDataSet(String sproc, SqlParameter[] parameters)
   at DatabaseManager.Data.DBAccessManager.RetrieveEmpMonthlyAttendance(Int32 EmpId, String MonthYear)
   at SchoolNet.ViewAttendance.LoadEmpMonthlyAttendance(Int32 EmpId, String MonthYear) in c:\Kesavan\Projects\ARK HRMS\HRMSNet_V2\Common\ViewAttendance.aspx.cs:line 68
ClientConnectionId:957a0486-5af0-4b12-9458-ef480e2464a2
Error Number:206,State:2,Class:16
==========================================

Log written at : 1/20/2016 5:11:19 PM
Error occured on page : http://localhost:8210/HRMSNet_V2/login.aspx

Here is the actual error :
System.Threading.ThreadAbortException: Thread was being aborted.
   at System.Threading.Thread.AbortInternal()
   at System.Threading.Thread.Abort(Object stateInfo)
   at System.Web.HttpResponse.AbortCurrentThread()
   at System.Web.HttpResponse.End()
   at System.Web.HttpResponse.Redirect(String url, Boolean endResponse, Boolean permanent)
   at System.Web.HttpResponse.Redirect(String url)
   at SchoolNet.Login.MemberLogin(Object sender, EventArgs e) in c:\Kesavan\Projects\ARK HRMS\HRMSNet_V2\Login.aspx.cs:line 268
==========================================

Log written at : 1/20/2016 5:13:30 PM
Error occured on page : http://localhost:8210/HRMSNet_V2/login.aspx

Here is the actual error :
System.Threading.ThreadAbortException: Thread was being aborted.
   at System.Threading.Thread.AbortInternal()
   at System.Threading.Thread.Abort(Object stateInfo)
   at System.Web.HttpResponse.AbortCurrentThread()
   at System.Web.HttpResponse.End()
   at System.Web.HttpResponse.Redirect(String url, Boolean endResponse, Boolean permanent)
   at System.Web.HttpResponse.Redirect(String url)
   at SchoolNet.Login.MemberLogin(Object sender, EventArgs e) in c:\Kesavan\Projects\ARK HRMS\HRMSNet_V2\Login.aspx.cs:line 268
==========================================

Log written at : 1/20/2016 5:13:50 PM
Error occured on page : http://localhost:8210/HRMSNet_V2/Common/ViewAttendance.aspx

Here is the actual error :
System.Data.SqlClient.SqlException (0x80131904): Operand type clash: date is incompatible with int
   at System.Data.SqlClient.SqlConnection.OnError(SqlException exception, Boolean breakConnection, Action`1 wrapCloseInAction)
   at System.Data.SqlClient.SqlInternalConnection.OnError(SqlException exception, Boolean breakConnection, Action`1 wrapCloseInAction)
   at System.Data.SqlClient.TdsParser.ThrowExceptionAndWarning(TdsParserStateObject stateObj, Boolean callerHasConnectionLock, Boolean asyncClose)
   at System.Data.SqlClient.TdsParser.TryRun(RunBehavior runBehavior, SqlCommand cmdHandler, SqlDataReader dataStream, BulkCopySimpleResultSet bulkCopyHandler, TdsParserStateObject stateObj, Boolean& dataReady)
   at System.Data.SqlClient.SqlDataReader.TryConsumeMetaData()
   at System.Data.SqlClient.SqlDataReader.get_MetaData()
   at System.Data.SqlClient.SqlCommand.FinishExecuteReader(SqlDataReader ds, RunBehavior runBehavior, String resetOptionsString)
   at System.Data.SqlClient.SqlCommand.RunExecuteReaderTds(CommandBehavior cmdBehavior, RunBehavior runBehavior, Boolean returnStream, Boolean async, Int32 timeout, Task& task, Boolean asyncWrite, SqlDataReader ds)
   at System.Data.SqlClient.SqlCommand.RunExecuteReader(CommandBehavior cmdBehavior, RunBehavior runBehavior, Boolean returnStream, String method, TaskCompletionSource`1 completion, Int32 timeout, Task& task, Boolean asyncWrite)
   at System.Data.SqlClient.SqlCommand.RunExecuteReader(CommandBehavior cmdBehavior, RunBehavior runBehavior, Boolean returnStream, String method)
   at System.Data.SqlClient.SqlCommand.ExecuteReader(CommandBehavior behavior, String method)
   at System.Data.SqlClient.SqlCommand.ExecuteDbDataReader(CommandBehavior behavior)
   at System.Data.Common.DbCommand.System.Data.IDbCommand.ExecuteReader(CommandBehavior behavior)
   at System.Data.Common.DbDataAdapter.FillInternal(DataSet dataset, DataTable[] datatables, Int32 startRecord, Int32 maxRecords, String srcTable, IDbCommand command, CommandBehavior behavior)
   at System.Data.Common.DbDataAdapter.Fill(DataSet dataSet, Int32 startRecord, Int32 maxRecords, String srcTable, IDbCommand command, CommandBehavior behavior)
   at System.Data.Common.DbDataAdapter.Fill(DataSet dataSet)
   at DatabaseManager.Data.BaseDataAccessor.ExecuteDataSet(String sproc, SqlParameter[] parameters)
   at DatabaseManager.Data.DBAccessManager.RetrieveEmpMonthlyAttendance(Int32 EmpId, String MonthYear)
   at SchoolNet.ViewAttendance.LoadEmpMonthlyAttendance(Int32 EmpId, String MonthYear) in c:\Kesavan\Projects\ARK HRMS\HRMSNet_V2\Common\ViewAttendance.aspx.cs:line 68
ClientConnectionId:957a0486-5af0-4b12-9458-ef480e2464a2
Error Number:206,State:2,Class:16
==========================================

Log written at : 1/20/2016 5:13:52 PM
Error occured on page : http://localhost:8210/HRMSNet_V2/Common/ViewAttendance.aspx

Here is the actual error :
System.Data.SqlClient.SqlException (0x80131904): Operand type clash: date is incompatible with int
   at System.Data.SqlClient.SqlConnection.OnError(SqlException exception, Boolean breakConnection, Action`1 wrapCloseInAction)
   at System.Data.SqlClient.SqlInternalConnection.OnError(SqlException exception, Boolean breakConnection, Action`1 wrapCloseInAction)
   at System.Data.SqlClient.TdsParser.ThrowExceptionAndWarning(TdsParserStateObject stateObj, Boolean callerHasConnectionLock, Boolean asyncClose)
   at System.Data.SqlClient.TdsParser.TryRun(RunBehavior runBehavior, SqlCommand cmdHandler, SqlDataReader dataStream, BulkCopySimpleResultSet bulkCopyHandler, TdsParserStateObject stateObj, Boolean& dataReady)
   at System.Data.SqlClient.SqlDataReader.TryConsumeMetaData()
   at System.Data.SqlClient.SqlDataReader.get_MetaData()
   at System.Data.SqlClient.SqlCommand.FinishExecuteReader(SqlDataReader ds, RunBehavior runBehavior, String resetOptionsString)
   at System.Data.SqlClient.SqlCommand.RunExecuteReaderTds(CommandBehavior cmdBehavior, RunBehavior runBehavior, Boolean returnStream, Boolean async, Int32 timeout, Task& task, Boolean asyncWrite, SqlDataReader ds)
   at System.Data.SqlClient.SqlCommand.RunExecuteReader(CommandBehavior cmdBehavior, RunBehavior runBehavior, Boolean returnStream, String method, TaskCompletionSource`1 completion, Int32 timeout, Task& task, Boolean asyncWrite)
   at System.Data.SqlClient.SqlCommand.RunExecuteReader(CommandBehavior cmdBehavior, RunBehavior runBehavior, Boolean returnStream, String method)
   at System.Data.SqlClient.SqlCommand.ExecuteReader(CommandBehavior behavior, String method)
   at System.Data.SqlClient.SqlCommand.ExecuteDbDataReader(CommandBehavior behavior)
   at System.Data.Common.DbCommand.System.Data.IDbCommand.ExecuteReader(CommandBehavior behavior)
   at System.Data.Common.DbDataAdapter.FillInternal(DataSet dataset, DataTable[] datatables, Int32 startRecord, Int32 maxRecords, String srcTable, IDbCommand command, CommandBehavior behavior)
   at System.Data.Common.DbDataAdapter.Fill(DataSet dataSet, Int32 startRecord, Int32 maxRecords, String srcTable, IDbCommand command, CommandBehavior behavior)
   at System.Data.Common.DbDataAdapter.Fill(DataSet dataSet)
   at DatabaseManager.Data.BaseDataAccessor.ExecuteDataSet(String sproc, SqlParameter[] parameters)
   at DatabaseManager.Data.DBAccessManager.RetrieveEmpMonthlyAttendance(Int32 EmpId, String MonthYear)
   at SchoolNet.ViewAttendance.LoadEmpMonthlyAttendance(Int32 EmpId, String MonthYear) in c:\Kesavan\Projects\ARK HRMS\HRMSNet_V2\Common\ViewAttendance.aspx.cs:line 68
ClientConnectionId:957a0486-5af0-4b12-9458-ef480e2464a2
Error Number:206,State:2,Class:16
==========================================

Log written at : 1/20/2016 5:13:54 PM
Error occured on page : http://localhost:8210/HRMSNet_V2/Common/ViewAttendance.aspx

Here is the actual error :
System.Data.SqlClient.SqlException (0x80131904): Operand type clash: date is incompatible with int
   at System.Data.SqlClient.SqlConnection.OnError(SqlException exception, Boolean breakConnection, Action`1 wrapCloseInAction)
   at System.Data.SqlClient.SqlInternalConnection.OnError(SqlException exception, Boolean breakConnection, Action`1 wrapCloseInAction)
   at System.Data.SqlClient.TdsParser.ThrowExceptionAndWarning(TdsParserStateObject stateObj, Boolean callerHasConnectionLock, Boolean asyncClose)
   at System.Data.SqlClient.TdsParser.TryRun(RunBehavior runBehavior, SqlCommand cmdHandler, SqlDataReader dataStream, BulkCopySimpleResultSet bulkCopyHandler, TdsParserStateObject stateObj, Boolean& dataReady)
   at System.Data.SqlClient.SqlDataReader.TryConsumeMetaData()
   at System.Data.SqlClient.SqlDataReader.get_MetaData()
   at System.Data.SqlClient.SqlCommand.FinishExecuteReader(SqlDataReader ds, RunBehavior runBehavior, String resetOptionsString)
   at System.Data.SqlClient.SqlCommand.RunExecuteReaderTds(CommandBehavior cmdBehavior, RunBehavior runBehavior, Boolean returnStream, Boolean async, Int32 timeout, Task& task, Boolean asyncWrite, SqlDataReader ds)
   at System.Data.SqlClient.SqlCommand.RunExecuteReader(CommandBehavior cmdBehavior, RunBehavior runBehavior, Boolean returnStream, String method, TaskCompletionSource`1 completion, Int32 timeout, Task& task, Boolean asyncWrite)
   at System.Data.SqlClient.SqlCommand.RunExecuteReader(CommandBehavior cmdBehavior, RunBehavior runBehavior, Boolean returnStream, String method)
   at System.Data.SqlClient.SqlCommand.ExecuteReader(CommandBehavior behavior, String method)
   at System.Data.SqlClient.SqlCommand.ExecuteDbDataReader(CommandBehavior behavior)
   at System.Data.Common.DbCommand.System.Data.IDbCommand.ExecuteReader(CommandBehavior behavior)
   at System.Data.Common.DbDataAdapter.FillInternal(DataSet dataset, DataTable[] datatables, Int32 startRecord, Int32 maxRecords, String srcTable, IDbCommand command, CommandBehavior behavior)
   at System.Data.Common.DbDataAdapter.Fill(DataSet dataSet, Int32 startRecord, Int32 maxRecords, String srcTable, IDbCommand command, CommandBehavior behavior)
   at System.Data.Common.DbDataAdapter.Fill(DataSet dataSet)
   at DatabaseManager.Data.BaseDataAccessor.ExecuteDataSet(String sproc, SqlParameter[] parameters)
   at DatabaseManager.Data.DBAccessManager.RetrieveEmpMonthlyAttendance(Int32 EmpId, String MonthYear)
   at SchoolNet.ViewAttendance.LoadEmpMonthlyAttendance(Int32 EmpId, String MonthYear) in c:\Kesavan\Projects\ARK HRMS\HRMSNet_V2\Common\ViewAttendance.aspx.cs:line 68
ClientConnectionId:957a0486-5af0-4b12-9458-ef480e2464a2
Error Number:206,State:2,Class:16
==========================================

Log written at : 1/20/2016 5:13:55 PM
Error occured on page : http://localhost:8210/HRMSNet_V2/Common/ViewAttendance.aspx

Here is the actual error :
System.Data.SqlClient.SqlException (0x80131904): Operand type clash: date is incompatible with int
   at System.Data.SqlClient.SqlConnection.OnError(SqlException exception, Boolean breakConnection, Action`1 wrapCloseInAction)
   at System.Data.SqlClient.SqlInternalConnection.OnError(SqlException exception, Boolean breakConnection, Action`1 wrapCloseInAction)
   at System.Data.SqlClient.TdsParser.ThrowExceptionAndWarning(TdsParserStateObject stateObj, Boolean callerHasConnectionLock, Boolean asyncClose)
   at System.Data.SqlClient.TdsParser.TryRun(RunBehavior runBehavior, SqlCommand cmdHandler, SqlDataReader dataStream, BulkCopySimpleResultSet bulkCopyHandler, TdsParserStateObject stateObj, Boolean& dataReady)
   at System.Data.SqlClient.SqlDataReader.TryConsumeMetaData()
   at System.Data.SqlClient.SqlDataReader.get_MetaData()
   at System.Data.SqlClient.SqlCommand.FinishExecuteReader(SqlDataReader ds, RunBehavior runBehavior, String resetOptionsString)
   at System.Data.SqlClient.SqlCommand.RunExecuteReaderTds(CommandBehavior cmdBehavior, RunBehavior runBehavior, Boolean returnStream, Boolean async, Int32 timeout, Task& task, Boolean asyncWrite, SqlDataReader ds)
   at System.Data.SqlClient.SqlCommand.RunExecuteReader(CommandBehavior cmdBehavior, RunBehavior runBehavior, Boolean returnStream, String method, TaskCompletionSource`1 completion, Int32 timeout, Task& task, Boolean asyncWrite)
   at System.Data.SqlClient.SqlCommand.RunExecuteReader(CommandBehavior cmdBehavior, RunBehavior runBehavior, Boolean returnStream, String method)
   at System.Data.SqlClient.SqlCommand.ExecuteReader(CommandBehavior behavior, String method)
   at System.Data.SqlClient.SqlCommand.ExecuteDbDataReader(CommandBehavior behavior)
   at System.Data.Common.DbCommand.System.Data.IDbCommand.ExecuteReader(CommandBehavior behavior)
   at System.Data.Common.DbDataAdapter.FillInternal(DataSet dataset, DataTable[] datatables, Int32 startRecord, Int32 maxRecords, String srcTable, IDbCommand command, CommandBehavior behavior)
   at System.Data.Common.DbDataAdapter.Fill(DataSet dataSet, Int32 startRecord, Int32 maxRecords, String srcTable, IDbCommand command, CommandBehavior behavior)
   at System.Data.Common.DbDataAdapter.Fill(DataSet dataSet)
   at DatabaseManager.Data.BaseDataAccessor.ExecuteDataSet(String sproc, SqlParameter[] parameters)
   at DatabaseManager.Data.DBAccessManager.RetrieveEmpMonthlyAttendance(Int32 EmpId, String MonthYear)
   at SchoolNet.ViewAttendance.LoadEmpMonthlyAttendance(Int32 EmpId, String MonthYear) in c:\Kesavan\Projects\ARK HRMS\HRMSNet_V2\Common\ViewAttendance.aspx.cs:line 68
ClientConnectionId:957a0486-5af0-4b12-9458-ef480e2464a2
Error Number:206,State:2,Class:16
==========================================

Log written at : 1/20/2016 5:14:00 PM
Error occured on page : http://localhost:8210/HRMSNet_V2/Common/ViewAttendance.aspx

Here is the actual error :
System.Data.SqlClient.SqlException (0x80131904): Operand type clash: date is incompatible with int
   at System.Data.SqlClient.SqlConnection.OnError(SqlException exception, Boolean breakConnection, Action`1 wrapCloseInAction)
   at System.Data.SqlClient.SqlInternalConnection.OnError(SqlException exception, Boolean breakConnection, Action`1 wrapCloseInAction)
   at System.Data.SqlClient.TdsParser.ThrowExceptionAndWarning(TdsParserStateObject stateObj, Boolean callerHasConnectionLock, Boolean asyncClose)
   at System.Data.SqlClient.TdsParser.TryRun(RunBehavior runBehavior, SqlCommand cmdHandler, SqlDataReader dataStream, BulkCopySimpleResultSet bulkCopyHandler, TdsParserStateObject stateObj, Boolean& dataReady)
   at System.Data.SqlClient.SqlDataReader.TryConsumeMetaData()
   at System.Data.SqlClient.SqlDataReader.get_MetaData()
   at System.Data.SqlClient.SqlCommand.FinishExecuteReader(SqlDataReader ds, RunBehavior runBehavior, String resetOptionsString)
   at System.Data.SqlClient.SqlCommand.RunExecuteReaderTds(CommandBehavior cmdBehavior, RunBehavior runBehavior, Boolean returnStream, Boolean async, Int32 timeout, Task& task, Boolean asyncWrite, SqlDataReader ds)
   at System.Data.SqlClient.SqlCommand.RunExecuteReader(CommandBehavior cmdBehavior, RunBehavior runBehavior, Boolean returnStream, String method, TaskCompletionSource`1 completion, Int32 timeout, Task& task, Boolean asyncWrite)
   at System.Data.SqlClient.SqlCommand.RunExecuteReader(CommandBehavior cmdBehavior, RunBehavior runBehavior, Boolean returnStream, String method)
   at System.Data.SqlClient.SqlCommand.ExecuteReader(CommandBehavior behavior, String method)
   at System.Data.SqlClient.SqlCommand.ExecuteDbDataReader(CommandBehavior behavior)
   at System.Data.Common.DbCommand.System.Data.IDbCommand.ExecuteReader(CommandBehavior behavior)
   at System.Data.Common.DbDataAdapter.FillInternal(DataSet dataset, DataTable[] datatables, Int32 startRecord, Int32 maxRecords, String srcTable, IDbCommand command, CommandBehavior behavior)
   at System.Data.Common.DbDataAdapter.Fill(DataSet dataSet, Int32 startRecord, Int32 maxRecords, String srcTable, IDbCommand command, CommandBehavior behavior)
   at System.Data.Common.DbDataAdapter.Fill(DataSet dataSet)
   at DatabaseManager.Data.BaseDataAccessor.ExecuteDataSet(String sproc, SqlParameter[] parameters)
   at DatabaseManager.Data.DBAccessManager.RetrieveEmpMonthlyAttendance(Int32 EmpId, String MonthYear)
   at SchoolNet.ViewAttendance.LoadEmpMonthlyAttendance(Int32 EmpId, String MonthYear) in c:\Kesavan\Projects\ARK HRMS\HRMSNet_V2\Common\ViewAttendance.aspx.cs:line 68
ClientConnectionId:957a0486-5af0-4b12-9458-ef480e2464a2
Error Number:206,State:2,Class:16
==========================================

Log written at : 1/20/2016 5:46:08 PM
Error occured on page : http://localhost:8210/HRMSNet_V2/Common/ViewAttendance.aspx

Here is the actual error :
System.IndexOutOfRangeException: Cannot find table 0.
   at System.Data.DataTableCollection.get_Item(Int32 index)
   at SchoolNet.ViewAttendance.LoadEmpMonthlyAttendance(Int32 EmpId, String MonthYear) in c:\Kesavan\Projects\ARK HRMS\HRMSNet_V2\Common\ViewAttendance.aspx.cs:line 69
==========================================

Log written at : 1/20/2016 5:46:10 PM
Error occured on page : http://localhost:8210/HRMSNet_V2/Common/ViewAttendance.aspx

Here is the actual error :
System.IndexOutOfRangeException: Cannot find table 0.
   at System.Data.DataTableCollection.get_Item(Int32 index)
   at SchoolNet.ViewAttendance.LoadEmpMonthlyAttendance(Int32 EmpId, String MonthYear) in c:\Kesavan\Projects\ARK HRMS\HRMSNet_V2\Common\ViewAttendance.aspx.cs:line 69
==========================================

Log written at : 1/20/2016 5:46:12 PM
Error occured on page : http://localhost:8210/HRMSNet_V2/Common/ViewAttendance.aspx

Here is the actual error :
System.IndexOutOfRangeException: Cannot find table 0.
   at System.Data.DataTableCollection.get_Item(Int32 index)
   at SchoolNet.ViewAttendance.LoadEmpMonthlyAttendance(Int32 EmpId, String MonthYear) in c:\Kesavan\Projects\ARK HRMS\HRMSNet_V2\Common\ViewAttendance.aspx.cs:line 69
==========================================

Log written at : 1/20/2016 5:46:13 PM
Error occured on page : http://localhost:8210/HRMSNet_V2/Common/ViewAttendance.aspx

Here is the actual error :
System.IndexOutOfRangeException: Cannot find table 0.
   at System.Data.DataTableCollection.get_Item(Int32 index)
   at SchoolNet.ViewAttendance.LoadEmpMonthlyAttendance(Int32 EmpId, String MonthYear) in c:\Kesavan\Projects\ARK HRMS\HRMSNet_V2\Common\ViewAttendance.aspx.cs:line 69
==========================================

Log written at : 1/20/2016 6:49:42 PM
Error occured on page : http://localhost:8210/HRMSNet_V2/login.aspx?ReturnUrl=/HRMSNet_V2/Common/ViewAttendance.aspx

Here is the actual error :
System.Threading.ThreadAbortException: Thread was being aborted.
   at System.Threading.Thread.AbortInternal()
   at System.Threading.Thread.Abort(Object stateInfo)
   at System.Web.HttpResponse.AbortCurrentThread()
   at System.Web.HttpResponse.End()
   at System.Web.HttpResponse.Redirect(String url, Boolean endResponse, Boolean permanent)
   at System.Web.HttpResponse.Redirect(String url)
   at SchoolNet.Login.MemberLogin(Object sender, EventArgs e) in c:\Kesavan\Projects\ARK HRMS\HRMSNet_V2\Login.aspx.cs:line 268
==========================================

Log written at : 1/20/2016 6:58:26 PM
Error occured on page : http://localhost:8210/HRMSNet_V2/login.aspx?ReturnUrl=/HRMSNet_V2/admin/dashboard.aspx

Here is the actual error :
System.Threading.ThreadAbortException: Thread was being aborted.
   at System.Threading.Thread.AbortInternal()
   at System.Threading.Thread.Abort(Object stateInfo)
   at System.Web.HttpResponse.AbortCurrentThread()
   at System.Web.HttpResponse.End()
   at System.Web.HttpResponse.Redirect(String url, Boolean endResponse, Boolean permanent)
   at System.Web.HttpResponse.Redirect(String url)
   at SchoolNet.Login.RedirectBasedonRole() in c:\Kesavan\Projects\ARK HRMS\HRMSNet_V2\Login.aspx.cs:line 322
==========================================
