
Log written at : 7/21/2015 12:57:49 PM
Error occured on page : http://localhost:56141/HRMSNet_Dev/login.aspx?ReturnUrl=/HRMSNet_Dev/default.aspx?

Here is the actual error :
System.Threading.ThreadAbortException: Thread was being aborted.
   at System.Threading.Thread.AbortInternal()
   at System.Threading.Thread.Abort(Object stateInfo)
   at System.Web.HttpResponse.AbortCurrentThread()
   at System.Web.HttpResponse.End()
   at System.Web.HttpResponse.Redirect(String url, Boolean endResponse, Boolean permanent)
   at System.Web.HttpResponse.Redirect(String url)
   at SchoolNet.Login.MemberLogin(Object sender, EventArgs e) in c:\Kesavan\Projects\ARK HRMS\HRMSNet_Dev\Login.aspx.cs:line 268
==========================================

Log written at : 7/21/2015 1:29:24 PM
Error occured on page : http://localhost:56141/HRMSNet_Dev/login.aspx

Here is the actual error :
System.Threading.ThreadAbortException: Thread was being aborted.
   at System.Threading.Thread.AbortInternal()
   at System.Threading.Thread.Abort(Object stateInfo)
   at System.Web.HttpResponse.AbortCurrentThread()
   at System.Web.HttpResponse.End()
   at System.Web.HttpResponse.Redirect(String url, Boolean endResponse, Boolean permanent)
   at System.Web.HttpResponse.Redirect(String url)
   at SchoolNet.Login.MemberLogin(Object sender, EventArgs e) in c:\Kesavan\Projects\ARK HRMS\HRMSNet_Dev\Login.aspx.cs:line 268
==========================================

Log written at : 7/21/2015 1:39:47 PM
Error occured on page : http://localhost:56141/HRMSNet_Dev/login.aspx?ReturnUrl=/HRMSNet_Dev/Common/Reports.aspx

Here is the actual error :
System.Threading.ThreadAbortException: Thread was being aborted.
   at System.Threading.Thread.AbortInternal()
   at System.Threading.Thread.Abort(Object stateInfo)
   at System.Web.HttpResponse.AbortCurrentThread()
   at System.Web.HttpResponse.End()
   at System.Web.HttpResponse.Redirect(String url, Boolean endResponse, Boolean permanent)
   at System.Web.HttpResponse.Redirect(String url)
   at SchoolNet.Login.RedirectBasedonRole() in c:\Kesavan\Projects\ARK HRMS\HRMSNet_Dev\Login.aspx.cs:line 322
==========================================

Log written at : 7/21/2015 1:40:13 PM
Error occured on page : http://localhost:56141/HRMSNet_Dev/login.aspx?ReturnUrl=/HRMSNet_Dev/Common/Reports.aspx

Here is the actual error :
System.Threading.ThreadAbortException: Thread was being aborted.
   at System.Threading.Thread.AbortInternal()
   at System.Threading.Thread.Abort(Object stateInfo)
   at System.Web.HttpResponse.AbortCurrentThread()
   at System.Web.HttpResponse.End()
   at System.Web.HttpResponse.Redirect(String url, Boolean endResponse, Boolean permanent)
   at System.Web.HttpResponse.Redirect(String url)
   at SchoolNet.Login.RedirectBasedonRole() in c:\Kesavan\Projects\ARK HRMS\HRMSNet_Dev\Login.aspx.cs:line 322
==========================================

Log written at : 7/21/2015 1:40:14 PM
Error occured on page : http://localhost:56141/HRMSNet_Dev/login.aspx?ReturnUrl=/HRMSNet_Dev/Common/Reports.aspx

Here is the actual error :
System.Threading.ThreadAbortException: Thread was being aborted.
   at System.Threading.Thread.AbortInternal()
   at System.Threading.Thread.Abort(Object stateInfo)
   at System.Web.HttpResponse.AbortCurrentThread()
   at System.Web.HttpResponse.End()
   at System.Web.HttpResponse.Redirect(String url, Boolean endResponse, Boolean permanent)
   at System.Web.HttpResponse.Redirect(String url)
   at SchoolNet.Login.RedirectBasedonRole() in c:\Kesavan\Projects\ARK HRMS\HRMSNet_Dev\Login.aspx.cs:line 322
==========================================

Log written at : 7/21/2015 1:40:32 PM
Error occured on page : http://localhost:56141/HRMSNet_Dev/login.aspx?ReturnUrl=/HRMSNet_Dev/Common/Reports.aspx

Here is the actual error :
System.Threading.ThreadAbortException: Thread was being aborted.
   at System.Threading.Thread.AbortInternal()
   at System.Threading.Thread.Abort(Object stateInfo)
   at System.Web.HttpResponse.AbortCurrentThread()
   at System.Web.HttpResponse.End()
   at System.Web.HttpResponse.Redirect(String url, Boolean endResponse, Boolean permanent)
   at System.Web.HttpResponse.Redirect(String url)
   at SchoolNet.Login.RedirectBasedonRole() in c:\Kesavan\Projects\ARK HRMS\HRMSNet_Dev\Login.aspx.cs:line 322
==========================================

Log written at : 7/21/2015 1:40:34 PM
Error occured on page : http://localhost:56141/HRMSNet_Dev/login.aspx?ReturnUrl=/HRMSNet_Dev/Common/Reports.aspx

Here is the actual error :
System.Threading.ThreadAbortException: Thread was being aborted.
   at System.Threading.Thread.AbortInternal()
   at System.Threading.Thread.Abort(Object stateInfo)
   at System.Web.HttpResponse.AbortCurrentThread()
   at System.Web.HttpResponse.End()
   at System.Web.HttpResponse.Redirect(String url, Boolean endResponse, Boolean permanent)
   at System.Web.HttpResponse.Redirect(String url)
   at SchoolNet.Login.RedirectBasedonRole() in c:\Kesavan\Projects\ARK HRMS\HRMSNet_Dev\Login.aspx.cs:line 322
==========================================

Log written at : 7/21/2015 1:40:41 PM
Error occured on page : http://localhost:56141/HRMSNet_Dev/login.aspx?ReturnUrl=/HRMSNet_Dev/Common/Reports.aspx

Here is the actual error :
System.Threading.ThreadAbortException: Thread was being aborted.
   at System.Threading.Thread.AbortInternal()
   at System.Threading.Thread.Abort(Object stateInfo)
   at System.Web.HttpResponse.AbortCurrentThread()
   at System.Web.HttpResponse.End()
   at System.Web.HttpResponse.Redirect(String url, Boolean endResponse, Boolean permanent)
   at System.Web.HttpResponse.Redirect(String url)
   at SchoolNet.Login.RedirectBasedonRole() in c:\Kesavan\Projects\ARK HRMS\HRMSNet_Dev\Login.aspx.cs:line 322
==========================================

Log written at : 7/21/2015 1:41:55 PM
Error occured on page : http://localhost:56141/HRMSNet_Dev/login.aspx?ReturnUrl=/HRMSNet_Dev/Logout.aspx

Here is the actual error :
System.Threading.ThreadAbortException: Thread was being aborted.
   at System.Threading.Thread.AbortInternal()
   at System.Threading.Thread.Abort(Object stateInfo)
   at System.Web.HttpResponse.AbortCurrentThread()
   at System.Web.HttpResponse.End()
   at System.Web.HttpResponse.Redirect(String url, Boolean endResponse, Boolean permanent)
   at System.Web.HttpResponse.Redirect(String url)
   at SchoolNet.Login.MemberLogin(Object sender, EventArgs e) in c:\Kesavan\Projects\ARK HRMS\HRMSNet_Dev\Login.aspx.cs:line 268
==========================================

Log written at : 7/21/2015 1:41:58 PM
Error occured on page : http://localhost:56141/HRMSNet_Dev/login.aspx?ReturnUrl=/HRMSNet_Dev/Common/Reports.aspx

Here is the actual error :
System.Threading.ThreadAbortException: Thread was being aborted.
   at System.Threading.Thread.AbortInternal()
   at System.Threading.Thread.Abort(Object stateInfo)
   at System.Web.HttpResponse.AbortCurrentThread()
   at System.Web.HttpResponse.End()
   at System.Web.HttpResponse.Redirect(String url, Boolean endResponse, Boolean permanent)
   at System.Web.HttpResponse.Redirect(String url)
   at SchoolNet.Login.RedirectBasedonRole() in c:\Kesavan\Projects\ARK HRMS\HRMSNet_Dev\Login.aspx.cs:line 322
==========================================

Log written at : 7/21/2015 1:42:06 PM
Error occured on page : http://localhost:56141/HRMSNet_Dev/login.aspx?ReturnUrl=/HRMSNet_Dev/Common/Reports.aspx

Here is the actual error :
System.Threading.ThreadAbortException: Thread was being aborted.
   at System.Threading.Thread.AbortInternal()
   at System.Threading.Thread.Abort(Object stateInfo)
   at System.Web.HttpResponse.AbortCurrentThread()
   at System.Web.HttpResponse.End()
   at System.Web.HttpResponse.Redirect(String url, Boolean endResponse, Boolean permanent)
   at System.Web.HttpResponse.Redirect(String url)
   at SchoolNet.Login.RedirectBasedonRole() in c:\Kesavan\Projects\ARK HRMS\HRMSNet_Dev\Login.aspx.cs:line 322
==========================================

Log written at : 7/21/2015 1:42:08 PM
Error occured on page : http://localhost:56141/HRMSNet_Dev/login.aspx?ReturnUrl=/HRMSNet_Dev/Common/Reports.aspx

Here is the actual error :
System.Threading.ThreadAbortException: Thread was being aborted.
   at System.Threading.Thread.AbortInternal()
   at System.Threading.Thread.Abort(Object stateInfo)
   at System.Web.HttpResponse.AbortCurrentThread()
   at System.Web.HttpResponse.End()
   at System.Web.HttpResponse.Redirect(String url, Boolean endResponse, Boolean permanent)
   at System.Web.HttpResponse.Redirect(String url)
   at SchoolNet.Login.RedirectBasedonRole() in c:\Kesavan\Projects\ARK HRMS\HRMSNet_Dev\Login.aspx.cs:line 322
==========================================

Log written at : 7/21/2015 1:42:10 PM
Error occured on page : http://localhost:56141/HRMSNet_Dev/login.aspx?ReturnUrl=/HRMSNet_Dev/Common/Reports.aspx

Here is the actual error :
System.Threading.ThreadAbortException: Thread was being aborted.
   at System.Threading.Thread.AbortInternal()
   at System.Threading.Thread.Abort(Object stateInfo)
   at System.Web.HttpResponse.AbortCurrentThread()
   at System.Web.HttpResponse.End()
   at System.Web.HttpResponse.Redirect(String url, Boolean endResponse, Boolean permanent)
   at System.Web.HttpResponse.Redirect(String url)
   at SchoolNet.Login.RedirectBasedonRole() in c:\Kesavan\Projects\ARK HRMS\HRMSNet_Dev\Login.aspx.cs:line 322
==========================================

Log written at : 7/21/2015 1:44:11 PM
Error occured on page : http://localhost:56141/HRMSNet_Dev/login.aspx?ReturnUrl=/HRMSNet_Dev/common/Reports.aspx

Here is the actual error :
System.Threading.ThreadAbortException: Thread was being aborted.
   at System.Threading.Thread.AbortInternal()
   at System.Threading.Thread.Abort(Object stateInfo)
   at System.Web.HttpResponse.AbortCurrentThread()
   at System.Web.HttpResponse.End()
   at System.Web.HttpResponse.Redirect(String url, Boolean endResponse, Boolean permanent)
   at System.Web.HttpResponse.Redirect(String url)
   at SchoolNet.Login.RedirectBasedonRole() in c:\Kesavan\Projects\ARK HRMS\HRMSNet_Dev\Login.aspx.cs:line 322
==========================================

Log written at : 7/21/2015 1:46:50 PM
Error occured on page : http://localhost:56141/HRMSNet_Dev/login.aspx?ReturnUrl=/HRMSNet_Dev/Common/Reports.aspx

Here is the actual error :
System.Threading.ThreadAbortException: Thread was being aborted.
   at System.Threading.Thread.AbortInternal()
   at System.Threading.Thread.Abort(Object stateInfo)
   at System.Web.HttpResponse.AbortCurrentThread()
   at System.Web.HttpResponse.End()
   at System.Web.HttpResponse.Redirect(String url, Boolean endResponse, Boolean permanent)
   at System.Web.HttpResponse.Redirect(String url)
   at SchoolNet.Login.RedirectBasedonRole() in c:\Kesavan\Projects\ARK HRMS\HRMSNet_Dev\Login.aspx.cs:line 322
==========================================

Log written at : 7/21/2015 1:46:52 PM
Error occured on page : http://localhost:56141/HRMSNet_Dev/login.aspx?ReturnUrl=/HRMSNet_Dev/Common/Reports.aspx

Here is the actual error :
System.Threading.ThreadAbortException: Thread was being aborted.
   at System.Threading.Thread.AbortInternal()
   at System.Threading.Thread.Abort(Object stateInfo)
   at System.Web.HttpResponse.AbortCurrentThread()
   at System.Web.HttpResponse.End()
   at System.Web.HttpResponse.Redirect(String url, Boolean endResponse, Boolean permanent)
   at System.Web.HttpResponse.Redirect(String url)
   at SchoolNet.Login.RedirectBasedonRole() in c:\Kesavan\Projects\ARK HRMS\HRMSNet_Dev\Login.aspx.cs:line 322
==========================================

Log written at : 7/21/2015 1:46:53 PM
Error occured on page : http://localhost:56141/HRMSNet_Dev/login.aspx?ReturnUrl=/HRMSNet_Dev/Common/Reports.aspx

Here is the actual error :
System.Threading.ThreadAbortException: Thread was being aborted.
   at System.Threading.Thread.AbortInternal()
   at System.Threading.Thread.Abort(Object stateInfo)
   at System.Web.HttpResponse.AbortCurrentThread()
   at System.Web.HttpResponse.End()
   at System.Web.HttpResponse.Redirect(String url, Boolean endResponse, Boolean permanent)
   at System.Web.HttpResponse.Redirect(String url)
   at SchoolNet.Login.RedirectBasedonRole() in c:\Kesavan\Projects\ARK HRMS\HRMSNet_Dev\Login.aspx.cs:line 322
==========================================

Log written at : 7/21/2015 1:54:00 PM
Error occured on page : http://localhost:56141/HRMSNet_Dev/login.aspx?ReturnUrl=/HRMSNet_Dev/Common/Reports.aspx

Here is the actual error :
System.Threading.ThreadAbortException: Thread was being aborted.
   at System.Threading.Thread.AbortInternal()
   at System.Threading.Thread.Abort(Object stateInfo)
   at System.Web.HttpResponse.AbortCurrentThread()
   at System.Web.HttpResponse.End()
   at System.Web.HttpResponse.Redirect(String url, Boolean endResponse, Boolean permanent)
   at System.Web.HttpResponse.Redirect(String url)
   at SchoolNet.Login.RedirectBasedonRole() in c:\Kesavan\Projects\ARK HRMS\HRMSNet_Dev\Login.aspx.cs:line 322
==========================================

Log written at : 7/21/2015 1:54:03 PM
Error occured on page : http://localhost:56141/HRMSNet_Dev/login.aspx?ReturnUrl=/HRMSNet_Dev/Common/Reports.aspx

Here is the actual error :
System.Threading.ThreadAbortException: Thread was being aborted.
   at System.Threading.Thread.AbortInternal()
   at System.Threading.Thread.Abort(Object stateInfo)
   at System.Web.HttpResponse.AbortCurrentThread()
   at System.Web.HttpResponse.End()
   at System.Web.HttpResponse.Redirect(String url, Boolean endResponse, Boolean permanent)
   at System.Web.HttpResponse.Redirect(String url)
   at SchoolNet.Login.RedirectBasedonRole() in c:\Kesavan\Projects\ARK HRMS\HRMSNet_Dev\Login.aspx.cs:line 322
==========================================

Log written at : 7/21/2015 1:55:25 PM
Error occured on page : http://localhost:56141/HRMSNet_Dev/login.aspx

Here is the actual error :
System.Threading.ThreadAbortException: Thread was being aborted.
   at System.Threading.Thread.AbortInternal()
   at System.Threading.Thread.Abort(Object stateInfo)
   at System.Web.HttpResponse.AbortCurrentThread()
   at System.Web.HttpResponse.End()
   at System.Web.HttpResponse.Redirect(String url, Boolean endResponse, Boolean permanent)
   at System.Web.HttpResponse.Redirect(String url)
   at SchoolNet.Login.MemberLogin(Object sender, EventArgs e) in c:\Kesavan\Projects\ARK HRMS\HRMSNet_Dev\Login.aspx.cs:line 268
==========================================

Log written at : 7/21/2015 2:18:04 PM
Error occured on page : http://localhost:56141/HRMSNet_Dev/login.aspx

Here is the actual error :
System.Threading.ThreadAbortException: Thread was being aborted.
   at System.Threading.Thread.AbortInternal()
   at System.Threading.Thread.Abort(Object stateInfo)
   at System.Web.HttpResponse.AbortCurrentThread()
   at System.Web.HttpResponse.End()
   at System.Web.HttpResponse.Redirect(String url, Boolean endResponse, Boolean permanent)
   at System.Web.HttpResponse.Redirect(String url)
   at SchoolNet.Login.MemberLogin(Object sender, EventArgs e) in c:\Kesavan\Projects\ARK HRMS\HRMSNet_Dev\Login.aspx.cs:line 268
==========================================

Log written at : 7/21/2015 2:19:29 PM
Error occured on page : http://localhost:56141/HRMSNet_Dev/login.aspx

Here is the actual error :
System.Threading.ThreadAbortException: Thread was being aborted.
   at System.Threading.Thread.AbortInternal()
   at System.Threading.Thread.Abort(Object stateInfo)
   at System.Web.HttpResponse.AbortCurrentThread()
   at System.Web.HttpResponse.End()
   at System.Web.HttpResponse.Redirect(String url, Boolean endResponse, Boolean permanent)
   at System.Web.HttpResponse.Redirect(String url)
   at SchoolNet.Login.MemberLogin(Object sender, EventArgs e) in c:\Kesavan\Projects\ARK HRMS\HRMSNet_Dev\Login.aspx.cs:line 268
==========================================

Log written at : 7/21/2015 2:33:47 PM
Error occured on page : http://localhost:56141/HRMSNet_Dev/login.aspx

Here is the actual error :
System.Threading.ThreadAbortException: Thread was being aborted.
   at System.Threading.Thread.AbortInternal()
   at System.Threading.Thread.Abort(Object stateInfo)
   at System.Web.HttpResponse.AbortCurrentThread()
   at System.Web.HttpResponse.End()
   at System.Web.HttpResponse.Redirect(String url, Boolean endResponse, Boolean permanent)
   at System.Web.HttpResponse.Redirect(String url)
   at SchoolNet.Login.MemberLogin(Object sender, EventArgs e) in c:\Kesavan\Projects\ARK HRMS\HRMSNet_Dev\Login.aspx.cs:line 268
==========================================

Log written at : 7/21/2015 2:34:06 PM
Error occured on page : http://localhost:56141/HRMSNet_Dev/login.aspx

Here is the actual error :
System.Threading.ThreadAbortException: Thread was being aborted.
   at System.Threading.Thread.AbortInternal()
   at System.Threading.Thread.Abort(Object stateInfo)
   at System.Web.HttpResponse.AbortCurrentThread()
   at System.Web.HttpResponse.End()
   at System.Web.HttpResponse.Redirect(String url, Boolean endResponse, Boolean permanent)
   at System.Web.HttpResponse.Redirect(String url)
   at SchoolNet.Login.MemberLogin(Object sender, EventArgs e) in c:\Kesavan\Projects\ARK HRMS\HRMSNet_Dev\Login.aspx.cs:line 268
==========================================

Log written at : 7/21/2015 2:34:28 PM
Error occured on page : http://localhost:56141/HRMSNet_Dev/login.aspx?ReturnUrl=/HRMSNet_Dev/default.aspx?

Here is the actual error :
System.Threading.ThreadAbortException: Thread was being aborted.
   at System.Threading.Thread.AbortInternal()
   at System.Threading.Thread.Abort(Object stateInfo)
   at System.Web.HttpResponse.AbortCurrentThread()
   at System.Web.HttpResponse.End()
   at System.Web.HttpResponse.Redirect(String url, Boolean endResponse, Boolean permanent)
   at System.Web.HttpResponse.Redirect(String url)
   at SchoolNet.Login.RedirectBasedonRole() in c:\Kesavan\Projects\ARK HRMS\HRMSNet_Dev\Login.aspx.cs:line 322
==========================================

Log written at : 7/21/2015 2:34:56 PM
Error occured on page : http://localhost:56141/HRMSNet_Dev/login.aspx

Here is the actual error :
System.Threading.ThreadAbortException: Thread was being aborted.
   at System.Threading.Thread.AbortInternal()
   at System.Threading.Thread.Abort(Object stateInfo)
   at System.Web.HttpResponse.AbortCurrentThread()
   at System.Web.HttpResponse.End()
   at System.Web.HttpResponse.Redirect(String url, Boolean endResponse, Boolean permanent)
   at System.Web.HttpResponse.Redirect(String url)
   at SchoolNet.Login.MemberLogin(Object sender, EventArgs e) in c:\Kesavan\Projects\ARK HRMS\HRMSNet_Dev\Login.aspx.cs:line 268
==========================================

Log written at : 7/21/2015 4:22:02 PM
Error occured on page : http://localhost:56141/HRMSNet_Dev/login.aspx?ReturnUrl=/HRMSNet_Dev/Common/Reports.aspx

Here is the actual error :
System.Threading.ThreadAbortException: Thread was being aborted.
   at System.Threading.Thread.AbortInternal()
   at System.Threading.Thread.Abort(Object stateInfo)
   at System.Web.HttpResponse.AbortCurrentThread()
   at System.Web.HttpResponse.End()
   at System.Web.HttpResponse.Redirect(String url, Boolean endResponse, Boolean permanent)
   at System.Web.HttpResponse.Redirect(String url)
   at SchoolNet.Login.MemberLogin(Object sender, EventArgs e) in c:\Kesavan\Projects\ARK HRMS\HRMSNet_Dev\Login.aspx.cs:line 268
==========================================

Log written at : 7/21/2015 4:28:01 PM
Error occured on page : http://localhost:56141/HRMSNet_Dev/admin/MissingDataReport.aspx

Here is the actual error :
System.Threading.ThreadAbortException: Thread was being aborted.
   at System.Threading.Thread.AbortInternal()
   at System.Threading.Thread.Abort(Object stateInfo)
   at System.Web.HttpResponse.AbortCurrentThread()
   at System.Web.HttpResponse.End()
   at SchoolNet.MissingDataReport.ExportToExcel(DataTable dt) in c:\Kesavan\Projects\ARK HRMS\HRMSNet_Dev\Admin\MissingDataReport.aspx.cs:line 161
   at SchoolNet.MissingDataReport.GetMissingDataType() in c:\Kesavan\Projects\ARK HRMS\HRMSNet_Dev\Admin\MissingDataReport.aspx.cs:line 77
==========================================

Log written at : 7/21/2015 4:28:42 PM
Error occured on page : http://localhost:56141/HRMSNet_Dev/admin/MissingDataReport.aspx

Here is the actual error :
System.Threading.ThreadAbortException: Thread was being aborted.
   at System.Threading.Thread.AbortInternal()
   at System.Threading.Thread.Abort(Object stateInfo)
   at System.Web.HttpResponse.AbortCurrentThread()
   at System.Web.HttpResponse.End()
   at SchoolNet.MissingDataReport.ExportToExcel(DataTable dt) in c:\Kesavan\Projects\ARK HRMS\HRMSNet_Dev\Admin\MissingDataReport.aspx.cs:line 161
   at SchoolNet.MissingDataReport.GetMissingDataType() in c:\Kesavan\Projects\ARK HRMS\HRMSNet_Dev\Admin\MissingDataReport.aspx.cs:line 77
==========================================

Log written at : 7/21/2015 4:29:07 PM
Error occured on page : http://localhost:56141/HRMSNet_Dev/admin/EmployeeServiceYearsReport.aspx

Here is the actual error :
System.Data.SqlClient.SqlException (0x80131904): Invalid object name 'HRIS.dbo.Employee_View'.
   at System.Data.SqlClient.SqlConnection.OnError(SqlException exception, Boolean breakConnection, Action`1 wrapCloseInAction)
   at System.Data.SqlClient.SqlInternalConnection.OnError(SqlException exception, Boolean breakConnection, Action`1 wrapCloseInAction)
   at System.Data.SqlClient.TdsParser.ThrowExceptionAndWarning(TdsParserStateObject stateObj, Boolean callerHasConnectionLock, Boolean asyncClose)
   at System.Data.SqlClient.TdsParser.TryRun(RunBehavior runBehavior, SqlCommand cmdHandler, SqlDataReader dataStream, BulkCopySimpleResultSet bulkCopyHandler, TdsParserStateObject stateObj, Boolean& dataReady)
   at System.Data.SqlClient.SqlDataReader.TryConsumeMetaData()
   at System.Data.SqlClient.SqlDataReader.get_MetaData()
   at System.Data.SqlClient.SqlCommand.FinishExecuteReader(SqlDataReader ds, RunBehavior runBehavior, String resetOptionsString)
   at System.Data.SqlClient.SqlCommand.RunExecuteReaderTds(CommandBehavior cmdBehavior, RunBehavior runBehavior, Boolean returnStream, Boolean async, Int32 timeout, Task& task, Boolean asyncWrite, SqlDataReader ds)
   at System.Data.SqlClient.SqlCommand.RunExecuteReader(CommandBehavior cmdBehavior, RunBehavior runBehavior, Boolean returnStream, String method, TaskCompletionSource`1 completion, Int32 timeout, Task& task, Boolean asyncWrite)
   at System.Data.SqlClient.SqlCommand.RunExecuteReader(CommandBehavior cmdBehavior, RunBehavior runBehavior, Boolean returnStream, String method)
   at System.Data.SqlClient.SqlCommand.ExecuteReader(CommandBehavior behavior, String method)
   at System.Data.SqlClient.SqlCommand.ExecuteDbDataReader(CommandBehavior behavior)
   at System.Data.Common.DbCommand.System.Data.IDbCommand.ExecuteReader(CommandBehavior behavior)
   at System.Data.Common.DbDataAdapter.FillInternal(DataSet dataset, DataTable[] datatables, Int32 startRecord, Int32 maxRecords, String srcTable, IDbCommand command, CommandBehavior behavior)
   at System.Data.Common.DbDataAdapter.Fill(DataSet dataSet, Int32 startRecord, Int32 maxRecords, String srcTable, IDbCommand command, CommandBehavior behavior)
   at System.Data.Common.DbDataAdapter.Fill(DataSet dataSet)
   at DatabaseManager.Data.BaseDataAccessor.ExecuteDataSet(String sproc, SqlParameter[] parameters)
   at DatabaseManager.Data.DBAccessManager.RetrieveServiceYearData(Int32 DivisionID, Int32 DivisionLocationID, Int32 ServiceYears, Int32 RequestingEmpId)
   at SchoolNet.EmployeeServiceYearsReport.GetServiceYearsData() in c:\Kesavan\Projects\ARK HRMS\HRMSNet_Dev\Admin\EmployeeServiceYearsReport.aspx.cs:line 79
ClientConnectionId:972668be-52f3-4c56-acff-7cf9b2615d67
==========================================

Log written at : 7/21/2015 4:29:11 PM
Error occured on page : http://localhost:56141/HRMSNet_Dev/admin/EmployeeServiceYearsReport.aspx

Here is the actual error :
System.Data.SqlClient.SqlException (0x80131904): Invalid object name 'HRIS.dbo.Employee_View'.
   at System.Data.SqlClient.SqlConnection.OnError(SqlException exception, Boolean breakConnection, Action`1 wrapCloseInAction)
   at System.Data.SqlClient.SqlInternalConnection.OnError(SqlException exception, Boolean breakConnection, Action`1 wrapCloseInAction)
   at System.Data.SqlClient.TdsParser.ThrowExceptionAndWarning(TdsParserStateObject stateObj, Boolean callerHasConnectionLock, Boolean asyncClose)
   at System.Data.SqlClient.TdsParser.TryRun(RunBehavior runBehavior, SqlCommand cmdHandler, SqlDataReader dataStream, BulkCopySimpleResultSet bulkCopyHandler, TdsParserStateObject stateObj, Boolean& dataReady)
   at System.Data.SqlClient.SqlDataReader.TryConsumeMetaData()
   at System.Data.SqlClient.SqlDataReader.get_MetaData()
   at System.Data.SqlClient.SqlCommand.FinishExecuteReader(SqlDataReader ds, RunBehavior runBehavior, String resetOptionsString)
   at System.Data.SqlClient.SqlCommand.RunExecuteReaderTds(CommandBehavior cmdBehavior, RunBehavior runBehavior, Boolean returnStream, Boolean async, Int32 timeout, Task& task, Boolean asyncWrite, SqlDataReader ds)
   at System.Data.SqlClient.SqlCommand.RunExecuteReader(CommandBehavior cmdBehavior, RunBehavior runBehavior, Boolean returnStream, String method, TaskCompletionSource`1 completion, Int32 timeout, Task& task, Boolean asyncWrite)
   at System.Data.SqlClient.SqlCommand.RunExecuteReader(CommandBehavior cmdBehavior, RunBehavior runBehavior, Boolean returnStream, String method)
   at System.Data.SqlClient.SqlCommand.ExecuteReader(CommandBehavior behavior, String method)
   at System.Data.SqlClient.SqlCommand.ExecuteDbDataReader(CommandBehavior behavior)
   at System.Data.Common.DbCommand.System.Data.IDbCommand.ExecuteReader(CommandBehavior behavior)
   at System.Data.Common.DbDataAdapter.FillInternal(DataSet dataset, DataTable[] datatables, Int32 startRecord, Int32 maxRecords, String srcTable, IDbCommand command, CommandBehavior behavior)
   at System.Data.Common.DbDataAdapter.Fill(DataSet dataSet, Int32 startRecord, Int32 maxRecords, String srcTable, IDbCommand command, CommandBehavior behavior)
   at System.Data.Common.DbDataAdapter.Fill(DataSet dataSet)
   at DatabaseManager.Data.BaseDataAccessor.ExecuteDataSet(String sproc, SqlParameter[] parameters)
   at DatabaseManager.Data.DBAccessManager.RetrieveServiceYearData(Int32 DivisionID, Int32 DivisionLocationID, Int32 ServiceYears, Int32 RequestingEmpId)
   at SchoolNet.EmployeeServiceYearsReport.GetServiceYearsData() in c:\Kesavan\Projects\ARK HRMS\HRMSNet_Dev\Admin\EmployeeServiceYearsReport.aspx.cs:line 79
ClientConnectionId:972668be-52f3-4c56-acff-7cf9b2615d67
==========================================

Log written at : 7/21/2015 4:29:15 PM
Error occured on page : http://localhost:56141/HRMSNet_Dev/admin/EmployeeServiceYearsReport.aspx

Here is the actual error :
System.Data.SqlClient.SqlException (0x80131904): Invalid object name 'HRIS.dbo.Employee_View'.
   at System.Data.SqlClient.SqlConnection.OnError(SqlException exception, Boolean breakConnection, Action`1 wrapCloseInAction)
   at System.Data.SqlClient.SqlInternalConnection.OnError(SqlException exception, Boolean breakConnection, Action`1 wrapCloseInAction)
   at System.Data.SqlClient.TdsParser.ThrowExceptionAndWarning(TdsParserStateObject stateObj, Boolean callerHasConnectionLock, Boolean asyncClose)
   at System.Data.SqlClient.TdsParser.TryRun(RunBehavior runBehavior, SqlCommand cmdHandler, SqlDataReader dataStream, BulkCopySimpleResultSet bulkCopyHandler, TdsParserStateObject stateObj, Boolean& dataReady)
   at System.Data.SqlClient.SqlDataReader.TryConsumeMetaData()
   at System.Data.SqlClient.SqlDataReader.get_MetaData()
   at System.Data.SqlClient.SqlCommand.FinishExecuteReader(SqlDataReader ds, RunBehavior runBehavior, String resetOptionsString)
   at System.Data.SqlClient.SqlCommand.RunExecuteReaderTds(CommandBehavior cmdBehavior, RunBehavior runBehavior, Boolean returnStream, Boolean async, Int32 timeout, Task& task, Boolean asyncWrite, SqlDataReader ds)
   at System.Data.SqlClient.SqlCommand.RunExecuteReader(CommandBehavior cmdBehavior, RunBehavior runBehavior, Boolean returnStream, String method, TaskCompletionSource`1 completion, Int32 timeout, Task& task, Boolean asyncWrite)
   at System.Data.SqlClient.SqlCommand.RunExecuteReader(CommandBehavior cmdBehavior, RunBehavior runBehavior, Boolean returnStream, String method)
   at System.Data.SqlClient.SqlCommand.ExecuteReader(CommandBehavior behavior, String method)
   at System.Data.SqlClient.SqlCommand.ExecuteDbDataReader(CommandBehavior behavior)
   at System.Data.Common.DbCommand.System.Data.IDbCommand.ExecuteReader(CommandBehavior behavior)
   at System.Data.Common.DbDataAdapter.FillInternal(DataSet dataset, DataTable[] datatables, Int32 startRecord, Int32 maxRecords, String srcTable, IDbCommand command, CommandBehavior behavior)
   at System.Data.Common.DbDataAdapter.Fill(DataSet dataSet, Int32 startRecord, Int32 maxRecords, String srcTable, IDbCommand command, CommandBehavior behavior)
   at System.Data.Common.DbDataAdapter.Fill(DataSet dataSet)
   at DatabaseManager.Data.BaseDataAccessor.ExecuteDataSet(String sproc, SqlParameter[] parameters)
   at DatabaseManager.Data.DBAccessManager.RetrieveServiceYearData(Int32 DivisionID, Int32 DivisionLocationID, Int32 ServiceYears, Int32 RequestingEmpId)
   at SchoolNet.EmployeeServiceYearsReport.GetServiceYearsData() in c:\Kesavan\Projects\ARK HRMS\HRMSNet_Dev\Admin\EmployeeServiceYearsReport.aspx.cs:line 79
ClientConnectionId:972668be-52f3-4c56-acff-7cf9b2615d67
==========================================

Log written at : 7/21/2015 4:29:36 PM
Error occured on page : http://localhost:56141/HRMSNet_Dev/admin/CurrentYearNewHiresReport.aspx

Here is the actual error :
System.Threading.ThreadAbortException: Thread was being aborted.
   at System.Threading.Thread.AbortInternal()
   at System.Threading.Thread.Abort(Object stateInfo)
   at System.Web.HttpResponse.AbortCurrentThread()
   at System.Web.HttpResponse.End()
   at SchoolNet.CurrentYearNewHiresReport.ExportToExcel(DataTable dt) in c:\Kesavan\Projects\ARK HRMS\HRMSNet_Dev\Admin\CurrentYearNewHiresReport.aspx.cs:line 170
   at SchoolNet.CurrentYearNewHiresReport.GetEmployeeMainData(Int32 DivisionID, Int32 DivisionLocationID, String OfficeBranch, Int32 RequestingEmpId) in c:\Kesavan\Projects\ARK HRMS\HRMSNet_Dev\Admin\CurrentYearNewHiresReport.aspx.cs:line 83
==========================================

Log written at : 7/21/2015 4:36:25 PM
Error occured on page : http://localhost:56141/HRMSNet_Dev/admin/EmployeeServiceYearsReport.aspx

Here is the actual error :
System.Data.SqlClient.SqlException (0x80131904): Invalid object name 'HRIS.dbo.Employee_View'.
   at System.Data.SqlClient.SqlConnection.OnError(SqlException exception, Boolean breakConnection, Action`1 wrapCloseInAction)
   at System.Data.SqlClient.SqlInternalConnection.OnError(SqlException exception, Boolean breakConnection, Action`1 wrapCloseInAction)
   at System.Data.SqlClient.TdsParser.ThrowExceptionAndWarning(TdsParserStateObject stateObj, Boolean callerHasConnectionLock, Boolean asyncClose)
   at System.Data.SqlClient.TdsParser.TryRun(RunBehavior runBehavior, SqlCommand cmdHandler, SqlDataReader dataStream, BulkCopySimpleResultSet bulkCopyHandler, TdsParserStateObject stateObj, Boolean& dataReady)
   at System.Data.SqlClient.SqlDataReader.TryConsumeMetaData()
   at System.Data.SqlClient.SqlDataReader.get_MetaData()
   at System.Data.SqlClient.SqlCommand.FinishExecuteReader(SqlDataReader ds, RunBehavior runBehavior, String resetOptionsString)
   at System.Data.SqlClient.SqlCommand.RunExecuteReaderTds(CommandBehavior cmdBehavior, RunBehavior runBehavior, Boolean returnStream, Boolean async, Int32 timeout, Task& task, Boolean asyncWrite, SqlDataReader ds)
   at System.Data.SqlClient.SqlCommand.RunExecuteReader(CommandBehavior cmdBehavior, RunBehavior runBehavior, Boolean returnStream, String method, TaskCompletionSource`1 completion, Int32 timeout, Task& task, Boolean asyncWrite)
   at System.Data.SqlClient.SqlCommand.RunExecuteReader(CommandBehavior cmdBehavior, RunBehavior runBehavior, Boolean returnStream, String method)
   at System.Data.SqlClient.SqlCommand.ExecuteReader(CommandBehavior behavior, String method)
   at System.Data.SqlClient.SqlCommand.ExecuteDbDataReader(CommandBehavior behavior)
   at System.Data.Common.DbCommand.System.Data.IDbCommand.ExecuteReader(CommandBehavior behavior)
   at System.Data.Common.DbDataAdapter.FillInternal(DataSet dataset, DataTable[] datatables, Int32 startRecord, Int32 maxRecords, String srcTable, IDbCommand command, CommandBehavior behavior)
   at System.Data.Common.DbDataAdapter.Fill(DataSet dataSet, Int32 startRecord, Int32 maxRecords, String srcTable, IDbCommand command, CommandBehavior behavior)
   at System.Data.Common.DbDataAdapter.Fill(DataSet dataSet)
   at DatabaseManager.Data.BaseDataAccessor.ExecuteDataSet(String sproc, SqlParameter[] parameters)
   at DatabaseManager.Data.DBAccessManager.RetrieveServiceYearData(Int32 DivisionID, Int32 DivisionLocationID, Int32 ServiceYears, Int32 RequestingEmpId)
   at SchoolNet.EmployeeServiceYearsReport.GetServiceYearsData() in c:\Kesavan\Projects\ARK HRMS\HRMSNet_Dev\Admin\EmployeeServiceYearsReport.aspx.cs:line 79
ClientConnectionId:972668be-52f3-4c56-acff-7cf9b2615d67
==========================================

Log written at : 7/21/2015 4:36:27 PM
Error occured on page : http://localhost:56141/HRMSNet_Dev/admin/EmployeeServiceYearsReport.aspx

Here is the actual error :
System.Data.SqlClient.SqlException (0x80131904): Invalid object name 'HRIS.dbo.Employee_View'.
   at System.Data.SqlClient.SqlConnection.OnError(SqlException exception, Boolean breakConnection, Action`1 wrapCloseInAction)
   at System.Data.SqlClient.SqlInternalConnection.OnError(SqlException exception, Boolean breakConnection, Action`1 wrapCloseInAction)
   at System.Data.SqlClient.TdsParser.ThrowExceptionAndWarning(TdsParserStateObject stateObj, Boolean callerHasConnectionLock, Boolean asyncClose)
   at System.Data.SqlClient.TdsParser.TryRun(RunBehavior runBehavior, SqlCommand cmdHandler, SqlDataReader dataStream, BulkCopySimpleResultSet bulkCopyHandler, TdsParserStateObject stateObj, Boolean& dataReady)
   at System.Data.SqlClient.SqlDataReader.TryConsumeMetaData()
   at System.Data.SqlClient.SqlDataReader.get_MetaData()
   at System.Data.SqlClient.SqlCommand.FinishExecuteReader(SqlDataReader ds, RunBehavior runBehavior, String resetOptionsString)
   at System.Data.SqlClient.SqlCommand.RunExecuteReaderTds(CommandBehavior cmdBehavior, RunBehavior runBehavior, Boolean returnStream, Boolean async, Int32 timeout, Task& task, Boolean asyncWrite, SqlDataReader ds)
   at System.Data.SqlClient.SqlCommand.RunExecuteReader(CommandBehavior cmdBehavior, RunBehavior runBehavior, Boolean returnStream, String method, TaskCompletionSource`1 completion, Int32 timeout, Task& task, Boolean asyncWrite)
   at System.Data.SqlClient.SqlCommand.RunExecuteReader(CommandBehavior cmdBehavior, RunBehavior runBehavior, Boolean returnStream, String method)
   at System.Data.SqlClient.SqlCommand.ExecuteReader(CommandBehavior behavior, String method)
   at System.Data.SqlClient.SqlCommand.ExecuteDbDataReader(CommandBehavior behavior)
   at System.Data.Common.DbCommand.System.Data.IDbCommand.ExecuteReader(CommandBehavior behavior)
   at System.Data.Common.DbDataAdapter.FillInternal(DataSet dataset, DataTable[] datatables, Int32 startRecord, Int32 maxRecords, String srcTable, IDbCommand command, CommandBehavior behavior)
   at System.Data.Common.DbDataAdapter.Fill(DataSet dataSet, Int32 startRecord, Int32 maxRecords, String srcTable, IDbCommand command, CommandBehavior behavior)
   at System.Data.Common.DbDataAdapter.Fill(DataSet dataSet)
   at DatabaseManager.Data.BaseDataAccessor.ExecuteDataSet(String sproc, SqlParameter[] parameters)
   at DatabaseManager.Data.DBAccessManager.RetrieveServiceYearData(Int32 DivisionID, Int32 DivisionLocationID, Int32 ServiceYears, Int32 RequestingEmpId)
   at SchoolNet.EmployeeServiceYearsReport.GetServiceYearsData() in c:\Kesavan\Projects\ARK HRMS\HRMSNet_Dev\Admin\EmployeeServiceYearsReport.aspx.cs:line 79
ClientConnectionId:972668be-52f3-4c56-acff-7cf9b2615d67
==========================================

Log written at : 7/21/2015 4:39:04 PM
Error occured on page : http://localhost:56141/HRMSNet_Dev/admin/EmployeeServiceYearsReport.aspx

Here is the actual error :
System.Threading.ThreadAbortException: Thread was being aborted.
   at System.Threading.Thread.AbortInternal()
   at System.Threading.Thread.Abort(Object stateInfo)
   at System.Web.HttpResponse.AbortCurrentThread()
   at System.Web.HttpResponse.End()
   at SchoolNet.EmployeeServiceYearsReport.ExportToExcel(DataTable dt) in c:\Kesavan\Projects\ARK HRMS\HRMSNet_Dev\Admin\EmployeeServiceYearsReport.aspx.cs:line 176
   at SchoolNet.EmployeeServiceYearsReport.GetServiceYearsData() in c:\Kesavan\Projects\ARK HRMS\HRMSNet_Dev\Admin\EmployeeServiceYearsReport.aspx.cs:line 84
==========================================

Log written at : 7/21/2015 4:42:45 PM
Error occured on page : http://localhost:56141/HRMSNet_Dev/admin/EmployeeDataExport.aspx

Here is the actual error :
System.Threading.ThreadAbortException: Thread was being aborted.
   at System.Threading.Thread.AbortInternal()
   at System.Threading.Thread.Abort(Object stateInfo)
   at System.Web.HttpResponse.AbortCurrentThread()
   at System.Web.HttpResponse.End()
   at SchoolNet.EmployeeDataExport.ExportToExcel(DataTable dt) in c:\Kesavan\Projects\ARK HRMS\HRMSNet_Dev\Admin\EmployeeDataExport.aspx.cs:line 170
   at SchoolNet.EmployeeDataExport.GetEmployeeMainData(Int32 DivisionID, Int32 DivisionLocationID, String OfficeBranch, Int32 RequestingEmpId) in c:\Kesavan\Projects\ARK HRMS\HRMSNet_Dev\Admin\EmployeeDataExport.aspx.cs:line 83
==========================================

Log written at : 7/21/2015 4:43:01 PM
Error occured on page : http://localhost:56141/HRMSNet_Dev/admin/MainExpiryAlert.aspx

Here is the actual error :
System.Threading.ThreadAbortException: Thread was being aborted.
   at System.Threading.Thread.AbortInternal()
   at System.Threading.Thread.Abort(Object stateInfo)
   at System.Web.HttpResponse.AbortCurrentThread()
   at System.Web.HttpResponse.End()
   at SchoolNet.MainExpiryAlert.ExportToExcel(DataTable dt) in c:\Kesavan\Projects\ARK HRMS\HRMSNet_Dev\Admin\MainExpiryAlert.aspx.cs:line 173
   at SchoolNet.MainExpiryAlert.GetExpiryAlertData() in c:\Kesavan\Projects\ARK HRMS\HRMSNet_Dev\Admin\MainExpiryAlert.aspx.cs:line 82
==========================================

Log written at : 7/21/2015 4:48:51 PM
Error occured on page : http://localhost:56141/HRMSNet_Dev/admin/AnnualLeaveBalance.aspx

Here is the actual error :
System.Data.SqlClient.SqlException (0x80131904): Invalid object name 'HRIS.dbo.Employee_View'.
   at System.Data.SqlClient.SqlConnection.OnError(SqlException exception, Boolean breakConnection, Action`1 wrapCloseInAction)
   at System.Data.SqlClient.SqlInternalConnection.OnError(SqlException exception, Boolean breakConnection, Action`1 wrapCloseInAction)
   at System.Data.SqlClient.TdsParser.ThrowExceptionAndWarning(TdsParserStateObject stateObj, Boolean callerHasConnectionLock, Boolean asyncClose)
   at System.Data.SqlClient.TdsParser.TryRun(RunBehavior runBehavior, SqlCommand cmdHandler, SqlDataReader dataStream, BulkCopySimpleResultSet bulkCopyHandler, TdsParserStateObject stateObj, Boolean& dataReady)
   at System.Data.SqlClient.SqlDataReader.TryConsumeMetaData()
   at System.Data.SqlClient.SqlDataReader.get_MetaData()
   at System.Data.SqlClient.SqlCommand.FinishExecuteReader(SqlDataReader ds, RunBehavior runBehavior, String resetOptionsString)
   at System.Data.SqlClient.SqlCommand.RunExecuteReaderTds(CommandBehavior cmdBehavior, RunBehavior runBehavior, Boolean returnStream, Boolean async, Int32 timeout, Task& task, Boolean asyncWrite, SqlDataReader ds)
   at System.Data.SqlClient.SqlCommand.RunExecuteReader(CommandBehavior cmdBehavior, RunBehavior runBehavior, Boolean returnStream, String method, TaskCompletionSource`1 completion, Int32 timeout, Task& task, Boolean asyncWrite)
   at System.Data.SqlClient.SqlCommand.RunExecuteReader(CommandBehavior cmdBehavior, RunBehavior runBehavior, Boolean returnStream, String method)
   at System.Data.SqlClient.SqlCommand.ExecuteReader(CommandBehavior behavior, String method)
   at System.Data.SqlClient.SqlCommand.ExecuteDbDataReader(CommandBehavior behavior)
   at System.Data.Common.DbCommand.System.Data.IDbCommand.ExecuteReader(CommandBehavior behavior)
   at System.Data.Common.DbDataAdapter.FillInternal(DataSet dataset, DataTable[] datatables, Int32 startRecord, Int32 maxRecords, String srcTable, IDbCommand command, CommandBehavior behavior)
   at System.Data.Common.DbDataAdapter.Fill(DataSet dataSet, Int32 startRecord, Int32 maxRecords, String srcTable, IDbCommand command, CommandBehavior behavior)
   at System.Data.Common.DbDataAdapter.Fill(DataSet dataSet)
   at DatabaseManager.Data.BaseDataAccessor.ExecuteDataSet(String sproc, SqlParameter[] parameters)
   at DatabaseManager.Data.DBAccessManager.RetrieveLeaveBalanceData(Int32 LeaveTypeID, Int32 DivisionID, Int32 DivisionLocationID, String OfficeBranch, Int32 RequestingEmpId)
   at SchoolNet.AnnualLeaveBalance.GetAnnualLeaveBalanceData() in c:\Kesavan\Projects\ARK HRMS\HRMSNet_Dev\Admin\AnnualLeaveBalance.aspx.cs:line 77
ClientConnectionId:7f710af0-88b1-4c81-a740-b4a5b35434c3
==========================================

Log written at : 7/21/2015 4:48:52 PM
Error occured on page : http://localhost:56141/HRMSNet_Dev/admin/AnnualLeaveBalance.aspx

Here is the actual error :
System.Data.SqlClient.SqlException (0x80131904): Invalid object name 'HRIS.dbo.Employee_View'.
   at System.Data.SqlClient.SqlConnection.OnError(SqlException exception, Boolean breakConnection, Action`1 wrapCloseInAction)
   at System.Data.SqlClient.SqlInternalConnection.OnError(SqlException exception, Boolean breakConnection, Action`1 wrapCloseInAction)
   at System.Data.SqlClient.TdsParser.ThrowExceptionAndWarning(TdsParserStateObject stateObj, Boolean callerHasConnectionLock, Boolean asyncClose)
   at System.Data.SqlClient.TdsParser.TryRun(RunBehavior runBehavior, SqlCommand cmdHandler, SqlDataReader dataStream, BulkCopySimpleResultSet bulkCopyHandler, TdsParserStateObject stateObj, Boolean& dataReady)
   at System.Data.SqlClient.SqlDataReader.TryConsumeMetaData()
   at System.Data.SqlClient.SqlDataReader.get_MetaData()
   at System.Data.SqlClient.SqlCommand.FinishExecuteReader(SqlDataReader ds, RunBehavior runBehavior, String resetOptionsString)
   at System.Data.SqlClient.SqlCommand.RunExecuteReaderTds(CommandBehavior cmdBehavior, RunBehavior runBehavior, Boolean returnStream, Boolean async, Int32 timeout, Task& task, Boolean asyncWrite, SqlDataReader ds)
   at System.Data.SqlClient.SqlCommand.RunExecuteReader(CommandBehavior cmdBehavior, RunBehavior runBehavior, Boolean returnStream, String method, TaskCompletionSource`1 completion, Int32 timeout, Task& task, Boolean asyncWrite)
   at System.Data.SqlClient.SqlCommand.RunExecuteReader(CommandBehavior cmdBehavior, RunBehavior runBehavior, Boolean returnStream, String method)
   at System.Data.SqlClient.SqlCommand.ExecuteReader(CommandBehavior behavior, String method)
   at System.Data.SqlClient.SqlCommand.ExecuteDbDataReader(CommandBehavior behavior)
   at System.Data.Common.DbCommand.System.Data.IDbCommand.ExecuteReader(CommandBehavior behavior)
   at System.Data.Common.DbDataAdapter.FillInternal(DataSet dataset, DataTable[] datatables, Int32 startRecord, Int32 maxRecords, String srcTable, IDbCommand command, CommandBehavior behavior)
   at System.Data.Common.DbDataAdapter.Fill(DataSet dataSet, Int32 startRecord, Int32 maxRecords, String srcTable, IDbCommand command, CommandBehavior behavior)
   at System.Data.Common.DbDataAdapter.Fill(DataSet dataSet)
   at DatabaseManager.Data.BaseDataAccessor.ExecuteDataSet(String sproc, SqlParameter[] parameters)
   at DatabaseManager.Data.DBAccessManager.RetrieveLeaveBalanceData(Int32 LeaveTypeID, Int32 DivisionID, Int32 DivisionLocationID, String OfficeBranch, Int32 RequestingEmpId)
   at SchoolNet.AnnualLeaveBalance.GetAnnualLeaveBalanceData() in c:\Kesavan\Projects\ARK HRMS\HRMSNet_Dev\Admin\AnnualLeaveBalance.aspx.cs:line 77
ClientConnectionId:7f710af0-88b1-4c81-a740-b4a5b35434c3
==========================================

Log written at : 7/21/2015 4:48:53 PM
Error occured on page : http://localhost:56141/HRMSNet_Dev/admin/AnnualLeaveBalance.aspx

Here is the actual error :
System.Data.SqlClient.SqlException (0x80131904): Invalid object name 'HRIS.dbo.Employee_View'.
   at System.Data.SqlClient.SqlConnection.OnError(SqlException exception, Boolean breakConnection, Action`1 wrapCloseInAction)
   at System.Data.SqlClient.SqlInternalConnection.OnError(SqlException exception, Boolean breakConnection, Action`1 wrapCloseInAction)
   at System.Data.SqlClient.TdsParser.ThrowExceptionAndWarning(TdsParserStateObject stateObj, Boolean callerHasConnectionLock, Boolean asyncClose)
   at System.Data.SqlClient.TdsParser.TryRun(RunBehavior runBehavior, SqlCommand cmdHandler, SqlDataReader dataStream, BulkCopySimpleResultSet bulkCopyHandler, TdsParserStateObject stateObj, Boolean& dataReady)
   at System.Data.SqlClient.SqlDataReader.TryConsumeMetaData()
   at System.Data.SqlClient.SqlDataReader.get_MetaData()
   at System.Data.SqlClient.SqlCommand.FinishExecuteReader(SqlDataReader ds, RunBehavior runBehavior, String resetOptionsString)
   at System.Data.SqlClient.SqlCommand.RunExecuteReaderTds(CommandBehavior cmdBehavior, RunBehavior runBehavior, Boolean returnStream, Boolean async, Int32 timeout, Task& task, Boolean asyncWrite, SqlDataReader ds)
   at System.Data.SqlClient.SqlCommand.RunExecuteReader(CommandBehavior cmdBehavior, RunBehavior runBehavior, Boolean returnStream, String method, TaskCompletionSource`1 completion, Int32 timeout, Task& task, Boolean asyncWrite)
   at System.Data.SqlClient.SqlCommand.RunExecuteReader(CommandBehavior cmdBehavior, RunBehavior runBehavior, Boolean returnStream, String method)
   at System.Data.SqlClient.SqlCommand.ExecuteReader(CommandBehavior behavior, String method)
   at System.Data.SqlClient.SqlCommand.ExecuteDbDataReader(CommandBehavior behavior)
   at System.Data.Common.DbCommand.System.Data.IDbCommand.ExecuteReader(CommandBehavior behavior)
   at System.Data.Common.DbDataAdapter.FillInternal(DataSet dataset, DataTable[] datatables, Int32 startRecord, Int32 maxRecords, String srcTable, IDbCommand command, CommandBehavior behavior)
   at System.Data.Common.DbDataAdapter.Fill(DataSet dataSet, Int32 startRecord, Int32 maxRecords, String srcTable, IDbCommand command, CommandBehavior behavior)
   at System.Data.Common.DbDataAdapter.Fill(DataSet dataSet)
   at DatabaseManager.Data.BaseDataAccessor.ExecuteDataSet(String sproc, SqlParameter[] parameters)
   at DatabaseManager.Data.DBAccessManager.RetrieveLeaveBalanceData(Int32 LeaveTypeID, Int32 DivisionID, Int32 DivisionLocationID, String OfficeBranch, Int32 RequestingEmpId)
   at SchoolNet.AnnualLeaveBalance.GetAnnualLeaveBalanceData() in c:\Kesavan\Projects\ARK HRMS\HRMSNet_Dev\Admin\AnnualLeaveBalance.aspx.cs:line 77
ClientConnectionId:7f710af0-88b1-4c81-a740-b4a5b35434c3
==========================================

Log written at : 7/21/2015 4:53:14 PM
Error occured on page : http://localhost:56141/HRMSNet_Dev/admin/AnnualLeaveBalance.aspx

Here is the actual error :
System.Threading.ThreadAbortException: Thread was being aborted.
   at System.Threading.Thread.AbortInternal()
   at System.Threading.Thread.Abort(Object stateInfo)
   at System.Web.HttpResponse.AbortCurrentThread()
   at System.Web.HttpResponse.End()
   at SchoolNet.AnnualLeaveBalance.ExportToExcel(DataTable dt) in c:\Kesavan\Projects\ARK HRMS\HRMSNet_Dev\Admin\AnnualLeaveBalance.aspx.cs:line 165
   at SchoolNet.AnnualLeaveBalance.GetAnnualLeaveBalanceData() in c:\Kesavan\Projects\ARK HRMS\HRMSNet_Dev\Admin\AnnualLeaveBalance.aspx.cs:line 82
==========================================

Log written at : 7/21/2015 4:53:36 PM
Error occured on page : http://localhost:56141/HRMSNet_Dev/admin/EmployeeLeaveReport.aspx

Here is the actual error :
System.Threading.ThreadAbortException: Thread was being aborted.
   at System.Threading.Thread.AbortInternal()
   at System.Threading.Thread.Abort(Object stateInfo)
   at System.Web.HttpResponse.AbortCurrentThread()
   at System.Web.HttpResponse.End()
   at SchoolNet.EmployeeLeaveReport.ExportToExcel(DataTable dt) in c:\Kesavan\Projects\ARK HRMS\HRMSNet_Dev\Admin\EmployeeLeaveReport.aspx.cs:line 167
   at SchoolNet.EmployeeLeaveReport.GetLeaveData() in c:\Kesavan\Projects\ARK HRMS\HRMSNet_Dev\Admin\EmployeeLeaveReport.aspx.cs:line 82
==========================================

Log written at : 7/21/2015 4:53:56 PM
Error occured on page : http://localhost:56141/HRMSNet_Dev/admin/MissingLeaveEntitlement.aspx

Here is the actual error :
System.Threading.ThreadAbortException: Thread was being aborted.
   at System.Threading.Thread.AbortInternal()
   at System.Threading.Thread.Abort(Object stateInfo)
   at System.Web.HttpResponse.AbortCurrentThread()
   at System.Web.HttpResponse.End()
   at SchoolNet.MissingLeaveEntitlement.ExportToExcel(DataTable dt) in c:\Kesavan\Projects\ARK HRMS\HRMSNet_Dev\Admin\MissingLeaveEntitlement.aspx.cs:line 161
   at SchoolNet.MissingLeaveEntitlement.GetMissingDataType() in c:\Kesavan\Projects\ARK HRMS\HRMSNet_Dev\Admin\MissingLeaveEntitlement.aspx.cs:line 76
==========================================

Log written at : 7/21/2015 4:58:34 PM
Error occured on page : http://localhost:56141/HRMSNet_Dev/admin/MissingLeaveApprovalSetting.aspx

Here is the actual error :
System.Threading.ThreadAbortException: Thread was being aborted.
   at System.Threading.Thread.AbortInternal()
   at System.Threading.Thread.Abort(Object stateInfo)
   at System.Web.HttpResponse.AbortCurrentThread()
   at System.Web.HttpResponse.End()
   at SchoolNet.MissingLeaveApprovalSetting.ExportToExcel(DataTable dt) in c:\Kesavan\Projects\ARK HRMS\HRMSNet_Dev\Admin\MissingLeaveApprovalSetting.aspx.cs:line 159
   at SchoolNet.MissingLeaveApprovalSetting.GetMissingDataType() in c:\Kesavan\Projects\ARK HRMS\HRMSNet_Dev\Admin\MissingLeaveApprovalSetting.aspx.cs:line 76
==========================================

Log written at : 7/21/2015 5:02:01 PM
Error occured on page : http://localhost:56141/HRMSNet_Dev/Admin/MissingBenefitData.aspx

Here is the actual error :
System.Threading.ThreadAbortException: Thread was being aborted.
   at System.Threading.Thread.AbortInternal()
   at System.Threading.Thread.Abort(Object stateInfo)
   at System.Web.HttpResponse.AbortCurrentThread()
   at System.Web.HttpResponse.End()
   at SchoolNet.MissingBenefitData.ExportToExcel(DataTable dt) in c:\Kesavan\Projects\ARK HRMS\HRMSNet_Dev\Admin\MissingBenefitData.aspx.cs:line 160
   at SchoolNet.MissingBenefitData.GetMissingDataType() in c:\Kesavan\Projects\ARK HRMS\HRMSNet_Dev\Admin\MissingBenefitData.aspx.cs:line 76
==========================================

Log written at : 7/21/2015 5:02:22 PM
Error occured on page : http://localhost:56141/HRMSNet_Dev/Admin/EmployeeNonpayrollIncentivesReport.aspx

Here is the actual error :
System.Threading.ThreadAbortException: Thread was being aborted.
   at System.Threading.Thread.AbortInternal()
   at System.Threading.Thread.Abort(Object stateInfo)
   at System.Web.HttpResponse.AbortCurrentThread()
   at System.Web.HttpResponse.End()
   at SchoolNet.EmployeeNonPayrollIncentivesReport.ExportToExcel(DataTable dt) in c:\Kesavan\Projects\ARK HRMS\HRMSNet_Dev\Admin\EmployeeNonPayrollIncentivesReport.aspx.cs:line 173
   at SchoolNet.EmployeeNonPayrollIncentivesReport.GetBenefitData() in c:\Kesavan\Projects\ARK HRMS\HRMSNet_Dev\Admin\EmployeeNonPayrollIncentivesReport.aspx.cs:line 81
==========================================

Log written at : 7/21/2015 5:02:40 PM
Error occured on page : http://localhost:56141/HRMSNet_Dev/Admin/EmployeeNonpayrollBenefitDataReport.aspx

Here is the actual error :
System.Threading.ThreadAbortException: Thread was being aborted.
   at System.Threading.Thread.AbortInternal()
   at System.Threading.Thread.Abort(Object stateInfo)
   at System.Web.HttpResponse.AbortCurrentThread()
   at System.Web.HttpResponse.End()
   at SchoolNet.EmployeeNonPayrollBenefitDataReport.ExportToExcel(DataTable dt) in c:\Kesavan\Projects\ARK HRMS\HRMSNet_Dev\Admin\EmployeeNonPayrollBenefitDataReport.aspx.cs:line 173
   at SchoolNet.EmployeeNonPayrollBenefitDataReport.GetBenefitData() in c:\Kesavan\Projects\ARK HRMS\HRMSNet_Dev\Admin\EmployeeNonPayrollBenefitDataReport.aspx.cs:line 81
==========================================

Log written at : 7/21/2015 5:03:00 PM
Error occured on page : http://localhost:56141/HRMSNet_Dev/Admin/EmployeeBenefitDataReport.aspx

Here is the actual error :
System.Threading.ThreadAbortException: Thread was being aborted.
   at System.Threading.Thread.AbortInternal()
   at System.Threading.Thread.Abort(Object stateInfo)
   at System.Web.HttpResponse.AbortCurrentThread()
   at System.Web.HttpResponse.End()
   at SchoolNet.EmployeeBenefitDataReport.ExportToExcel(DataTable dt) in c:\Kesavan\Projects\ARK HRMS\HRMSNet_Dev\Admin\EmployeeBenefitDataReport.aspx.cs:line 173
   at SchoolNet.EmployeeBenefitDataReport.GetBenefitData() in c:\Kesavan\Projects\ARK HRMS\HRMSNet_Dev\Admin\EmployeeBenefitDataReport.aspx.cs:line 81
==========================================

Log written at : 7/21/2015 5:05:15 PM
Error occured on page : http://localhost:56141/HRMSNet_Dev/Admin/EmployeeBenefitDataChangeAuditReport.aspx

Here is the actual error :
System.Threading.ThreadAbortException: Thread was being aborted.
   at System.Threading.Thread.AbortInternal()
   at System.Threading.Thread.Abort(Object stateInfo)
   at System.Web.HttpResponse.AbortCurrentThread()
   at System.Web.HttpResponse.End()
   at SchoolNet.EmployeeBenefitDataChangeAuditReport.ExportToExcel(DataTable dt) in c:\Kesavan\Projects\ARK HRMS\HRMSNet_Dev\Admin\EmployeeBenefitDataChangeAuditReport.aspx.cs:line 173
   at SchoolNet.EmployeeBenefitDataChangeAuditReport.GetBenefitData() in c:\Kesavan\Projects\ARK HRMS\HRMSNet_Dev\Admin\EmployeeBenefitDataChangeAuditReport.aspx.cs:line 81
==========================================

Log written at : 7/21/2015 5:05:26 PM
Error occured on page : http://localhost:56141/HRMSNet_Dev/Admin/EmployeeBenefitHistoryReport.aspx

Here is the actual error :
System.Threading.ThreadAbortException: Thread was being aborted.
   at System.Threading.Thread.AbortInternal()
   at System.Threading.Thread.Abort(Object stateInfo)
   at System.Web.HttpResponse.AbortCurrentThread()
   at System.Web.HttpResponse.End()
   at SchoolNet.EmployeeBenefitHistoryReport.ExportToExcel(DataTable dt) in c:\Kesavan\Projects\ARK HRMS\HRMSNet_Dev\Admin\EmployeeBenefitHistoryReport.aspx.cs:line 173
   at SchoolNet.EmployeeBenefitHistoryReport.GetBenefitData() in c:\Kesavan\Projects\ARK HRMS\HRMSNet_Dev\Admin\EmployeeBenefitHistoryReport.aspx.cs:line 81
==========================================

Log written at : 7/21/2015 5:05:48 PM
Error occured on page : http://localhost:56141/HRMSNet_Dev/login.aspx

Here is the actual error :
System.Threading.ThreadAbortException: Thread was being aborted.
   at System.Threading.Thread.AbortInternal()
   at System.Threading.Thread.Abort(Object stateInfo)
   at System.Web.HttpResponse.AbortCurrentThread()
   at System.Web.HttpResponse.End()
   at System.Web.HttpResponse.Redirect(String url, Boolean endResponse, Boolean permanent)
   at System.Web.HttpResponse.Redirect(String url)
   at SchoolNet.Login.MemberLogin(Object sender, EventArgs e) in c:\Kesavan\Projects\ARK HRMS\HRMSNet_Dev\Login.aspx.cs:line 268
==========================================

Log written at : 7/21/2015 5:06:58 PM
Error occured on page : http://localhost:56141/HRMSNet_Dev/login.aspx

Here is the actual error :
System.Threading.ThreadAbortException: Thread was being aborted.
   at System.Threading.Thread.AbortInternal()
   at System.Threading.Thread.Abort(Object stateInfo)
   at System.Web.HttpResponse.AbortCurrentThread()
   at System.Web.HttpResponse.End()
   at System.Web.HttpResponse.Redirect(String url, Boolean endResponse, Boolean permanent)
   at System.Web.HttpResponse.Redirect(String url)
   at SchoolNet.Login.MemberLogin(Object sender, EventArgs e) in c:\Kesavan\Projects\ARK HRMS\HRMSNet_Dev\Login.aspx.cs:line 268
==========================================

Log written at : 7/21/2015 5:13:19 PM
Error occured on page : http://localhost:56141/HRMSNet_Dev/Payroll/MonthlyPayrollSummary.aspx

Here is the actual error :
System.Threading.ThreadAbortException: Thread was being aborted.
   at System.Threading.Thread.AbortInternal()
   at System.Threading.Thread.Abort(Object stateInfo)
   at System.Web.HttpResponse.AbortCurrentThread()
   at System.Web.HttpResponse.End()
   at SchoolNet.MonthlyPayrollSummary.ExportToExcel(DataTable dt) in c:\Kesavan\Projects\ARK HRMS\HRMSNet_Dev\Payroll\MonthlyPayrollSummary.aspx.cs:line 154
   at SchoolNet.MonthlyPayrollSummary.GetEmployeeMonthlyPayroll(String Pay_MonthYear, Int32 DivisionID, Int32 DivisionLocationID, Int32 RequestingEmpId) in c:\Kesavan\Projects\ARK HRMS\HRMSNet_Dev\Payroll\MonthlyPayrollSummary.aspx.cs:line 73
==========================================

Log written at : 7/21/2015 5:13:38 PM
Error occured on page : http://localhost:56141/HRMSNet_Dev/Payroll/MonthlyPayrollDetailReport.aspx

Here is the actual error :
System.Threading.ThreadAbortException: Thread was being aborted.
   at System.Threading.Thread.AbortInternal()
   at System.Threading.Thread.Abort(Object stateInfo)
   at System.Web.HttpResponse.AbortCurrentThread()
   at System.Web.HttpResponse.End()
   at SchoolNet.MonthlyPayrollDetailReport.ExportToExcel(DataTable dt) in c:\Kesavan\Projects\ARK HRMS\HRMSNet_Dev\Payroll\MonthlyPayrollDetailReport.aspx.cs:line 157
   at SchoolNet.MonthlyPayrollDetailReport.GetEmployeeMonthlyPayroll(String Pay_MonthYear, Int32 DivisionID, Int32 DivisionLocationID, Int32 RequestingEmpId) in c:\Kesavan\Projects\ARK HRMS\HRMSNet_Dev\Payroll\MonthlyPayrollDetailReport.aspx.cs:line 73
==========================================

Log written at : 7/21/2015 5:14:03 PM
Error occured on page : http://localhost:56141/HRMSNet_Dev/Payroll/MonthlyPaymentCycleReport.aspx

Here is the actual error :
System.Threading.ThreadAbortException: Thread was being aborted.
   at System.Threading.Thread.AbortInternal()
   at System.Threading.Thread.Abort(Object stateInfo)
   at System.Web.HttpResponse.AbortCurrentThread()
   at System.Web.HttpResponse.End()
   at SchoolNet.MonthlyPaymentCycleReport.ExportToExcel(DataTable dt) in c:\Kesavan\Projects\ARK HRMS\HRMSNet_Dev\Payroll\MonthlyPaymentCycleReport.aspx.cs:line 157
   at SchoolNet.MonthlyPaymentCycleReport.GetEmployeeMonthlyPayroll(String Pay_MonthYear, Int32 DivisionID, Int32 DivisionLocationID, Int32 RequestingEmpId) in c:\Kesavan\Projects\ARK HRMS\HRMSNet_Dev\Payroll\MonthlyPaymentCycleReport.aspx.cs:line 73
==========================================

Log written at : 7/21/2015 5:14:21 PM
Error occured on page : http://localhost:56141/HRMSNet_Dev/Payroll/FinancialAccrualSummaryReport.aspx

Here is the actual error :
System.Threading.ThreadAbortException: Thread was being aborted.
   at System.Threading.Thread.AbortInternal()
   at System.Threading.Thread.Abort(Object stateInfo)
   at System.Web.HttpResponse.AbortCurrentThread()
   at System.Web.HttpResponse.End()
   at SchoolNet.FinancialAccrualSummaryReport.ExportToExcel(DataTable dt) in c:\Kesavan\Projects\ARK HRMS\HRMSNet_Dev\Payroll\FinancialAccrualSummaryReport.aspx.cs:line 160
   at SchoolNet.FinancialAccrualSummaryReport.GetEmployeeYTDPayroll(String Pay_Year, Int32 DivisionID, Int32 DivisionLocationID, Int32 RequestingEmpId) in c:\Kesavan\Projects\ARK HRMS\HRMSNet_Dev\Payroll\FinancialAccrualSummaryReport.aspx.cs:line 71
==========================================

Log written at : 7/21/2015 5:18:56 PM
Error occured on page : http://localhost:56141/HRMSNet_Dev/Payroll/StandardMonthlyDeductionsReport.aspx

Here is the actual error :
System.Threading.ThreadAbortException: Thread was being aborted.
   at System.Threading.Thread.AbortInternal()
   at System.Threading.Thread.Abort(Object stateInfo)
   at System.Web.HttpResponse.AbortCurrentThread()
   at System.Web.HttpResponse.End()
   at SchoolNet.StandardMonthlyDeductionsReport.ExportToExcel(DataTable dt) in c:\Kesavan\Projects\ARK HRMS\HRMSNet_Dev\Payroll\StandardMonthlyDeductionsReport.aspx.cs:line 154
   at SchoolNet.StandardMonthlyDeductionsReport.GetEmployeeMonthlyStandardDeductions(Int32 DivisionID, Int32 DivisionLocationID, Int32 RequestingEmpId) in c:\Kesavan\Projects\ARK HRMS\HRMSNet_Dev\Payroll\StandardMonthlyDeductionsReport.aspx.cs:line 73
==========================================

Log written at : 7/21/2015 5:20:04 PM
Error occured on page : http://localhost:56141/HRMSNet_Dev/Payroll/YTDPayrollSummary.aspx

Here is the actual error :
System.Threading.ThreadAbortException: Thread was being aborted.
   at System.Threading.Thread.AbortInternal()
   at System.Threading.Thread.Abort(Object stateInfo)
   at System.Web.HttpResponse.AbortCurrentThread()
   at System.Web.HttpResponse.End()
   at SchoolNet.YTDPayrollSummary.ExportToExcel(DataTable dt) in c:\Kesavan\Projects\ARK HRMS\HRMSNet_Dev\Payroll\YTDPayrollSummary.aspx.cs:line 155
   at SchoolNet.YTDPayrollSummary.GetEmployeeYTDPayroll(String Pay_Year, Int32 DivisionID, Int32 DivisionLocationID, Int32 RequestingEmpId) in c:\Kesavan\Projects\ARK HRMS\HRMSNet_Dev\Payroll\YTDPayrollSummary.aspx.cs:line 71
==========================================

Log written at : 7/21/2015 5:20:19 PM
Error occured on page : http://localhost:56141/HRMSNet_Dev/Payroll/MonthlyProjectedPayrollFundReport.aspx

Here is the actual error :
System.Threading.ThreadAbortException: Thread was being aborted.
   at System.Threading.Thread.AbortInternal()
   at System.Threading.Thread.Abort(Object stateInfo)
   at System.Web.HttpResponse.AbortCurrentThread()
   at System.Web.HttpResponse.End()
   at SchoolNet.MonthlyProjectedPayrollFundReport.ExportToExcel(DataTable dt) in c:\Kesavan\Projects\ARK HRMS\HRMSNet_Dev\Payroll\MonthlyProjectedPayrollFundReport.aspx.cs:line 152
   at SchoolNet.MonthlyProjectedPayrollFundReport.GetEmployeeMonthlyPayroll(String Pay_MonthYear, Int32 DivisionID, Int32 DivisionLocationID, Int32 RequestingEmpId) in c:\Kesavan\Projects\ARK HRMS\HRMSNet_Dev\Payroll\MonthlyProjectedPayrollFundReport.aspx.cs:line 73
==========================================

Log written at : 7/21/2015 5:23:05 PM
Error occured on page : http://localhost:56141/HRMSNet_Dev/Payroll/payrollDashboard.aspx

Here is the actual error :
System.IndexOutOfRangeException: Index was outside the bounds of the array.
   at SchoolNet.PayrollDashBoard.CreatePieGraph1(DataTable dt, String strCaption, String strSubCaption, String xAxis, String yAxis) in c:\Kesavan\Projects\ARK HRMS\HRMSNet_Dev\Payroll\PayrollDashBoard.aspx.cs:line 280
   at SchoolNet.PayrollDashBoard.LoadDataList() in c:\Kesavan\Projects\ARK HRMS\HRMSNet_Dev\Payroll\PayrollDashBoard.aspx.cs:line 90
==========================================

Log written at : 7/21/2015 5:23:10 PM
Error occured on page : http://localhost:56141/HRMSNet_Dev/Payroll/payrollDashboard.aspx

Here is the actual error :
System.IndexOutOfRangeException: Index was outside the bounds of the array.
   at SchoolNet.PayrollDashBoard.CreatePieGraph1(DataTable dt, String strCaption, String strSubCaption, String xAxis, String yAxis) in c:\Kesavan\Projects\ARK HRMS\HRMSNet_Dev\Payroll\PayrollDashBoard.aspx.cs:line 280
   at SchoolNet.PayrollDashBoard.LoadDataList() in c:\Kesavan\Projects\ARK HRMS\HRMSNet_Dev\Payroll\PayrollDashBoard.aspx.cs:line 90
==========================================

Log written at : 7/21/2015 5:23:10 PM
Error occured on page : http://localhost:56141/HRMSNet_Dev/Payroll/payrollDashboard.aspx

Here is the actual error :
System.IndexOutOfRangeException: Index was outside the bounds of the array.
   at SchoolNet.PayrollDashBoard.CreatePieGraph1(DataTable dt, String strCaption, String strSubCaption, String xAxis, String yAxis) in c:\Kesavan\Projects\ARK HRMS\HRMSNet_Dev\Payroll\PayrollDashBoard.aspx.cs:line 280
   at SchoolNet.PayrollDashBoard.LoadDataList() in c:\Kesavan\Projects\ARK HRMS\HRMSNet_Dev\Payroll\PayrollDashBoard.aspx.cs:line 90
==========================================

Log written at : 7/21/2015 5:23:33 PM
Error occured on page : http://localhost:56141/HRMSNet_Dev/Payroll/payrollDashboard.aspx

Here is the actual error :
System.IndexOutOfRangeException: Index was outside the bounds of the array.
   at SchoolNet.PayrollDashBoard.CreatePieGraph1(DataTable dt, String strCaption, String strSubCaption, String xAxis, String yAxis) in c:\Kesavan\Projects\ARK HRMS\HRMSNet_Dev\Payroll\PayrollDashBoard.aspx.cs:line 280
   at SchoolNet.PayrollDashBoard.LoadDataList() in c:\Kesavan\Projects\ARK HRMS\HRMSNet_Dev\Payroll\PayrollDashBoard.aspx.cs:line 90
==========================================

Log written at : 7/21/2015 5:23:41 PM
Error occured on page : http://localhost:56141/HRMSNet_Dev/Payroll/payrollDashboard.aspx

Here is the actual error :
System.IndexOutOfRangeException: Index was outside the bounds of the array.
   at SchoolNet.PayrollDashBoard.CreatePieGraph1(DataTable dt, String strCaption, String strSubCaption, String xAxis, String yAxis) in c:\Kesavan\Projects\ARK HRMS\HRMSNet_Dev\Payroll\PayrollDashBoard.aspx.cs:line 280
   at SchoolNet.PayrollDashBoard.LoadDataList() in c:\Kesavan\Projects\ARK HRMS\HRMSNet_Dev\Payroll\PayrollDashBoard.aspx.cs:line 90
==========================================

Log written at : 7/21/2015 5:23:59 PM
Error occured on page : http://localhost:56141/HRMSNet_Dev/Payroll/payrollDashboard.aspx

Here is the actual error :
System.IndexOutOfRangeException: Index was outside the bounds of the array.
   at SchoolNet.PayrollDashBoard.CreatePieGraph1(DataTable dt, String strCaption, String strSubCaption, String xAxis, String yAxis) in c:\Kesavan\Projects\ARK HRMS\HRMSNet_Dev\Payroll\PayrollDashBoard.aspx.cs:line 280
   at SchoolNet.PayrollDashBoard.LoadDataList() in c:\Kesavan\Projects\ARK HRMS\HRMSNet_Dev\Payroll\PayrollDashBoard.aspx.cs:line 90
==========================================

Log written at : 7/21/2015 5:24:21 PM
Error occured on page : http://localhost:56141/HRMSNet_Dev/Payroll/payrollDashboard.aspx

Here is the actual error :
System.IndexOutOfRangeException: Index was outside the bounds of the array.
   at SchoolNet.PayrollDashBoard.CreatePieGraph1(DataTable dt, String strCaption, String strSubCaption, String xAxis, String yAxis) in c:\Kesavan\Projects\ARK HRMS\HRMSNet_Dev\Payroll\PayrollDashBoard.aspx.cs:line 280
   at SchoolNet.PayrollDashBoard.LoadDataList() in c:\Kesavan\Projects\ARK HRMS\HRMSNet_Dev\Payroll\PayrollDashBoard.aspx.cs:line 90
==========================================

Log written at : 7/21/2015 5:24:27 PM
Error occured on page : http://localhost:56141/HRMSNet_Dev/Payroll/payrollDashboard.aspx

Here is the actual error :
System.IndexOutOfRangeException: Index was outside the bounds of the array.
   at SchoolNet.PayrollDashBoard.CreatePieGraph1(DataTable dt, String strCaption, String strSubCaption, String xAxis, String yAxis) in c:\Kesavan\Projects\ARK HRMS\HRMSNet_Dev\Payroll\PayrollDashBoard.aspx.cs:line 280
   at SchoolNet.PayrollDashBoard.LoadDataList() in c:\Kesavan\Projects\ARK HRMS\HRMSNet_Dev\Payroll\PayrollDashBoard.aspx.cs:line 90
==========================================

Log written at : 7/21/2015 5:24:33 PM
Error occured on page : http://localhost:56141/HRMSNet_Dev/Payroll/payrollDashboard.aspx

Here is the actual error :
System.IndexOutOfRangeException: Index was outside the bounds of the array.
   at SchoolNet.PayrollDashBoard.CreatePieGraph1(DataTable dt, String strCaption, String strSubCaption, String xAxis, String yAxis) in c:\Kesavan\Projects\ARK HRMS\HRMSNet_Dev\Payroll\PayrollDashBoard.aspx.cs:line 280
   at SchoolNet.PayrollDashBoard.LoadDataList() in c:\Kesavan\Projects\ARK HRMS\HRMSNet_Dev\Payroll\PayrollDashBoard.aspx.cs:line 90
==========================================

Log written at : 7/21/2015 5:24:35 PM
Error occured on page : http://localhost:56141/HRMSNet_Dev/Payroll/payrollDashboard.aspx

Here is the actual error :
System.IndexOutOfRangeException: Index was outside the bounds of the array.
   at SchoolNet.PayrollDashBoard.CreatePieGraph1(DataTable dt, String strCaption, String strSubCaption, String xAxis, String yAxis) in c:\Kesavan\Projects\ARK HRMS\HRMSNet_Dev\Payroll\PayrollDashBoard.aspx.cs:line 280
   at SchoolNet.PayrollDashBoard.LoadDataList() in c:\Kesavan\Projects\ARK HRMS\HRMSNet_Dev\Payroll\PayrollDashBoard.aspx.cs:line 90
==========================================

Log written at : 7/21/2015 5:24:35 PM
Error occured on page : http://localhost:56141/HRMSNet_Dev/Payroll/payrollDashboard.aspx

Here is the actual error :
System.IndexOutOfRangeException: Index was outside the bounds of the array.
   at SchoolNet.PayrollDashBoard.CreatePieGraph1(DataTable dt, String strCaption, String strSubCaption, String xAxis, String yAxis) in c:\Kesavan\Projects\ARK HRMS\HRMSNet_Dev\Payroll\PayrollDashBoard.aspx.cs:line 280
   at SchoolNet.PayrollDashBoard.LoadDataList() in c:\Kesavan\Projects\ARK HRMS\HRMSNet_Dev\Payroll\PayrollDashBoard.aspx.cs:line 90
==========================================

Log written at : 7/21/2015 5:24:38 PM
Error occured on page : http://localhost:56141/HRMSNet_Dev/Payroll/payrollDashboard.aspx

Here is the actual error :
System.IndexOutOfRangeException: Index was outside the bounds of the array.
   at SchoolNet.PayrollDashBoard.CreatePieGraph1(DataTable dt, String strCaption, String strSubCaption, String xAxis, String yAxis) in c:\Kesavan\Projects\ARK HRMS\HRMSNet_Dev\Payroll\PayrollDashBoard.aspx.cs:line 280
   at SchoolNet.PayrollDashBoard.LoadDataList() in c:\Kesavan\Projects\ARK HRMS\HRMSNet_Dev\Payroll\PayrollDashBoard.aspx.cs:line 90
==========================================

Log written at : 7/21/2015 5:24:38 PM
Error occured on page : http://localhost:56141/HRMSNet_Dev/Payroll/payrollDashboard.aspx

Here is the actual error :
System.IndexOutOfRangeException: Index was outside the bounds of the array.
   at SchoolNet.PayrollDashBoard.CreatePieGraph1(DataTable dt, String strCaption, String strSubCaption, String xAxis, String yAxis) in c:\Kesavan\Projects\ARK HRMS\HRMSNet_Dev\Payroll\PayrollDashBoard.aspx.cs:line 280
   at SchoolNet.PayrollDashBoard.LoadDataList() in c:\Kesavan\Projects\ARK HRMS\HRMSNet_Dev\Payroll\PayrollDashBoard.aspx.cs:line 90
==========================================

Log written at : 7/21/2015 5:24:40 PM
Error occured on page : http://localhost:56141/HRMSNet_Dev/Payroll/payrollDashboard.aspx

Here is the actual error :
System.IndexOutOfRangeException: Index was outside the bounds of the array.
   at SchoolNet.PayrollDashBoard.CreatePieGraph1(DataTable dt, String strCaption, String strSubCaption, String xAxis, String yAxis) in c:\Kesavan\Projects\ARK HRMS\HRMSNet_Dev\Payroll\PayrollDashBoard.aspx.cs:line 280
   at SchoolNet.PayrollDashBoard.LoadDataList() in c:\Kesavan\Projects\ARK HRMS\HRMSNet_Dev\Payroll\PayrollDashBoard.aspx.cs:line 90
==========================================

Log written at : 7/21/2015 5:24:40 PM
Error occured on page : http://localhost:56141/HRMSNet_Dev/Payroll/payrollDashboard.aspx

Here is the actual error :
System.IndexOutOfRangeException: Index was outside the bounds of the array.
   at SchoolNet.PayrollDashBoard.CreatePieGraph1(DataTable dt, String strCaption, String strSubCaption, String xAxis, String yAxis) in c:\Kesavan\Projects\ARK HRMS\HRMSNet_Dev\Payroll\PayrollDashBoard.aspx.cs:line 280
   at SchoolNet.PayrollDashBoard.LoadDataList() in c:\Kesavan\Projects\ARK HRMS\HRMSNet_Dev\Payroll\PayrollDashBoard.aspx.cs:line 90
==========================================

Log written at : 7/21/2015 5:24:47 PM
Error occured on page : http://localhost:56141/HRMSNet_Dev/Payroll/payrollDashboard.aspx

Here is the actual error :
System.IndexOutOfRangeException: Index was outside the bounds of the array.
   at SchoolNet.PayrollDashBoard.CreatePieGraph1(DataTable dt, String strCaption, String strSubCaption, String xAxis, String yAxis) in c:\Kesavan\Projects\ARK HRMS\HRMSNet_Dev\Payroll\PayrollDashBoard.aspx.cs:line 280
   at SchoolNet.PayrollDashBoard.LoadDataList() in c:\Kesavan\Projects\ARK HRMS\HRMSNet_Dev\Payroll\PayrollDashBoard.aspx.cs:line 90
==========================================

Log written at : 7/21/2015 5:24:50 PM
Error occured on page : http://localhost:56141/HRMSNet_Dev/Payroll/payrollDashboard.aspx

Here is the actual error :
System.IndexOutOfRangeException: Index was outside the bounds of the array.
   at SchoolNet.PayrollDashBoard.CreatePieGraph1(DataTable dt, String strCaption, String strSubCaption, String xAxis, String yAxis) in c:\Kesavan\Projects\ARK HRMS\HRMSNet_Dev\Payroll\PayrollDashBoard.aspx.cs:line 280
   at SchoolNet.PayrollDashBoard.LoadDataList() in c:\Kesavan\Projects\ARK HRMS\HRMSNet_Dev\Payroll\PayrollDashBoard.aspx.cs:line 90
==========================================

Log written at : 7/21/2015 5:24:50 PM
Error occured on page : http://localhost:56141/HRMSNet_Dev/Payroll/payrollDashboard.aspx

Here is the actual error :
System.IndexOutOfRangeException: Index was outside the bounds of the array.
   at SchoolNet.PayrollDashBoard.CreatePieGraph1(DataTable dt, String strCaption, String strSubCaption, String xAxis, String yAxis) in c:\Kesavan\Projects\ARK HRMS\HRMSNet_Dev\Payroll\PayrollDashBoard.aspx.cs:line 280
   at SchoolNet.PayrollDashBoard.LoadDataList() in c:\Kesavan\Projects\ARK HRMS\HRMSNet_Dev\Payroll\PayrollDashBoard.aspx.cs:line 90
==========================================

Log written at : 7/21/2015 5:24:51 PM
Error occured on page : http://localhost:56141/HRMSNet_Dev/Payroll/payrollDashboard.aspx

Here is the actual error :
System.IndexOutOfRangeException: Index was outside the bounds of the array.
   at SchoolNet.PayrollDashBoard.CreatePieGraph1(DataTable dt, String strCaption, String strSubCaption, String xAxis, String yAxis) in c:\Kesavan\Projects\ARK HRMS\HRMSNet_Dev\Payroll\PayrollDashBoard.aspx.cs:line 280
   at SchoolNet.PayrollDashBoard.LoadDataList() in c:\Kesavan\Projects\ARK HRMS\HRMSNet_Dev\Payroll\PayrollDashBoard.aspx.cs:line 90
==========================================

Log written at : 7/21/2015 5:24:51 PM
Error occured on page : http://localhost:56141/HRMSNet_Dev/Payroll/payrollDashboard.aspx

Here is the actual error :
System.IndexOutOfRangeException: Index was outside the bounds of the array.
   at SchoolNet.PayrollDashBoard.CreatePieGraph1(DataTable dt, String strCaption, String strSubCaption, String xAxis, String yAxis) in c:\Kesavan\Projects\ARK HRMS\HRMSNet_Dev\Payroll\PayrollDashBoard.aspx.cs:line 280
   at SchoolNet.PayrollDashBoard.LoadDataList() in c:\Kesavan\Projects\ARK HRMS\HRMSNet_Dev\Payroll\PayrollDashBoard.aspx.cs:line 90
==========================================

Log written at : 7/21/2015 5:27:28 PM
Error occured on page : http://localhost:56141/HRMSNet_Dev/login.aspx

Here is the actual error :
System.Threading.ThreadAbortException: Thread was being aborted.
   at System.Threading.Thread.AbortInternal()
   at System.Threading.Thread.Abort(Object stateInfo)
   at System.Web.HttpResponse.AbortCurrentThread()
   at System.Web.HttpResponse.End()
   at System.Web.HttpResponse.Redirect(String url, Boolean endResponse, Boolean permanent)
   at System.Web.HttpResponse.Redirect(String url)
   at SchoolNet.Login.MemberLogin(Object sender, EventArgs e) in c:\Kesavan\Projects\ARK HRMS\HRMSNet_Dev\Login.aspx.cs:line 268
==========================================

Log written at : 7/21/2015 5:27:34 PM
Error occured on page : http://localhost:56141/HRMSNet_Dev/admin/dashboard.aspx

Here is the actual error :
System.IndexOutOfRangeException: Index was outside the bounds of the array.
   at SchoolNet.Dashboard.CreatePieGraph1(DataTable dt, String strCaption, String strSubCaption, String xAxis, String yAxis) in c:\Kesavan\Projects\ARK HRMS\HRMSNet_Dev\Admin\Dashboard.aspx.cs:line 500
   at SchoolNet.Dashboard.LoadDataList() in c:\Kesavan\Projects\ARK HRMS\HRMSNet_Dev\Admin\Dashboard.aspx.cs:line 100
==========================================

Log written at : 7/21/2015 5:27:38 PM
Error occured on page : http://localhost:56141/HRMSNet_Dev/admin/dashboard.aspx

Here is the actual error :
System.IndexOutOfRangeException: Index was outside the bounds of the array.
   at SchoolNet.Dashboard.CreatePieGraph1(DataTable dt, String strCaption, String strSubCaption, String xAxis, String yAxis) in c:\Kesavan\Projects\ARK HRMS\HRMSNet_Dev\Admin\Dashboard.aspx.cs:line 500
   at SchoolNet.Dashboard.LoadDataList() in c:\Kesavan\Projects\ARK HRMS\HRMSNet_Dev\Admin\Dashboard.aspx.cs:line 100
==========================================

Log written at : 7/21/2015 5:27:42 PM
Error occured on page : http://localhost:56141/HRMSNet_Dev/admin/dashboard.aspx

Here is the actual error :
System.IndexOutOfRangeException: Index was outside the bounds of the array.
   at SchoolNet.Dashboard.CreatePieGraph1(DataTable dt, String strCaption, String strSubCaption, String xAxis, String yAxis) in c:\Kesavan\Projects\ARK HRMS\HRMSNet_Dev\Admin\Dashboard.aspx.cs:line 500
   at SchoolNet.Dashboard.LoadDataList() in c:\Kesavan\Projects\ARK HRMS\HRMSNet_Dev\Admin\Dashboard.aspx.cs:line 100
==========================================

Log written at : 7/21/2015 5:27:42 PM
Error occured on page : http://localhost:56141/HRMSNet_Dev/admin/dashboard.aspx

Here is the actual error :
System.IndexOutOfRangeException: Index was outside the bounds of the array.
   at SchoolNet.Dashboard.CreatePieGraph1(DataTable dt, String strCaption, String strSubCaption, String xAxis, String yAxis) in c:\Kesavan\Projects\ARK HRMS\HRMSNet_Dev\Admin\Dashboard.aspx.cs:line 500
   at SchoolNet.Dashboard.LoadDataList() in c:\Kesavan\Projects\ARK HRMS\HRMSNet_Dev\Admin\Dashboard.aspx.cs:line 100
==========================================

Log written at : 7/21/2015 5:27:58 PM
Error occured on page : http://localhost:56141/HRMSNet_Dev/admin/dashboard.aspx

Here is the actual error :
System.IndexOutOfRangeException: Index was outside the bounds of the array.
   at SchoolNet.Dashboard.CreatePieGraph1(DataTable dt, String strCaption, String strSubCaption, String xAxis, String yAxis) in c:\Kesavan\Projects\ARK HRMS\HRMSNet_Dev\Admin\Dashboard.aspx.cs:line 500
   at SchoolNet.Dashboard.LoadDataList() in c:\Kesavan\Projects\ARK HRMS\HRMSNet_Dev\Admin\Dashboard.aspx.cs:line 100
==========================================

Log written at : 7/21/2015 5:27:58 PM
Error occured on page : http://localhost:56141/HRMSNet_Dev/admin/dashboard.aspx

Here is the actual error :
System.IndexOutOfRangeException: Index was outside the bounds of the array.
   at SchoolNet.Dashboard.CreatePieGraph1(DataTable dt, String strCaption, String strSubCaption, String xAxis, String yAxis) in c:\Kesavan\Projects\ARK HRMS\HRMSNet_Dev\Admin\Dashboard.aspx.cs:line 500
   at SchoolNet.Dashboard.LoadDataList() in c:\Kesavan\Projects\ARK HRMS\HRMSNet_Dev\Admin\Dashboard.aspx.cs:line 100
==========================================

Log written at : 7/21/2015 5:28:03 PM
Error occured on page : http://localhost:56141/HRMSNet_Dev/admin/dashboard.aspx

Here is the actual error :
System.IndexOutOfRangeException: Index was outside the bounds of the array.
   at SchoolNet.Dashboard.CreatePieGraph1(DataTable dt, String strCaption, String strSubCaption, String xAxis, String yAxis) in c:\Kesavan\Projects\ARK HRMS\HRMSNet_Dev\Admin\Dashboard.aspx.cs:line 500
   at SchoolNet.Dashboard.LoadDataList() in c:\Kesavan\Projects\ARK HRMS\HRMSNet_Dev\Admin\Dashboard.aspx.cs:line 100
==========================================

Log written at : 7/21/2015 5:28:11 PM
Error occured on page : http://localhost:56141/HRMSNet_Dev/admin/dashboard.aspx

Here is the actual error :
System.IndexOutOfRangeException: Index was outside the bounds of the array.
   at SchoolNet.Dashboard.CreatePieGraph1(DataTable dt, String strCaption, String strSubCaption, String xAxis, String yAxis) in c:\Kesavan\Projects\ARK HRMS\HRMSNet_Dev\Admin\Dashboard.aspx.cs:line 500
   at SchoolNet.Dashboard.LoadDataList() in c:\Kesavan\Projects\ARK HRMS\HRMSNet_Dev\Admin\Dashboard.aspx.cs:line 100
==========================================

Log written at : 7/21/2015 5:28:18 PM
Error occured on page : http://localhost:56141/HRMSNet_Dev/admin/dashboard.aspx

Here is the actual error :
System.IndexOutOfRangeException: Index was outside the bounds of the array.
   at SchoolNet.Dashboard.CreatePieGraph1(DataTable dt, String strCaption, String strSubCaption, String xAxis, String yAxis) in c:\Kesavan\Projects\ARK HRMS\HRMSNet_Dev\Admin\Dashboard.aspx.cs:line 500
   at SchoolNet.Dashboard.LoadDataList() in c:\Kesavan\Projects\ARK HRMS\HRMSNet_Dev\Admin\Dashboard.aspx.cs:line 100
==========================================

Log written at : 7/21/2015 5:28:18 PM
Error occured on page : http://localhost:56141/HRMSNet_Dev/admin/dashboard.aspx

Here is the actual error :
System.IndexOutOfRangeException: Index was outside the bounds of the array.
   at SchoolNet.Dashboard.CreatePieGraph1(DataTable dt, String strCaption, String strSubCaption, String xAxis, String yAxis) in c:\Kesavan\Projects\ARK HRMS\HRMSNet_Dev\Admin\Dashboard.aspx.cs:line 500
   at SchoolNet.Dashboard.LoadDataList() in c:\Kesavan\Projects\ARK HRMS\HRMSNet_Dev\Admin\Dashboard.aspx.cs:line 100
==========================================

Log written at : 7/21/2015 5:28:27 PM
Error occured on page : http://localhost:56141/HRMSNet_Dev/admin/dashboard.aspx

Here is the actual error :
System.IndexOutOfRangeException: Index was outside the bounds of the array.
   at SchoolNet.Dashboard.CreatePieGraph1(DataTable dt, String strCaption, String strSubCaption, String xAxis, String yAxis) in c:\Kesavan\Projects\ARK HRMS\HRMSNet_Dev\Admin\Dashboard.aspx.cs:line 500
   at SchoolNet.Dashboard.LoadDataList() in c:\Kesavan\Projects\ARK HRMS\HRMSNet_Dev\Admin\Dashboard.aspx.cs:line 100
==========================================

Log written at : 7/21/2015 5:28:27 PM
Error occured on page : http://localhost:56141/HRMSNet_Dev/admin/dashboard.aspx

Here is the actual error :
System.IndexOutOfRangeException: Index was outside the bounds of the array.
   at SchoolNet.Dashboard.CreatePieGraph1(DataTable dt, String strCaption, String strSubCaption, String xAxis, String yAxis) in c:\Kesavan\Projects\ARK HRMS\HRMSNet_Dev\Admin\Dashboard.aspx.cs:line 500
   at SchoolNet.Dashboard.LoadDataList() in c:\Kesavan\Projects\ARK HRMS\HRMSNet_Dev\Admin\Dashboard.aspx.cs:line 100
==========================================

Log written at : 7/21/2015 5:28:28 PM
Error occured on page : http://localhost:56141/HRMSNet_Dev/admin/dashboard.aspx

Here is the actual error :
System.IndexOutOfRangeException: Index was outside the bounds of the array.
   at SchoolNet.Dashboard.CreatePieGraph1(DataTable dt, String strCaption, String strSubCaption, String xAxis, String yAxis) in c:\Kesavan\Projects\ARK HRMS\HRMSNet_Dev\Admin\Dashboard.aspx.cs:line 500
   at SchoolNet.Dashboard.LoadDataList() in c:\Kesavan\Projects\ARK HRMS\HRMSNet_Dev\Admin\Dashboard.aspx.cs:line 100
==========================================

Log written at : 7/21/2015 5:28:28 PM
Error occured on page : http://localhost:56141/HRMSNet_Dev/admin/dashboard.aspx

Here is the actual error :
System.IndexOutOfRangeException: Index was outside the bounds of the array.
   at SchoolNet.Dashboard.CreatePieGraph1(DataTable dt, String strCaption, String strSubCaption, String xAxis, String yAxis) in c:\Kesavan\Projects\ARK HRMS\HRMSNet_Dev\Admin\Dashboard.aspx.cs:line 500
   at SchoolNet.Dashboard.LoadDataList() in c:\Kesavan\Projects\ARK HRMS\HRMSNet_Dev\Admin\Dashboard.aspx.cs:line 100
==========================================

Log written at : 7/21/2015 5:28:29 PM
Error occured on page : http://localhost:56141/HRMSNet_Dev/admin/dashboard.aspx

Here is the actual error :
System.IndexOutOfRangeException: Index was outside the bounds of the array.
   at SchoolNet.Dashboard.CreatePieGraph1(DataTable dt, String strCaption, String strSubCaption, String xAxis, String yAxis) in c:\Kesavan\Projects\ARK HRMS\HRMSNet_Dev\Admin\Dashboard.aspx.cs:line 500
   at SchoolNet.Dashboard.LoadDataList() in c:\Kesavan\Projects\ARK HRMS\HRMSNet_Dev\Admin\Dashboard.aspx.cs:line 100
==========================================

Log written at : 7/21/2015 5:28:29 PM
Error occured on page : http://localhost:56141/HRMSNet_Dev/admin/dashboard.aspx

Here is the actual error :
System.IndexOutOfRangeException: Index was outside the bounds of the array.
   at SchoolNet.Dashboard.CreatePieGraph1(DataTable dt, String strCaption, String strSubCaption, String xAxis, String yAxis) in c:\Kesavan\Projects\ARK HRMS\HRMSNet_Dev\Admin\Dashboard.aspx.cs:line 500
   at SchoolNet.Dashboard.LoadDataList() in c:\Kesavan\Projects\ARK HRMS\HRMSNet_Dev\Admin\Dashboard.aspx.cs:line 100
==========================================

Log written at : 7/21/2015 5:29:00 PM
Error occured on page : http://localhost:56141/HRMSNet_Dev/login.aspx

Here is the actual error :
System.Threading.ThreadAbortException: Thread was being aborted.
   at System.Threading.Thread.AbortInternal()
   at System.Threading.Thread.Abort(Object stateInfo)
   at System.Web.HttpResponse.AbortCurrentThread()
   at System.Web.HttpResponse.End()
   at System.Web.HttpResponse.Redirect(String url, Boolean endResponse, Boolean permanent)
   at System.Web.HttpResponse.Redirect(String url)
   at SchoolNet.Login.MemberLogin(Object sender, EventArgs e) in c:\Kesavan\Projects\ARK HRMS\HRMSNet_Dev\Login.aspx.cs:line 268
==========================================

Log written at : 7/21/2015 5:29:12 PM
Error occured on page : http://localhost:56141/HRMSNet_Dev/Payroll/PayrollDashboard.aspx

Here is the actual error :
System.IndexOutOfRangeException: Index was outside the bounds of the array.
   at SchoolNet.PayrollDashBoard.CreatePieGraph1(DataTable dt, String strCaption, String strSubCaption, String xAxis, String yAxis) in c:\Kesavan\Projects\ARK HRMS\HRMSNet_Dev\Payroll\PayrollDashBoard.aspx.cs:line 280
   at SchoolNet.PayrollDashBoard.LoadDataList() in c:\Kesavan\Projects\ARK HRMS\HRMSNet_Dev\Payroll\PayrollDashBoard.aspx.cs:line 90
==========================================
