
Log written at : 21-06-2015 11:20:39
Error occured on page : http://localhost:56141/HRMSNet_Dev/login.aspx?ReturnUrl=/HRMSNet_Dev/default.aspx?

Here is the actual error :
System.Threading.ThreadAbortException: Thread was being aborted.
   at System.Threading.Thread.AbortInternal()
   at System.Threading.Thread.Abort(Object stateInfo)
   at System.Web.HttpResponse.AbortCurrentThread()
   at System.Web.HttpResponse.End()
   at System.Web.HttpResponse.Redirect(String url, Boolean endResponse, Boolean permanent)
   at System.Web.HttpResponse.Redirect(String url)
   at SchoolNet.Login.MemberLogin(Object sender, EventArgs e) in c:\Kesavan\Projects\ARK HRMS\HRMSNet_Dev\Login.aspx.cs:line 268
==========================================

Log written at : 21-06-2015 11:22:46
Error occured on page : http://localhost:56141/HRMSNet_Dev/admin/ManageEmployee.aspx

Here is the actual error :
System.Web.HttpException (0x80004005): DataBinding: 'System.Data.DataRowView' does not contain a property with the name 'EContactID'.
   at System.Web.UI.DataBinder.GetPropertyValue(Object container, String propName)
   at System.Web.UI.WebControls.DataGrid.CreateControlHierarchy(Boolean useDataSource)
   at System.Web.UI.WebControls.BaseDataList.OnDataBinding(EventArgs e)
   at System.Web.UI.WebControls.BaseDataList.DataBind()
   at SchoolNet.ManageEmployee.LoadEmployeeInformation(Int32 EmpId) in c:\Kesavan\Projects\ARK HRMS\HRMSNet_Dev\Admin\ManageEmployee.aspx.cs:line 1500
==========================================

Log written at : 21-06-2015 11:23:06
Error occured on page : http://localhost:56141/HRMSNet_Dev/admin/ManageEmployee.aspx

Here is the actual error :
System.Web.HttpException (0x80004005): DataBinding: 'System.Data.DataRowView' does not contain a property with the name 'EContactID'.
   at System.Web.UI.DataBinder.GetPropertyValue(Object container, String propName)
   at System.Web.UI.WebControls.DataGrid.CreateControlHierarchy(Boolean useDataSource)
   at System.Web.UI.WebControls.BaseDataList.OnDataBinding(EventArgs e)
   at System.Web.UI.WebControls.BaseDataList.DataBind()
   at SchoolNet.ManageEmployee.LoadEmployeeInformation(Int32 EmpId) in c:\Kesavan\Projects\ARK HRMS\HRMSNet_Dev\Admin\ManageEmployee.aspx.cs:line 1500
==========================================

Log written at : 6/21/2015 11:38:49 AM
Error occured on page : http://localhost:56141/HRMSNet_Dev/admin/ManageEmployee.aspx

Here is the actual error :
System.Web.HttpException (0x80004005): DataBinding: 'System.Data.DataRowView' does not contain a property with the name 'EContactID'.
   at System.Web.UI.DataBinder.GetPropertyValue(Object container, String propName)
   at System.Web.UI.WebControls.DataGrid.CreateControlHierarchy(Boolean useDataSource)
   at System.Web.UI.WebControls.BaseDataList.OnDataBinding(EventArgs e)
   at System.Web.UI.WebControls.BaseDataList.DataBind()
   at SchoolNet.ManageEmployee.LoadEmployeeInformation(Int32 EmpId) in c:\Kesavan\Projects\ARK HRMS\HRMSNet_Dev\Admin\ManageEmployee.aspx.cs:line 1500
==========================================

Log written at : 6/21/2015 11:39:03 AM
Error occured on page : http://localhost:56141/HRMSNet_Dev/admin/ManageEmployee.aspx

Here is the actual error :
System.Web.HttpException (0x80004005): DataBinding: 'System.Data.DataRowView' does not contain a property with the name 'EContactID'.
   at System.Web.UI.DataBinder.GetPropertyValue(Object container, String propName)
   at System.Web.UI.WebControls.DataGrid.CreateControlHierarchy(Boolean useDataSource)
   at System.Web.UI.WebControls.BaseDataList.OnDataBinding(EventArgs e)
   at System.Web.UI.WebControls.BaseDataList.DataBind()
   at SchoolNet.ManageEmployee.LoadEmployeeInformation(Int32 EmpId) in c:\Kesavan\Projects\ARK HRMS\HRMSNet_Dev\Admin\ManageEmployee.aspx.cs:line 1500
==========================================

Log written at : 6/21/2015 11:40:56 AM
Error occured on page : http://localhost:56141/HRMSNet_Dev/login.aspx?ReturnUrl=/HRMSNet_Dev/default.aspx?

Here is the actual error :
System.Threading.ThreadAbortException: Thread was being aborted.
   at System.Threading.Thread.AbortInternal()
   at System.Threading.Thread.Abort(Object stateInfo)
   at System.Web.HttpResponse.AbortCurrentThread()
   at System.Web.HttpResponse.End()
   at System.Web.HttpResponse.Redirect(String url, Boolean endResponse, Boolean permanent)
   at System.Web.HttpResponse.Redirect(String url)
   at SchoolNet.Login.MemberLogin(Object sender, EventArgs e) in c:\Kesavan\Projects\ARK HRMS\HRMSNet_Dev\Login.aspx.cs:line 268
==========================================

Log written at : 6/21/2015 11:41:00 AM
Error occured on page : http://localhost:56141/HRMSNet_Dev/admin/ManageEmployee.aspx

Here is the actual error :
System.Web.HttpException (0x80004005): DataBinding: 'System.Data.DataRowView' does not contain a property with the name 'EContactID'.
   at System.Web.UI.DataBinder.GetPropertyValue(Object container, String propName)
   at System.Web.UI.WebControls.DataGrid.CreateControlHierarchy(Boolean useDataSource)
   at System.Web.UI.WebControls.BaseDataList.OnDataBinding(EventArgs e)
   at System.Web.UI.WebControls.BaseDataList.DataBind()
   at SchoolNet.ManageEmployee.LoadEmployeeInformation(Int32 EmpId) in c:\Kesavan\Projects\ARK HRMS\HRMSNet_Dev\Admin\ManageEmployee.aspx.cs:line 1500
==========================================

Log written at : 6/21/2015 11:41:16 AM
Error occured on page : http://localhost:56141/HRMSNet_Dev/admin/ManageEmployee.aspx

Here is the actual error :
System.Web.HttpException (0x80004005): DataBinding: 'System.Data.DataRowView' does not contain a property with the name 'EContactID'.
   at System.Web.UI.DataBinder.GetPropertyValue(Object container, String propName)
   at System.Web.UI.WebControls.DataGrid.CreateControlHierarchy(Boolean useDataSource)
   at System.Web.UI.WebControls.BaseDataList.OnDataBinding(EventArgs e)
   at System.Web.UI.WebControls.BaseDataList.DataBind()
   at SchoolNet.ManageEmployee.LoadEmployeeInformation(Int32 EmpId) in c:\Kesavan\Projects\ARK HRMS\HRMSNet_Dev\Admin\ManageEmployee.aspx.cs:line 1500
==========================================
