
Log written at : 1/25/2016 10:02:59 AM
Error occured on page : http://localhost:1463/HRMSNet_V2/login.aspx?ReturnUrl=/HRMSNet_V2/Admin/ManageEmpTA.aspx

Here is the actual error :
System.Threading.ThreadAbortException: Thread was being aborted.
   at System.Threading.Thread.AbortInternal()
   at System.Threading.Thread.Abort(Object stateInfo)
   at System.Web.HttpResponse.AbortCurrentThread()
   at System.Web.HttpResponse.End()
   at System.Web.HttpResponse.Redirect(String url, Boolean endResponse, Boolean permanent)
   at System.Web.HttpResponse.Redirect(String url)
   at SchoolNet.Login.MemberLogin(Object sender, EventArgs e) in c:\Kesavan\Projects\ARK HRMS\HRMSNet_V2\Login.aspx.cs:line 268
==========================================

Log written at : 1/25/2016 11:56:20 AM
Error occured on page : http://localhost:1463/HRMSNet_V2/login.aspx?ReturnUrl=/HRMSNet_V2/Logout.aspx

Here is the actual error :
System.Threading.ThreadAbortException: Thread was being aborted.
   at System.Threading.Thread.AbortInternal()
   at System.Threading.Thread.Abort(Object stateInfo)
   at System.Web.HttpResponse.AbortCurrentThread()
   at System.Web.HttpResponse.End()
   at System.Web.HttpResponse.Redirect(String url, Boolean endResponse, Boolean permanent)
   at System.Web.HttpResponse.Redirect(String url)
   at SchoolNet.Login.MemberLogin(Object sender, EventArgs e) in c:\Kesavan\Projects\ARK HRMS\HRMSNet_V2\Login.aspx.cs:line 268
==========================================

Log written at : 1/25/2016 11:56:33 AM
Error occured on page : http://localhost:1463/HRMSNet_V2/login.aspx

Here is the actual error :
System.Threading.ThreadAbortException: Thread was being aborted.
   at System.Threading.Thread.AbortInternal()
   at System.Threading.Thread.Abort(Object stateInfo)
   at System.Web.HttpResponse.AbortCurrentThread()
   at System.Web.HttpResponse.End()
   at System.Web.HttpResponse.Redirect(String url, Boolean endResponse, Boolean permanent)
   at System.Web.HttpResponse.Redirect(String url)
   at SchoolNet.Login.MemberLogin(Object sender, EventArgs e) in c:\Kesavan\Projects\ARK HRMS\HRMSNet_V2\Login.aspx.cs:line 268
==========================================

Log written at : 1/25/2016 12:08:10 PM
Error occured on page : http://localhost:1463/HRMSNet_V2/Admin/TAShiftMaster.aspx

Here is the actual error :
System.Data.SqlClient.SqlException (0x80131904): Procedure or function 'spAddUpdate_TAShiftMaster' expects parameter '@OTOffset', which was not supplied.
   at System.Data.SqlClient.SqlConnection.OnError(SqlException exception, Boolean breakConnection, Action`1 wrapCloseInAction)
   at System.Data.SqlClient.SqlInternalConnection.OnError(SqlException exception, Boolean breakConnection, Action`1 wrapCloseInAction)
   at System.Data.SqlClient.TdsParser.ThrowExceptionAndWarning(TdsParserStateObject stateObj, Boolean callerHasConnectionLock, Boolean asyncClose)
   at System.Data.SqlClient.TdsParser.TryRun(RunBehavior runBehavior, SqlCommand cmdHandler, SqlDataReader dataStream, BulkCopySimpleResultSet bulkCopyHandler, TdsParserStateObject stateObj, Boolean& dataReady)
   at System.Data.SqlClient.SqlCommand.FinishExecuteReader(SqlDataReader ds, RunBehavior runBehavior, String resetOptionsString)
   at System.Data.SqlClient.SqlCommand.RunExecuteReaderTds(CommandBehavior cmdBehavior, RunBehavior runBehavior, Boolean returnStream, Boolean async, Int32 timeout, Task& task, Boolean asyncWrite, SqlDataReader ds)
   at System.Data.SqlClient.SqlCommand.RunExecuteReader(CommandBehavior cmdBehavior, RunBehavior runBehavior, Boolean returnStream, String method, TaskCompletionSource`1 completion, Int32 timeout, Task& task, Boolean asyncWrite)
   at System.Data.SqlClient.SqlCommand.InternalExecuteNonQuery(TaskCompletionSource`1 completion, String methodName, Boolean sendToPipe, Int32 timeout, Boolean asyncWrite)
   at System.Data.SqlClient.SqlCommand.ExecuteNonQuery()
   at DatabaseManager.Data.BaseDataAccessor.ExecuteWithResult(String sproc, SqlParameter[] parameters)
   at DatabaseManager.Data.DBAccessManager.AddUpdateTAShiftMaster(Int32 RequestorID, Int32 ShiftID, Int32 DivisionID, Int32 LocationID, String ShiftName, String ShiftCode, String InTime, String OutTime, Boolean LateAllowed, Boolean EarlyAllowed, Boolean EndsNextDay, Boolean LunchAllowed, Int32 FixedLunchMins, Boolean BreakAllowed, Int32 FixedBreakMins, Int32 FullDayMins, Int32 HalfDayMins, Boolean OTAllowed, Int32 GracePeriod, Int32 MaxOTMins, Boolean IsDefault)
   at SchoolNet.TAShiftMaster.LeaveType_Save_Click(Object sender, EventArgs e) in c:\Kesavan\Projects\ARK HRMS\HRMSNet_V2\Admin\TAShiftMaster.aspx.cs:line 107
ClientConnectionId:5625a818-6340-420c-bf86-f32da2206f02
Error Number:201,State:4,Class:16
==========================================

Log written at : 1/25/2016 12:10:09 PM
Error occured on page : http://localhost:1463/HRMSNet_V2/Admin/TAShiftMaster.aspx

Here is the actual error :
System.Data.SqlClient.SqlException (0x80131904): Procedure or function 'spAddUpdate_TAShiftMaster' expects parameter '@OTOffset', which was not supplied.
   at System.Data.SqlClient.SqlConnection.OnError(SqlException exception, Boolean breakConnection, Action`1 wrapCloseInAction)
   at System.Data.SqlClient.SqlInternalConnection.OnError(SqlException exception, Boolean breakConnection, Action`1 wrapCloseInAction)
   at System.Data.SqlClient.TdsParser.ThrowExceptionAndWarning(TdsParserStateObject stateObj, Boolean callerHasConnectionLock, Boolean asyncClose)
   at System.Data.SqlClient.TdsParser.TryRun(RunBehavior runBehavior, SqlCommand cmdHandler, SqlDataReader dataStream, BulkCopySimpleResultSet bulkCopyHandler, TdsParserStateObject stateObj, Boolean& dataReady)
   at System.Data.SqlClient.SqlCommand.FinishExecuteReader(SqlDataReader ds, RunBehavior runBehavior, String resetOptionsString)
   at System.Data.SqlClient.SqlCommand.RunExecuteReaderTds(CommandBehavior cmdBehavior, RunBehavior runBehavior, Boolean returnStream, Boolean async, Int32 timeout, Task& task, Boolean asyncWrite, SqlDataReader ds)
   at System.Data.SqlClient.SqlCommand.RunExecuteReader(CommandBehavior cmdBehavior, RunBehavior runBehavior, Boolean returnStream, String method, TaskCompletionSource`1 completion, Int32 timeout, Task& task, Boolean asyncWrite)
   at System.Data.SqlClient.SqlCommand.InternalExecuteNonQuery(TaskCompletionSource`1 completion, String methodName, Boolean sendToPipe, Int32 timeout, Boolean asyncWrite)
   at System.Data.SqlClient.SqlCommand.ExecuteNonQuery()
   at DatabaseManager.Data.BaseDataAccessor.ExecuteWithResult(String sproc, SqlParameter[] parameters)
   at DatabaseManager.Data.DBAccessManager.AddUpdateTAShiftMaster(Int32 RequestorID, Int32 ShiftID, Int32 DivisionID, Int32 LocationID, String ShiftName, String ShiftCode, String InTime, String OutTime, Boolean LateAllowed, Boolean EarlyAllowed, Boolean EndsNextDay, Boolean LunchAllowed, Int32 FixedLunchMins, Boolean BreakAllowed, Int32 FixedBreakMins, Int32 FullDayMins, Int32 HalfDayMins, Boolean OTAllowed, Int32 GracePeriod, Int32 MaxOTMins, Boolean IsDefault)
   at SchoolNet.TAShiftMaster.LeaveType_Save_Click(Object sender, EventArgs e) in c:\Kesavan\Projects\ARK HRMS\HRMSNet_V2\Admin\TAShiftMaster.aspx.cs:line 107
ClientConnectionId:5625a818-6340-420c-bf86-f32da2206f02
Error Number:201,State:4,Class:16
==========================================

Log written at : 1/25/2016 12:54:44 PM
Error occured on page : http://localhost:1463/HRMSNet_V2/login.aspx

Here is the actual error :
System.Threading.ThreadAbortException: Thread was being aborted.
   at System.Threading.Thread.AbortInternal()
   at System.Threading.Thread.Abort(Object stateInfo)
   at System.Web.HttpResponse.AbortCurrentThread()
   at System.Web.HttpResponse.End()
   at System.Web.HttpResponse.Redirect(String url, Boolean endResponse, Boolean permanent)
   at System.Web.HttpResponse.Redirect(String url)
   at SchoolNet.Login.MemberLogin(Object sender, EventArgs e) in c:\Kesavan\Projects\ARK HRMS\HRMSNet_V2\Login.aspx.cs:line 268
==========================================

Log written at : 1/25/2016 12:54:56 PM
Error occured on page : http://localhost:1463/HRMSNet_V2/Common/ViewAttendance.aspx

Here is the actual error :
System.Data.SqlClient.SqlException (0x80131904): Invalid column name 'MaxOTHrs'.
   at System.Data.SqlClient.SqlConnection.OnError(SqlException exception, Boolean breakConnection, Action`1 wrapCloseInAction)
   at System.Data.SqlClient.SqlInternalConnection.OnError(SqlException exception, Boolean breakConnection, Action`1 wrapCloseInAction)
   at System.Data.SqlClient.TdsParser.ThrowExceptionAndWarning(TdsParserStateObject stateObj, Boolean callerHasConnectionLock, Boolean asyncClose)
   at System.Data.SqlClient.TdsParser.TryRun(RunBehavior runBehavior, SqlCommand cmdHandler, SqlDataReader dataStream, BulkCopySimpleResultSet bulkCopyHandler, TdsParserStateObject stateObj, Boolean& dataReady)
   at System.Data.SqlClient.SqlDataReader.TryConsumeMetaData()
   at System.Data.SqlClient.SqlDataReader.get_MetaData()
   at System.Data.SqlClient.SqlCommand.FinishExecuteReader(SqlDataReader ds, RunBehavior runBehavior, String resetOptionsString)
   at System.Data.SqlClient.SqlCommand.RunExecuteReaderTds(CommandBehavior cmdBehavior, RunBehavior runBehavior, Boolean returnStream, Boolean async, Int32 timeout, Task& task, Boolean asyncWrite, SqlDataReader ds)
   at System.Data.SqlClient.SqlCommand.RunExecuteReader(CommandBehavior cmdBehavior, RunBehavior runBehavior, Boolean returnStream, String method, TaskCompletionSource`1 completion, Int32 timeout, Task& task, Boolean asyncWrite)
   at System.Data.SqlClient.SqlCommand.RunExecuteReader(CommandBehavior cmdBehavior, RunBehavior runBehavior, Boolean returnStream, String method)
   at System.Data.SqlClient.SqlCommand.ExecuteReader(CommandBehavior behavior, String method)
   at System.Data.SqlClient.SqlCommand.ExecuteDbDataReader(CommandBehavior behavior)
   at System.Data.Common.DbCommand.System.Data.IDbCommand.ExecuteReader(CommandBehavior behavior)
   at System.Data.Common.DbDataAdapter.FillInternal(DataSet dataset, DataTable[] datatables, Int32 startRecord, Int32 maxRecords, String srcTable, IDbCommand command, CommandBehavior behavior)
   at System.Data.Common.DbDataAdapter.Fill(DataSet dataSet, Int32 startRecord, Int32 maxRecords, String srcTable, IDbCommand command, CommandBehavior behavior)
   at System.Data.Common.DbDataAdapter.Fill(DataSet dataSet)
   at DatabaseManager.Data.BaseDataAccessor.ExecuteDataSet(String sproc, SqlParameter[] parameters)
   at DatabaseManager.Data.DBAccessManager.RetrieveEmpMonthlyAttendance(Int32 EmpId, String MonthYear)
   at SchoolNet.ViewAttendance.LoadEmpMonthlyAttendance(Int32 EmpId, String MonthYear) in c:\Kesavan\Projects\ARK HRMS\HRMSNet_V2\Common\ViewAttendance.aspx.cs:line 67
ClientConnectionId:bee3b996-6c96-4ed9-b1f2-6229724c1056
Error Number:207,State:1,Class:16
==========================================

Log written at : 1/25/2016 12:55:00 PM
Error occured on page : http://localhost:1463/HRMSNet_V2/Common/ViewAttendance.aspx

Here is the actual error :
System.Data.SqlClient.SqlException (0x80131904): Invalid column name 'MaxOTHrs'.
   at System.Data.SqlClient.SqlConnection.OnError(SqlException exception, Boolean breakConnection, Action`1 wrapCloseInAction)
   at System.Data.SqlClient.SqlInternalConnection.OnError(SqlException exception, Boolean breakConnection, Action`1 wrapCloseInAction)
   at System.Data.SqlClient.TdsParser.ThrowExceptionAndWarning(TdsParserStateObject stateObj, Boolean callerHasConnectionLock, Boolean asyncClose)
   at System.Data.SqlClient.TdsParser.TryRun(RunBehavior runBehavior, SqlCommand cmdHandler, SqlDataReader dataStream, BulkCopySimpleResultSet bulkCopyHandler, TdsParserStateObject stateObj, Boolean& dataReady)
   at System.Data.SqlClient.SqlDataReader.TryConsumeMetaData()
   at System.Data.SqlClient.SqlDataReader.get_MetaData()
   at System.Data.SqlClient.SqlCommand.FinishExecuteReader(SqlDataReader ds, RunBehavior runBehavior, String resetOptionsString)
   at System.Data.SqlClient.SqlCommand.RunExecuteReaderTds(CommandBehavior cmdBehavior, RunBehavior runBehavior, Boolean returnStream, Boolean async, Int32 timeout, Task& task, Boolean asyncWrite, SqlDataReader ds)
   at System.Data.SqlClient.SqlCommand.RunExecuteReader(CommandBehavior cmdBehavior, RunBehavior runBehavior, Boolean returnStream, String method, TaskCompletionSource`1 completion, Int32 timeout, Task& task, Boolean asyncWrite)
   at System.Data.SqlClient.SqlCommand.RunExecuteReader(CommandBehavior cmdBehavior, RunBehavior runBehavior, Boolean returnStream, String method)
   at System.Data.SqlClient.SqlCommand.ExecuteReader(CommandBehavior behavior, String method)
   at System.Data.SqlClient.SqlCommand.ExecuteDbDataReader(CommandBehavior behavior)
   at System.Data.Common.DbCommand.System.Data.IDbCommand.ExecuteReader(CommandBehavior behavior)
   at System.Data.Common.DbDataAdapter.FillInternal(DataSet dataset, DataTable[] datatables, Int32 startRecord, Int32 maxRecords, String srcTable, IDbCommand command, CommandBehavior behavior)
   at System.Data.Common.DbDataAdapter.Fill(DataSet dataSet, Int32 startRecord, Int32 maxRecords, String srcTable, IDbCommand command, CommandBehavior behavior)
   at System.Data.Common.DbDataAdapter.Fill(DataSet dataSet)
   at DatabaseManager.Data.BaseDataAccessor.ExecuteDataSet(String sproc, SqlParameter[] parameters)
   at DatabaseManager.Data.DBAccessManager.RetrieveEmpMonthlyAttendance(Int32 EmpId, String MonthYear)
   at SchoolNet.ViewAttendance.LoadEmpMonthlyAttendance(Int32 EmpId, String MonthYear) in c:\Kesavan\Projects\ARK HRMS\HRMSNet_V2\Common\ViewAttendance.aspx.cs:line 67
ClientConnectionId:bee3b996-6c96-4ed9-b1f2-6229724c1056
Error Number:207,State:1,Class:16
==========================================

Log written at : 1/25/2016 12:55:05 PM
Error occured on page : http://localhost:1463/HRMSNet_V2/Common/ViewAttendance.aspx

Here is the actual error :
System.Data.SqlClient.SqlException (0x80131904): Invalid column name 'MaxOTHrs'.
   at System.Data.SqlClient.SqlConnection.OnError(SqlException exception, Boolean breakConnection, Action`1 wrapCloseInAction)
   at System.Data.SqlClient.SqlInternalConnection.OnError(SqlException exception, Boolean breakConnection, Action`1 wrapCloseInAction)
   at System.Data.SqlClient.TdsParser.ThrowExceptionAndWarning(TdsParserStateObject stateObj, Boolean callerHasConnectionLock, Boolean asyncClose)
   at System.Data.SqlClient.TdsParser.TryRun(RunBehavior runBehavior, SqlCommand cmdHandler, SqlDataReader dataStream, BulkCopySimpleResultSet bulkCopyHandler, TdsParserStateObject stateObj, Boolean& dataReady)
   at System.Data.SqlClient.SqlDataReader.TryConsumeMetaData()
   at System.Data.SqlClient.SqlDataReader.get_MetaData()
   at System.Data.SqlClient.SqlCommand.FinishExecuteReader(SqlDataReader ds, RunBehavior runBehavior, String resetOptionsString)
   at System.Data.SqlClient.SqlCommand.RunExecuteReaderTds(CommandBehavior cmdBehavior, RunBehavior runBehavior, Boolean returnStream, Boolean async, Int32 timeout, Task& task, Boolean asyncWrite, SqlDataReader ds)
   at System.Data.SqlClient.SqlCommand.RunExecuteReader(CommandBehavior cmdBehavior, RunBehavior runBehavior, Boolean returnStream, String method, TaskCompletionSource`1 completion, Int32 timeout, Task& task, Boolean asyncWrite)
   at System.Data.SqlClient.SqlCommand.RunExecuteReader(CommandBehavior cmdBehavior, RunBehavior runBehavior, Boolean returnStream, String method)
   at System.Data.SqlClient.SqlCommand.ExecuteReader(CommandBehavior behavior, String method)
   at System.Data.SqlClient.SqlCommand.ExecuteDbDataReader(CommandBehavior behavior)
   at System.Data.Common.DbCommand.System.Data.IDbCommand.ExecuteReader(CommandBehavior behavior)
   at System.Data.Common.DbDataAdapter.FillInternal(DataSet dataset, DataTable[] datatables, Int32 startRecord, Int32 maxRecords, String srcTable, IDbCommand command, CommandBehavior behavior)
   at System.Data.Common.DbDataAdapter.Fill(DataSet dataSet, Int32 startRecord, Int32 maxRecords, String srcTable, IDbCommand command, CommandBehavior behavior)
   at System.Data.Common.DbDataAdapter.Fill(DataSet dataSet)
   at DatabaseManager.Data.BaseDataAccessor.ExecuteDataSet(String sproc, SqlParameter[] parameters)
   at DatabaseManager.Data.DBAccessManager.RetrieveEmpMonthlyAttendance(Int32 EmpId, String MonthYear)
   at SchoolNet.ViewAttendance.LoadEmpMonthlyAttendance(Int32 EmpId, String MonthYear) in c:\Kesavan\Projects\ARK HRMS\HRMSNet_V2\Common\ViewAttendance.aspx.cs:line 67
ClientConnectionId:bee3b996-6c96-4ed9-b1f2-6229724c1056
Error Number:207,State:1,Class:16
==========================================

Log written at : 1/25/2016 12:55:25 PM
Error occured on page : http://localhost:1463/HRMSNet_V2/Common/ViewAttendance.aspx

Here is the actual error :
System.Data.SqlClient.SqlException (0x80131904): Invalid column name 'MaxOTHrs'.
   at System.Data.SqlClient.SqlConnection.OnError(SqlException exception, Boolean breakConnection, Action`1 wrapCloseInAction)
   at System.Data.SqlClient.SqlInternalConnection.OnError(SqlException exception, Boolean breakConnection, Action`1 wrapCloseInAction)
   at System.Data.SqlClient.TdsParser.ThrowExceptionAndWarning(TdsParserStateObject stateObj, Boolean callerHasConnectionLock, Boolean asyncClose)
   at System.Data.SqlClient.TdsParser.TryRun(RunBehavior runBehavior, SqlCommand cmdHandler, SqlDataReader dataStream, BulkCopySimpleResultSet bulkCopyHandler, TdsParserStateObject stateObj, Boolean& dataReady)
   at System.Data.SqlClient.SqlDataReader.TryConsumeMetaData()
   at System.Data.SqlClient.SqlDataReader.get_MetaData()
   at System.Data.SqlClient.SqlCommand.FinishExecuteReader(SqlDataReader ds, RunBehavior runBehavior, String resetOptionsString)
   at System.Data.SqlClient.SqlCommand.RunExecuteReaderTds(CommandBehavior cmdBehavior, RunBehavior runBehavior, Boolean returnStream, Boolean async, Int32 timeout, Task& task, Boolean asyncWrite, SqlDataReader ds)
   at System.Data.SqlClient.SqlCommand.RunExecuteReader(CommandBehavior cmdBehavior, RunBehavior runBehavior, Boolean returnStream, String method, TaskCompletionSource`1 completion, Int32 timeout, Task& task, Boolean asyncWrite)
   at System.Data.SqlClient.SqlCommand.RunExecuteReader(CommandBehavior cmdBehavior, RunBehavior runBehavior, Boolean returnStream, String method)
   at System.Data.SqlClient.SqlCommand.ExecuteReader(CommandBehavior behavior, String method)
   at System.Data.SqlClient.SqlCommand.ExecuteDbDataReader(CommandBehavior behavior)
   at System.Data.Common.DbCommand.System.Data.IDbCommand.ExecuteReader(CommandBehavior behavior)
   at System.Data.Common.DbDataAdapter.FillInternal(DataSet dataset, DataTable[] datatables, Int32 startRecord, Int32 maxRecords, String srcTable, IDbCommand command, CommandBehavior behavior)
   at System.Data.Common.DbDataAdapter.Fill(DataSet dataSet, Int32 startRecord, Int32 maxRecords, String srcTable, IDbCommand command, CommandBehavior behavior)
   at System.Data.Common.DbDataAdapter.Fill(DataSet dataSet)
   at DatabaseManager.Data.BaseDataAccessor.ExecuteDataSet(String sproc, SqlParameter[] parameters)
   at DatabaseManager.Data.DBAccessManager.RetrieveEmpMonthlyAttendance(Int32 EmpId, String MonthYear)
   at SchoolNet.ViewAttendance.LoadEmpMonthlyAttendance(Int32 EmpId, String MonthYear) in c:\Kesavan\Projects\ARK HRMS\HRMSNet_V2\Common\ViewAttendance.aspx.cs:line 67
ClientConnectionId:bee3b996-6c96-4ed9-b1f2-6229724c1056
Error Number:207,State:1,Class:16
==========================================

Log written at : 1/25/2016 12:55:27 PM
Error occured on page : http://localhost:1463/HRMSNet_V2/Common/ViewAttendance.aspx

Here is the actual error :
System.Data.SqlClient.SqlException (0x80131904): Invalid column name 'MaxOTHrs'.
   at System.Data.SqlClient.SqlConnection.OnError(SqlException exception, Boolean breakConnection, Action`1 wrapCloseInAction)
   at System.Data.SqlClient.SqlInternalConnection.OnError(SqlException exception, Boolean breakConnection, Action`1 wrapCloseInAction)
   at System.Data.SqlClient.TdsParser.ThrowExceptionAndWarning(TdsParserStateObject stateObj, Boolean callerHasConnectionLock, Boolean asyncClose)
   at System.Data.SqlClient.TdsParser.TryRun(RunBehavior runBehavior, SqlCommand cmdHandler, SqlDataReader dataStream, BulkCopySimpleResultSet bulkCopyHandler, TdsParserStateObject stateObj, Boolean& dataReady)
   at System.Data.SqlClient.SqlDataReader.TryConsumeMetaData()
   at System.Data.SqlClient.SqlDataReader.get_MetaData()
   at System.Data.SqlClient.SqlCommand.FinishExecuteReader(SqlDataReader ds, RunBehavior runBehavior, String resetOptionsString)
   at System.Data.SqlClient.SqlCommand.RunExecuteReaderTds(CommandBehavior cmdBehavior, RunBehavior runBehavior, Boolean returnStream, Boolean async, Int32 timeout, Task& task, Boolean asyncWrite, SqlDataReader ds)
   at System.Data.SqlClient.SqlCommand.RunExecuteReader(CommandBehavior cmdBehavior, RunBehavior runBehavior, Boolean returnStream, String method, TaskCompletionSource`1 completion, Int32 timeout, Task& task, Boolean asyncWrite)
   at System.Data.SqlClient.SqlCommand.RunExecuteReader(CommandBehavior cmdBehavior, RunBehavior runBehavior, Boolean returnStream, String method)
   at System.Data.SqlClient.SqlCommand.ExecuteReader(CommandBehavior behavior, String method)
   at System.Data.SqlClient.SqlCommand.ExecuteDbDataReader(CommandBehavior behavior)
   at System.Data.Common.DbCommand.System.Data.IDbCommand.ExecuteReader(CommandBehavior behavior)
   at System.Data.Common.DbDataAdapter.FillInternal(DataSet dataset, DataTable[] datatables, Int32 startRecord, Int32 maxRecords, String srcTable, IDbCommand command, CommandBehavior behavior)
   at System.Data.Common.DbDataAdapter.Fill(DataSet dataSet, Int32 startRecord, Int32 maxRecords, String srcTable, IDbCommand command, CommandBehavior behavior)
   at System.Data.Common.DbDataAdapter.Fill(DataSet dataSet)
   at DatabaseManager.Data.BaseDataAccessor.ExecuteDataSet(String sproc, SqlParameter[] parameters)
   at DatabaseManager.Data.DBAccessManager.RetrieveEmpMonthlyAttendance(Int32 EmpId, String MonthYear)
   at SchoolNet.ViewAttendance.LoadEmpMonthlyAttendance(Int32 EmpId, String MonthYear) in c:\Kesavan\Projects\ARK HRMS\HRMSNet_V2\Common\ViewAttendance.aspx.cs:line 67
ClientConnectionId:bee3b996-6c96-4ed9-b1f2-6229724c1056
Error Number:207,State:1,Class:16
==========================================

Log written at : 1/25/2016 12:55:40 PM
Error occured on page : http://localhost:1463/HRMSNet_V2/Common/ViewAttendance.aspx

Here is the actual error :
System.Data.SqlClient.SqlException (0x80131904): Invalid column name 'MaxOTHrs'.
   at System.Data.SqlClient.SqlConnection.OnError(SqlException exception, Boolean breakConnection, Action`1 wrapCloseInAction)
   at System.Data.SqlClient.SqlInternalConnection.OnError(SqlException exception, Boolean breakConnection, Action`1 wrapCloseInAction)
   at System.Data.SqlClient.TdsParser.ThrowExceptionAndWarning(TdsParserStateObject stateObj, Boolean callerHasConnectionLock, Boolean asyncClose)
   at System.Data.SqlClient.TdsParser.TryRun(RunBehavior runBehavior, SqlCommand cmdHandler, SqlDataReader dataStream, BulkCopySimpleResultSet bulkCopyHandler, TdsParserStateObject stateObj, Boolean& dataReady)
   at System.Data.SqlClient.SqlDataReader.TryConsumeMetaData()
   at System.Data.SqlClient.SqlDataReader.get_MetaData()
   at System.Data.SqlClient.SqlCommand.FinishExecuteReader(SqlDataReader ds, RunBehavior runBehavior, String resetOptionsString)
   at System.Data.SqlClient.SqlCommand.RunExecuteReaderTds(CommandBehavior cmdBehavior, RunBehavior runBehavior, Boolean returnStream, Boolean async, Int32 timeout, Task& task, Boolean asyncWrite, SqlDataReader ds)
   at System.Data.SqlClient.SqlCommand.RunExecuteReader(CommandBehavior cmdBehavior, RunBehavior runBehavior, Boolean returnStream, String method, TaskCompletionSource`1 completion, Int32 timeout, Task& task, Boolean asyncWrite)
   at System.Data.SqlClient.SqlCommand.RunExecuteReader(CommandBehavior cmdBehavior, RunBehavior runBehavior, Boolean returnStream, String method)
   at System.Data.SqlClient.SqlCommand.ExecuteReader(CommandBehavior behavior, String method)
   at System.Data.SqlClient.SqlCommand.ExecuteDbDataReader(CommandBehavior behavior)
   at System.Data.Common.DbCommand.System.Data.IDbCommand.ExecuteReader(CommandBehavior behavior)
   at System.Data.Common.DbDataAdapter.FillInternal(DataSet dataset, DataTable[] datatables, Int32 startRecord, Int32 maxRecords, String srcTable, IDbCommand command, CommandBehavior behavior)
   at System.Data.Common.DbDataAdapter.Fill(DataSet dataSet, Int32 startRecord, Int32 maxRecords, String srcTable, IDbCommand command, CommandBehavior behavior)
   at System.Data.Common.DbDataAdapter.Fill(DataSet dataSet)
   at DatabaseManager.Data.BaseDataAccessor.ExecuteDataSet(String sproc, SqlParameter[] parameters)
   at DatabaseManager.Data.DBAccessManager.RetrieveEmpMonthlyAttendance(Int32 EmpId, String MonthYear)
   at SchoolNet.ViewAttendance.LoadEmpMonthlyAttendance(Int32 EmpId, String MonthYear) in c:\Kesavan\Projects\ARK HRMS\HRMSNet_V2\Common\ViewAttendance.aspx.cs:line 67
ClientConnectionId:bee3b996-6c96-4ed9-b1f2-6229724c1056
Error Number:207,State:1,Class:16
==========================================

Log written at : 1/25/2016 12:56:12 PM
Error occured on page : http://localhost:1463/HRMSNet_V2/Common/ViewAttendance.aspx

Here is the actual error :
System.Data.SqlClient.SqlException (0x80131904): Invalid column name 'MaxOTHrs'.
   at System.Data.SqlClient.SqlConnection.OnError(SqlException exception, Boolean breakConnection, Action`1 wrapCloseInAction)
   at System.Data.SqlClient.SqlInternalConnection.OnError(SqlException exception, Boolean breakConnection, Action`1 wrapCloseInAction)
   at System.Data.SqlClient.TdsParser.ThrowExceptionAndWarning(TdsParserStateObject stateObj, Boolean callerHasConnectionLock, Boolean asyncClose)
   at System.Data.SqlClient.TdsParser.TryRun(RunBehavior runBehavior, SqlCommand cmdHandler, SqlDataReader dataStream, BulkCopySimpleResultSet bulkCopyHandler, TdsParserStateObject stateObj, Boolean& dataReady)
   at System.Data.SqlClient.SqlDataReader.TryConsumeMetaData()
   at System.Data.SqlClient.SqlDataReader.get_MetaData()
   at System.Data.SqlClient.SqlCommand.FinishExecuteReader(SqlDataReader ds, RunBehavior runBehavior, String resetOptionsString)
   at System.Data.SqlClient.SqlCommand.RunExecuteReaderTds(CommandBehavior cmdBehavior, RunBehavior runBehavior, Boolean returnStream, Boolean async, Int32 timeout, Task& task, Boolean asyncWrite, SqlDataReader ds)
   at System.Data.SqlClient.SqlCommand.RunExecuteReader(CommandBehavior cmdBehavior, RunBehavior runBehavior, Boolean returnStream, String method, TaskCompletionSource`1 completion, Int32 timeout, Task& task, Boolean asyncWrite)
   at System.Data.SqlClient.SqlCommand.RunExecuteReader(CommandBehavior cmdBehavior, RunBehavior runBehavior, Boolean returnStream, String method)
   at System.Data.SqlClient.SqlCommand.ExecuteReader(CommandBehavior behavior, String method)
   at System.Data.SqlClient.SqlCommand.ExecuteDbDataReader(CommandBehavior behavior)
   at System.Data.Common.DbCommand.System.Data.IDbCommand.ExecuteReader(CommandBehavior behavior)
   at System.Data.Common.DbDataAdapter.FillInternal(DataSet dataset, DataTable[] datatables, Int32 startRecord, Int32 maxRecords, String srcTable, IDbCommand command, CommandBehavior behavior)
   at System.Data.Common.DbDataAdapter.Fill(DataSet dataSet, Int32 startRecord, Int32 maxRecords, String srcTable, IDbCommand command, CommandBehavior behavior)
   at System.Data.Common.DbDataAdapter.Fill(DataSet dataSet)
   at DatabaseManager.Data.BaseDataAccessor.ExecuteDataSet(String sproc, SqlParameter[] parameters)
   at DatabaseManager.Data.DBAccessManager.RetrieveEmpMonthlyAttendance(Int32 EmpId, String MonthYear)
   at SchoolNet.ViewAttendance.LoadEmpMonthlyAttendance(Int32 EmpId, String MonthYear) in c:\Kesavan\Projects\ARK HRMS\HRMSNet_V2\Common\ViewAttendance.aspx.cs:line 67
ClientConnectionId:bee3b996-6c96-4ed9-b1f2-6229724c1056
Error Number:207,State:1,Class:16
==========================================

Log written at : 1/25/2016 12:58:46 PM
Error occured on page : http://localhost:1463/HRMSNet_V2/Common/ViewAttendance.aspx

Here is the actual error :
System.Data.SqlClient.SqlException (0x80131904): Invalid column name 'MaxOTHrs'.
   at System.Data.SqlClient.SqlConnection.OnError(SqlException exception, Boolean breakConnection, Action`1 wrapCloseInAction)
   at System.Data.SqlClient.SqlInternalConnection.OnError(SqlException exception, Boolean breakConnection, Action`1 wrapCloseInAction)
   at System.Data.SqlClient.TdsParser.ThrowExceptionAndWarning(TdsParserStateObject stateObj, Boolean callerHasConnectionLock, Boolean asyncClose)
   at System.Data.SqlClient.TdsParser.TryRun(RunBehavior runBehavior, SqlCommand cmdHandler, SqlDataReader dataStream, BulkCopySimpleResultSet bulkCopyHandler, TdsParserStateObject stateObj, Boolean& dataReady)
   at System.Data.SqlClient.SqlDataReader.TryConsumeMetaData()
   at System.Data.SqlClient.SqlDataReader.get_MetaData()
   at System.Data.SqlClient.SqlCommand.FinishExecuteReader(SqlDataReader ds, RunBehavior runBehavior, String resetOptionsString)
   at System.Data.SqlClient.SqlCommand.RunExecuteReaderTds(CommandBehavior cmdBehavior, RunBehavior runBehavior, Boolean returnStream, Boolean async, Int32 timeout, Task& task, Boolean asyncWrite, SqlDataReader ds)
   at System.Data.SqlClient.SqlCommand.RunExecuteReader(CommandBehavior cmdBehavior, RunBehavior runBehavior, Boolean returnStream, String method, TaskCompletionSource`1 completion, Int32 timeout, Task& task, Boolean asyncWrite)
   at System.Data.SqlClient.SqlCommand.RunExecuteReader(CommandBehavior cmdBehavior, RunBehavior runBehavior, Boolean returnStream, String method)
   at System.Data.SqlClient.SqlCommand.ExecuteReader(CommandBehavior behavior, String method)
   at System.Data.SqlClient.SqlCommand.ExecuteDbDataReader(CommandBehavior behavior)
   at System.Data.Common.DbCommand.System.Data.IDbCommand.ExecuteReader(CommandBehavior behavior)
   at System.Data.Common.DbDataAdapter.FillInternal(DataSet dataset, DataTable[] datatables, Int32 startRecord, Int32 maxRecords, String srcTable, IDbCommand command, CommandBehavior behavior)
   at System.Data.Common.DbDataAdapter.Fill(DataSet dataSet, Int32 startRecord, Int32 maxRecords, String srcTable, IDbCommand command, CommandBehavior behavior)
   at System.Data.Common.DbDataAdapter.Fill(DataSet dataSet)
   at DatabaseManager.Data.BaseDataAccessor.ExecuteDataSet(String sproc, SqlParameter[] parameters)
   at DatabaseManager.Data.DBAccessManager.RetrieveEmpMonthlyAttendance(Int32 EmpId, String MonthYear)
   at SchoolNet.ViewAttendance.LoadEmpMonthlyAttendance(Int32 EmpId, String MonthYear) in c:\Kesavan\Projects\ARK HRMS\HRMSNet_V2\Common\ViewAttendance.aspx.cs:line 67
ClientConnectionId:bee3b996-6c96-4ed9-b1f2-6229724c1056
Error Number:207,State:1,Class:16
==========================================

Log written at : 1/25/2016 12:58:48 PM
Error occured on page : http://localhost:1463/HRMSNet_V2/Common/ViewAttendance.aspx

Here is the actual error :
System.Data.SqlClient.SqlException (0x80131904): Invalid column name 'MaxOTHrs'.
   at System.Data.SqlClient.SqlConnection.OnError(SqlException exception, Boolean breakConnection, Action`1 wrapCloseInAction)
   at System.Data.SqlClient.SqlInternalConnection.OnError(SqlException exception, Boolean breakConnection, Action`1 wrapCloseInAction)
   at System.Data.SqlClient.TdsParser.ThrowExceptionAndWarning(TdsParserStateObject stateObj, Boolean callerHasConnectionLock, Boolean asyncClose)
   at System.Data.SqlClient.TdsParser.TryRun(RunBehavior runBehavior, SqlCommand cmdHandler, SqlDataReader dataStream, BulkCopySimpleResultSet bulkCopyHandler, TdsParserStateObject stateObj, Boolean& dataReady)
   at System.Data.SqlClient.SqlDataReader.TryConsumeMetaData()
   at System.Data.SqlClient.SqlDataReader.get_MetaData()
   at System.Data.SqlClient.SqlCommand.FinishExecuteReader(SqlDataReader ds, RunBehavior runBehavior, String resetOptionsString)
   at System.Data.SqlClient.SqlCommand.RunExecuteReaderTds(CommandBehavior cmdBehavior, RunBehavior runBehavior, Boolean returnStream, Boolean async, Int32 timeout, Task& task, Boolean asyncWrite, SqlDataReader ds)
   at System.Data.SqlClient.SqlCommand.RunExecuteReader(CommandBehavior cmdBehavior, RunBehavior runBehavior, Boolean returnStream, String method, TaskCompletionSource`1 completion, Int32 timeout, Task& task, Boolean asyncWrite)
   at System.Data.SqlClient.SqlCommand.RunExecuteReader(CommandBehavior cmdBehavior, RunBehavior runBehavior, Boolean returnStream, String method)
   at System.Data.SqlClient.SqlCommand.ExecuteReader(CommandBehavior behavior, String method)
   at System.Data.SqlClient.SqlCommand.ExecuteDbDataReader(CommandBehavior behavior)
   at System.Data.Common.DbCommand.System.Data.IDbCommand.ExecuteReader(CommandBehavior behavior)
   at System.Data.Common.DbDataAdapter.FillInternal(DataSet dataset, DataTable[] datatables, Int32 startRecord, Int32 maxRecords, String srcTable, IDbCommand command, CommandBehavior behavior)
   at System.Data.Common.DbDataAdapter.Fill(DataSet dataSet, Int32 startRecord, Int32 maxRecords, String srcTable, IDbCommand command, CommandBehavior behavior)
   at System.Data.Common.DbDataAdapter.Fill(DataSet dataSet)
   at DatabaseManager.Data.BaseDataAccessor.ExecuteDataSet(String sproc, SqlParameter[] parameters)
   at DatabaseManager.Data.DBAccessManager.RetrieveEmpMonthlyAttendance(Int32 EmpId, String MonthYear)
   at SchoolNet.ViewAttendance.LoadEmpMonthlyAttendance(Int32 EmpId, String MonthYear) in c:\Kesavan\Projects\ARK HRMS\HRMSNet_V2\Common\ViewAttendance.aspx.cs:line 67
ClientConnectionId:bee3b996-6c96-4ed9-b1f2-6229724c1056
Error Number:207,State:1,Class:16
==========================================

Log written at : 1/25/2016 3:26:39 PM
Error occured on page : http://localhost:1463/HRMSNet_V2/login.aspx?ReturnUrl=/HRMSNet_V2/Logout.aspx

Here is the actual error :
System.Threading.ThreadAbortException: Thread was being aborted.
   at System.Threading.Thread.AbortInternal()
   at System.Threading.Thread.Abort(Object stateInfo)
   at System.Web.HttpResponse.AbortCurrentThread()
   at System.Web.HttpResponse.End()
   at System.Web.HttpResponse.Redirect(String url, Boolean endResponse, Boolean permanent)
   at System.Web.HttpResponse.Redirect(String url)
   at SchoolNet.Login.MemberLogin(Object sender, EventArgs e) in c:\Kesavan\Projects\ARK HRMS\HRMSNet_V2\Login.aspx.cs:line 268
==========================================

Log written at : 1/25/2016 3:26:49 PM
Error occured on page : http://localhost:1463/HRMSNet_V2/login.aspx

Here is the actual error :
System.Threading.ThreadAbortException: Thread was being aborted.
   at System.Threading.Thread.AbortInternal()
   at System.Threading.Thread.Abort(Object stateInfo)
   at System.Web.HttpResponse.AbortCurrentThread()
   at System.Web.HttpResponse.End()
   at System.Web.HttpResponse.Redirect(String url, Boolean endResponse, Boolean permanent)
   at System.Web.HttpResponse.Redirect(String url)
   at SchoolNet.Login.MemberLogin(Object sender, EventArgs e) in c:\Kesavan\Projects\ARK HRMS\HRMSNet_V2\Login.aspx.cs:line 268
==========================================

Log written at : 1/25/2016 4:12:07 PM
Error occured on page : http://localhost:1463/HRMSNet_V2/admin/ManageEmployee.aspx

Here is the actual error :
System.Data.SqlClient.SqlException (0x80131904): The statement terminated. The maximum recursion 100 has been exhausted before statement completion.
   at System.Data.SqlClient.SqlConnection.OnError(SqlException exception, Boolean breakConnection, Action`1 wrapCloseInAction)
   at System.Data.SqlClient.SqlInternalConnection.OnError(SqlException exception, Boolean breakConnection, Action`1 wrapCloseInAction)
   at System.Data.SqlClient.TdsParser.ThrowExceptionAndWarning(TdsParserStateObject stateObj, Boolean callerHasConnectionLock, Boolean asyncClose)
   at System.Data.SqlClient.TdsParser.TryRun(RunBehavior runBehavior, SqlCommand cmdHandler, SqlDataReader dataStream, BulkCopySimpleResultSet bulkCopyHandler, TdsParserStateObject stateObj, Boolean& dataReady)
   at System.Data.SqlClient.SqlDataReader.TryHasMoreRows(Boolean& moreRows)
   at System.Data.SqlClient.SqlDataReader.TryReadInternal(Boolean setTimeout, Boolean& more)
   at System.Data.SqlClient.SqlDataReader.Read()
   at System.Data.Common.DataAdapter.FillLoadDataRow(SchemaMapping mapping)
   at System.Data.Common.DataAdapter.FillFromReader(DataSet dataset, DataTable datatable, String srcTable, DataReaderContainer dataReader, Int32 startRecord, Int32 maxRecords, DataColumn parentChapterColumn, Object parentChapterValue)
   at System.Data.Common.DataAdapter.Fill(DataSet dataSet, String srcTable, IDataReader dataReader, Int32 startRecord, Int32 maxRecords)
   at System.Data.Common.DbDataAdapter.FillInternal(DataSet dataset, DataTable[] datatables, Int32 startRecord, Int32 maxRecords, String srcTable, IDbCommand command, CommandBehavior behavior)
   at System.Data.Common.DbDataAdapter.Fill(DataSet dataSet, Int32 startRecord, Int32 maxRecords, String srcTable, IDbCommand command, CommandBehavior behavior)
   at System.Data.Common.DbDataAdapter.Fill(DataSet dataSet)
   at DatabaseManager.Data.BaseDataAccessor.ExecuteDataSet(String sproc, SqlParameter[] parameters)
   at DatabaseManager.Data.DBAccessManager.RetrieveMyOrgRootMember(Int32 EmpId)
   at SchoolNet.ManageEmployee.LoadRootLevelMembers() in c:\Kesavan\Projects\ARK HRMS\HRMSNet_V2\Admin\ManageEmployee.aspx.cs:line 592
ClientConnectionId:36ae34bf-7a1b-4e97-a3a1-f74b8109a7fa
Error Number:530,State:1,Class:16
==========================================

Log written at : 1/25/2016 4:17:19 PM
Error occured on page : http://localhost:1463/HRMSNet_V2/admin/EmployeeDataExport.aspx

Here is the actual error :
System.Threading.ThreadAbortException: Thread was being aborted.
   at System.Threading.Thread.AbortInternal()
   at System.Threading.Thread.Abort(Object stateInfo)
   at System.Web.HttpResponse.AbortCurrentThread()
   at System.Web.HttpResponse.End()
   at SchoolNet.EmployeeDataExport.ExportToExcel(DataTable dt) in c:\Kesavan\Projects\ARK HRMS\HRMSNet_V2\Admin\EmployeeDataExport.aspx.cs:line 170
   at SchoolNet.EmployeeDataExport.GetEmployeeMainData(Int32 DivisionID, Int32 DivisionLocationID, String OfficeBranch, Int32 RequestingEmpId) in c:\Kesavan\Projects\ARK HRMS\HRMSNet_V2\Admin\EmployeeDataExport.aspx.cs:line 83
==========================================

Log written at : 1/25/2016 4:35:41 PM
Error occured on page : http://localhost:1463/HRMSNet_V2/login.aspx

Here is the actual error :
System.Threading.ThreadAbortException: Thread was being aborted.
   at System.Threading.Thread.AbortInternal()
   at System.Threading.Thread.Abort(Object stateInfo)
   at System.Web.HttpResponse.AbortCurrentThread()
   at System.Web.HttpResponse.End()
   at System.Web.HttpResponse.Redirect(String url, Boolean endResponse, Boolean permanent)
   at System.Web.HttpResponse.Redirect(String url)
   at SchoolNet.Login.MemberLogin(Object sender, EventArgs e) in c:\Kesavan\Projects\ARK HRMS\HRMSNet_V2\Login.aspx.cs:line 268
==========================================

Log written at : 1/25/2016 4:39:10 PM
Error occured on page : http://localhost:1463/HRMSNet_V2/Payroll/ProcessMonthlyPayroll.aspx

Here is the actual error :
System.Threading.ThreadAbortException: Thread was being aborted.
   at System.Threading.Thread.AbortInternal()
   at System.Threading.Thread.Abort(Object stateInfo)
   at System.Web.HttpResponse.AbortCurrentThread()
   at System.Web.HttpResponse.End()
   at SchoolNet.ProcessMonthlyPayroll.ExportToExcel(DataTable dt) in c:\Kesavan\Projects\ARK HRMS\HRMSNet_V2\Payroll\ProcessMonthlyPayroll.aspx.cs:line 175
   at SchoolNet.ProcessMonthlyPayroll.RunEmployeeMonthlyPayroll(String Pay_MonthYear, Int32 DivisionID, Int32 DivisionLocationID, Int32 RequestingEmpId) in c:\Kesavan\Projects\ARK HRMS\HRMSNet_V2\Payroll\ProcessMonthlyPayroll.aspx.cs:line 82
==========================================

Log written at : 1/25/2016 4:41:45 PM
Error occured on page : http://localhost:1463/HRMSNet_V2/Payroll/ProcessMonthlyPayroll.aspx

Here is the actual error :
System.Threading.ThreadAbortException: Thread was being aborted.
   at System.Threading.Thread.AbortInternal()
   at System.Threading.Thread.Abort(Object stateInfo)
   at System.Web.HttpResponse.AbortCurrentThread()
   at System.Web.HttpResponse.End()
   at SchoolNet.ProcessMonthlyPayroll.ExportToExcel(DataTable dt) in c:\Kesavan\Projects\ARK HRMS\HRMSNet_V2\Payroll\ProcessMonthlyPayroll.aspx.cs:line 175
   at SchoolNet.ProcessMonthlyPayroll.RunEmployeeMonthlyPayroll(String Pay_MonthYear, Int32 DivisionID, Int32 DivisionLocationID, Int32 RequestingEmpId) in c:\Kesavan\Projects\ARK HRMS\HRMSNet_V2\Payroll\ProcessMonthlyPayroll.aspx.cs:line 82
==========================================

Log written at : 1/25/2016 4:48:14 PM
Error occured on page : http://localhost:1463/HRMSNet_V2/Payroll/ProcessMonthlyPayroll.aspx

Here is the actual error :
System.Threading.ThreadAbortException: Thread was being aborted.
   at System.Threading.Thread.AbortInternal()
   at System.Threading.Thread.Abort(Object stateInfo)
   at System.Web.HttpResponse.AbortCurrentThread()
   at System.Web.HttpResponse.End()
   at SchoolNet.ProcessMonthlyPayroll.ExportToExcel(DataTable dt) in c:\Kesavan\Projects\ARK HRMS\HRMSNet_V2\Payroll\ProcessMonthlyPayroll.aspx.cs:line 175
   at SchoolNet.ProcessMonthlyPayroll.RunEmployeeMonthlyPayroll(String Pay_MonthYear, Int32 DivisionID, Int32 DivisionLocationID, Int32 RequestingEmpId) in c:\Kesavan\Projects\ARK HRMS\HRMSNet_V2\Payroll\ProcessMonthlyPayroll.aspx.cs:line 82
==========================================

Log written at : 1/25/2016 4:49:00 PM
Error occured on page : http://localhost:1463/HRMSNet_V2/Payroll/ProcessMonthlyPayroll.aspx

Here is the actual error :
System.Threading.ThreadAbortException: Thread was being aborted.
   at System.Threading.Thread.AbortInternal()
   at System.Threading.Thread.Abort(Object stateInfo)
   at System.Web.HttpResponse.AbortCurrentThread()
   at System.Web.HttpResponse.End()
   at SchoolNet.ProcessMonthlyPayroll.ExportToExcel(DataTable dt) in c:\Kesavan\Projects\ARK HRMS\HRMSNet_V2\Payroll\ProcessMonthlyPayroll.aspx.cs:line 175
   at SchoolNet.ProcessMonthlyPayroll.RunEmployeeMonthlyPayroll(String Pay_MonthYear, Int32 DivisionID, Int32 DivisionLocationID, Int32 RequestingEmpId) in c:\Kesavan\Projects\ARK HRMS\HRMSNet_V2\Payroll\ProcessMonthlyPayroll.aspx.cs:line 82
==========================================

Log written at : 1/25/2016 4:50:46 PM
Error occured on page : http://localhost:1463/HRMSNet_V2/Payroll/PreviewMonthlyPayroll.aspx

Here is the actual error :
System.Threading.ThreadAbortException: Thread was being aborted.
   at System.Threading.Thread.AbortInternal()
   at System.Threading.Thread.Abort(Object stateInfo)
   at System.Web.HttpResponse.AbortCurrentThread()
   at System.Web.HttpResponse.End()
   at SchoolNet.PreviewMonthlyPayroll.ExportToExcel(DataTable dt) in c:\Kesavan\Projects\ARK HRMS\HRMSNet_V2\Payroll\PreviewMonthlyPayroll.aspx.cs:line 168
   at SchoolNet.PreviewMonthlyPayroll.PreviewEmployeeMonthlyPayroll(String Pay_MonthYear, Int32 DivisionID, Int32 DivisionLocationID, Int32 RequestingEmpId) in c:\Kesavan\Projects\ARK HRMS\HRMSNet_V2\Payroll\PreviewMonthlyPayroll.aspx.cs:line 75
==========================================

Log written at : 1/25/2016 4:52:05 PM
Error occured on page : http://localhost:1463/HRMSNet_V2/login.aspx?ReturnUrl=/HRMSNet_V2/Payroll/ManagePayroll.aspx

Here is the actual error :
System.Threading.ThreadAbortException: Thread was being aborted.
   at System.Threading.Thread.AbortInternal()
   at System.Threading.Thread.Abort(Object stateInfo)
   at System.Web.HttpResponse.AbortCurrentThread()
   at System.Web.HttpResponse.End()
   at System.Web.HttpResponse.Redirect(String url, Boolean endResponse, Boolean permanent)
   at System.Web.HttpResponse.Redirect(String url)
   at SchoolNet.Login.RedirectBasedonRole() in c:\Kesavan\Projects\ARK HRMS\HRMSNet_V2\Login.aspx.cs:line 322
==========================================
