
Log written at : 6/30/2015 1:50:55 PM
Error occured on page : http://localhost:56141/HRMSNet_Dev/Common/ViewPaySlip.aspx

Here is the actual error :
System.Net.WebException: Could not find a part of the path 'C:\Program Files (x86)\Common Files\Microsoft Shared\DevServer\Images\Customer_Logo.jpg'. ---> System.Net.WebException: Could not find a part of the path 'C:\Program Files (x86)\Common Files\Microsoft Shared\DevServer\Images\Customer_Logo.jpg'. ---> System.IO.DirectoryNotFoundException: Could not find a part of the path 'C:\Program Files (x86)\Common Files\Microsoft Shared\DevServer\Images\Customer_Logo.jpg'.
   at System.IO.__Error.WinIOError(Int32 errorCode, String maybeFullPath)
   at System.IO.FileStream.Init(String path, FileMode mode, FileAccess access, Int32 rights, Boolean useRights, FileShare share, Int32 bufferSize, FileOptions options, SECURITY_ATTRIBUTES secAttrs, String msgPath, Boolean bFromProxy, Boolean useLongPath, Boolean checkHost)
   at System.IO.FileStream..ctor(String path, FileMode mode, FileAccess access, FileShare share, Int32 bufferSize, FileOptions options, String msgPath, Boolean bFromProxy)
   at System.IO.FileStream..ctor(String path, FileMode mode, FileAccess access, FileShare share, Int32 bufferSize, Boolean useAsync)
   at System.Net.FileWebStream..ctor(FileWebRequest request, String path, FileMode mode, FileAccess access, FileShare sharing, Int32 length, Boolean async)
   at System.Net.FileWebResponse..ctor(FileWebRequest request, Uri uri, FileAccess access, Boolean asyncHint)
   --- End of inner exception stack trace ---
   at System.Net.FileWebResponse..ctor(FileWebRequest request, Uri uri, FileAccess access, Boolean asyncHint)
   at System.Net.FileWebRequest.GetResponseCallback(Object state)
   --- End of inner exception stack trace ---
   at System.Net.FileWebRequest.EndGetResponse(IAsyncResult asyncResult)
   at System.Net.FileWebRequest.GetResponse()
   at iTextSharp.text.Image.GetInstance(Uri url, Boolean handleIncorrectImage)
   at iTextSharp.text.html.simpleparser.ElementFactory.CreateImage(String src, IDictionary`2 attrs, ChainedProperties chain, IDocListener document, IImageProvider img_provider, Dictionary`2 img_store, String img_baseurl)
   at iTextSharp.text.html.simpleparser.HTMLWorker.CreateImage(IDictionary`2 attrs)
   at iTextSharp.text.html.simpleparser.HTMLTagProcessors.HTMLTagProcessor_IMG.StartElement(HTMLWorker worker, String tag, IDictionary`2 attrs)
   at iTextSharp.text.html.simpleparser.HTMLWorker.StartElement(String tag, IDictionary`2 attrs)
   at iTextSharp.text.xml.simpleparser.SimpleXMLParser.Go(TextReader reader)
   at iTextSharp.text.html.simpleparser.HTMLWorker.Parse(TextReader reader)
   at SchoolNet.ViewPaySlip.SavePDF_Click(Object sender, EventArgs e) in c:\Kesavan\Projects\ARK HRMS\HRMSNet_Dev\Common\ViewPaySlip.aspx.cs:line 95
==========================================

Log written at : 6/30/2015 1:54:35 PM
Error occured on page : http://localhost:56141/HRMSNet_Dev/Common/ViewPaySlip.aspx

Here is the actual error :
System.IO.IOException: http://localhost:56141/HRMSNet_Dev/images/Customer_Logo.jpg is not a recognized imageformat.
   at iTextSharp.text.Image.GetInstance(Uri url, Boolean handleIncorrectImage)
   at iTextSharp.text.html.simpleparser.ElementFactory.CreateImage(String src, IDictionary`2 attrs, ChainedProperties chain, IDocListener document, IImageProvider img_provider, Dictionary`2 img_store, String img_baseurl)
   at iTextSharp.text.html.simpleparser.HTMLWorker.CreateImage(IDictionary`2 attrs)
   at iTextSharp.text.html.simpleparser.HTMLTagProcessors.HTMLTagProcessor_IMG.StartElement(HTMLWorker worker, String tag, IDictionary`2 attrs)
   at iTextSharp.text.html.simpleparser.HTMLWorker.StartElement(String tag, IDictionary`2 attrs)
   at iTextSharp.text.xml.simpleparser.SimpleXMLParser.Go(TextReader reader)
   at iTextSharp.text.html.simpleparser.HTMLWorker.Parse(TextReader reader)
   at SchoolNet.ViewPaySlip.SavePDF_Click(Object sender, EventArgs e) in c:\Kesavan\Projects\ARK HRMS\HRMSNet_Dev\Common\ViewPaySlip.aspx.cs:line 95
==========================================

Log written at : 6/30/2015 2:43:39 PM
Error occured on page : http://localhost:56141/HRMSNet_Dev/login.aspx?ReturnUrl=/HRMSNet_Dev/Common/ViewPaySlip.aspx

Here is the actual error :
System.Threading.ThreadAbortException: Thread was being aborted.
   at System.Threading.Thread.AbortInternal()
   at System.Threading.Thread.Abort(Object stateInfo)
   at System.Web.HttpResponse.AbortCurrentThread()
   at System.Web.HttpResponse.End()
   at System.Web.HttpResponse.Redirect(String url, Boolean endResponse, Boolean permanent)
   at System.Web.HttpResponse.Redirect(String url)
   at SchoolNet.Login.MemberLogin(Object sender, EventArgs e) in c:\Kesavan\Projects\ARK HRMS\HRMSNet_Dev\Login.aspx.cs:line 268
==========================================

Log written at : 6/30/2015 2:46:01 PM
Error occured on page : http://localhost:56141/HRMSNet_Dev/Common/ViewPaySlip.aspx

Here is the actual error :
System.IO.IOException: http://localhost:56141/HRMSNet_Dev/Images/Customer_Logo.jpg is not a recognized imageformat.
   at iTextSharp.text.Image.GetInstance(Uri url, Boolean handleIncorrectImage)
   at iTextSharp.text.html.simpleparser.ElementFactory.CreateImage(String src, IDictionary`2 attrs, ChainedProperties chain, IDocListener document, IImageProvider img_provider, Dictionary`2 img_store, String img_baseurl)
   at iTextSharp.text.html.simpleparser.HTMLWorker.CreateImage(IDictionary`2 attrs)
   at iTextSharp.text.html.simpleparser.HTMLTagProcessors.HTMLTagProcessor_IMG.StartElement(HTMLWorker worker, String tag, IDictionary`2 attrs)
   at iTextSharp.text.html.simpleparser.HTMLWorker.StartElement(String tag, IDictionary`2 attrs)
   at iTextSharp.text.xml.simpleparser.SimpleXMLParser.Go(TextReader reader)
   at iTextSharp.text.html.simpleparser.HTMLWorker.Parse(TextReader reader)
   at SchoolNet.ViewPaySlip.SavePDF_Click(Object sender, EventArgs e) in c:\Kesavan\Projects\ARK HRMS\HRMSNet_Dev\Common\ViewPaySlip.aspx.cs:line 95
==========================================

Log written at : 6/30/2015 2:57:39 PM
Error occured on page : http://localhost:56141/HRMSNet_Dev/login.aspx?ReturnUrl=/HRMSNet_Dev/admin/dashboard.aspx

Here is the actual error :
System.Threading.ThreadAbortException: Thread was being aborted.
   at System.Threading.Thread.AbortInternal()
   at System.Threading.Thread.Abort(Object stateInfo)
   at System.Web.HttpResponse.AbortCurrentThread()
   at System.Web.HttpResponse.End()
   at System.Web.HttpResponse.Redirect(String url, Boolean endResponse, Boolean permanent)
   at System.Web.HttpResponse.Redirect(String url)
   at SchoolNet.Login.RedirectBasedonRole() in c:\Kesavan\Projects\ARK HRMS\HRMSNet_Dev\Login.aspx.cs:line 322
==========================================

Log written at : 6/30/2015 2:57:52 PM
Error occured on page : http://localhost:56141/HRMSNet_Dev/Common/ViewPaySlip.aspx

Here is the actual error :
System.IO.IOException: http://localhost:56141/HRMSNet_Dev/Images/Customer_Logo.jpg is not a recognized imageformat.
   at iTextSharp.text.Image.GetInstance(Uri url, Boolean handleIncorrectImage)
   at iTextSharp.text.html.simpleparser.ElementFactory.CreateImage(String src, IDictionary`2 attrs, ChainedProperties chain, IDocListener document, IImageProvider img_provider, Dictionary`2 img_store, String img_baseurl)
   at iTextSharp.text.html.simpleparser.HTMLWorker.CreateImage(IDictionary`2 attrs)
   at iTextSharp.text.html.simpleparser.HTMLTagProcessors.HTMLTagProcessor_IMG.StartElement(HTMLWorker worker, String tag, IDictionary`2 attrs)
   at iTextSharp.text.html.simpleparser.HTMLWorker.StartElement(String tag, IDictionary`2 attrs)
   at iTextSharp.text.xml.simpleparser.SimpleXMLParser.Go(TextReader reader)
   at iTextSharp.text.html.simpleparser.HTMLWorker.Parse(TextReader reader)
   at SchoolNet.ViewPaySlip.SavePDF_Click(Object sender, EventArgs e) in c:\Kesavan\Projects\ARK HRMS\HRMSNet_Dev\Common\ViewPaySlip.aspx.cs:line 95
==========================================

Log written at : 6/30/2015 3:09:04 PM
Error occured on page : http://localhost:56141/HRMSNet_Dev/Common/ViewPaySlip.aspx

Here is the actual error :
System.Threading.ThreadAbortException: Thread was being aborted.
   at System.Threading.Thread.AbortInternal()
   at System.Threading.Thread.Abort(Object stateInfo)
   at System.Web.HttpResponse.AbortCurrentThread()
   at System.Web.HttpResponse.End()
   at SchoolNet.ViewPaySlip.SavePDF_Click(Object sender, EventArgs e) in c:\Kesavan\Projects\ARK HRMS\HRMSNet_Dev\Common\ViewPaySlip.aspx.cs:line 98
==========================================

Log written at : 6/30/2015 3:26:24 PM
Error occured on page : http://localhost:56141/HRMSNet_Dev/Common/ViewPaySlip.aspx

Here is the actual error :
System.Threading.ThreadAbortException: Thread was being aborted.
   at System.Threading.Thread.AbortInternal()
   at System.Threading.Thread.Abort(Object stateInfo)
   at System.Web.HttpResponse.AbortCurrentThread()
   at System.Web.HttpResponse.End()
   at SchoolNet.ViewPaySlip.SavePDF_Click(Object sender, EventArgs e) in c:\Kesavan\Projects\ARK HRMS\HRMSNet_Dev\Common\ViewPaySlip.aspx.cs:line 98
==========================================

Log written at : 6/30/2015 3:27:24 PM
Error occured on page : http://localhost:56141/HRMSNet_Dev/Common/ViewPaySlip.aspx

Here is the actual error :
System.Threading.ThreadAbortException: Thread was being aborted.
   at System.Threading.Thread.AbortInternal()
   at System.Threading.Thread.Abort(Object stateInfo)
   at System.Web.HttpResponse.AbortCurrentThread()
   at System.Web.HttpResponse.End()
   at SchoolNet.ViewPaySlip.SavePDF_Click(Object sender, EventArgs e) in c:\Kesavan\Projects\ARK HRMS\HRMSNet_Dev\Common\ViewPaySlip.aspx.cs:line 98
==========================================

Log written at : 6/30/2015 5:26:58 PM
Error occured on page : http://localhost:56141/HRMSNet_Dev/login.aspx?ReturnUrl=/HRMSNet_Dev/Common/ViewPaySlip.aspx

Here is the actual error :
System.Threading.ThreadAbortException: Thread was being aborted.
   at System.Threading.Thread.AbortInternal()
   at System.Threading.Thread.Abort(Object stateInfo)
   at System.Web.HttpResponse.AbortCurrentThread()
   at System.Web.HttpResponse.End()
   at System.Web.HttpResponse.Redirect(String url, Boolean endResponse, Boolean permanent)
   at System.Web.HttpResponse.Redirect(String url)
   at SchoolNet.Login.MemberLogin(Object sender, EventArgs e) in c:\Kesavan\Projects\ARK HRMS\HRMSNet_Dev\Login.aspx.cs:line 268
==========================================

Log written at : 6/30/2015 5:27:10 PM
Error occured on page : http://localhost:56141/HRMSNet_Dev/Common/ViewPaySlip.aspx

Here is the actual error :
System.Threading.ThreadAbortException: Thread was being aborted.
   at System.Threading.Thread.AbortInternal()
   at System.Threading.Thread.Abort(Object stateInfo)
   at System.Web.HttpResponse.AbortCurrentThread()
   at System.Web.HttpResponse.End()
   at SchoolNet.ViewPaySlip.SavePDF_Click(Object sender, EventArgs e) in c:\Kesavan\Projects\ARK HRMS\HRMSNet_Dev\Common\ViewPaySlip.aspx.cs:line 98
==========================================
